<?xml version="1.0" encoding="UTF-8"?>
<robot generator="Robot 7.1.1 (Python 3.11.5 on win32)" generated="2024-12-08T20:15:57.534271" rpa="false" schemaversion="5">
<suite id="s1" name="TC01" source="C:\Users\zziar\Desktop\TESTE TORO\Testes\Login\TC01.robot">
<test id="s1-t1" name="TC01.7 - Teste de Cadastro com credenciais válidas (Abra sua Conta)" line="7">
<for flavor="IN">
<iter>
<kw name="Log To Console" owner="BuiltIn">
<arg>\nExecutando teste no navegador: ${Browser}</arg>
<doc>Logs the given message to the console.</doc>
<status status="PASS" start="2024-12-08T20:15:58.155521" elapsed="0.001821"/>
</kw>
<kw name="Dado que acesse o Site no navegador:" owner="Login_Steps">
<kw name="Open Browser" owner="SeleniumLibrary">
<msg time="2024-12-08T20:15:58.157342" level="INFO">Opening browser 'chrome' to base url 'https://www.toroinvestimentos.com.br/'.</msg>
<arg>${URL}</arg>
<arg>${Browser}</arg>
<doc>Opens a new browser instance to the optional ``url``.</doc>
<status status="PASS" start="2024-12-08T20:15:58.157342" elapsed="5.291504"/>
</kw>
<kw name="Wait Until Element Is Visible" owner="SeleniumLibrary">
<arg>xpath=${Home.ButtonAbraSuaConta}</arg>
<arg>10</arg>
<doc>Waits until the element ``locator`` is visible.</doc>
<status status="PASS" start="2024-12-08T20:16:03.448846" elapsed="0.054954"/>
</kw>
<arg>${Browser}</arg>
<status status="PASS" start="2024-12-08T20:15:58.157342" elapsed="5.346458"/>
</kw>
<kw name="Quando entro no Cadastro" owner="Login_Steps">
<kw name="Wait Until Element Is Visible" owner="SeleniumLibrary">
<arg>xpath=${Home.ButtonAbraSuaConta}</arg>
<arg>10</arg>
<doc>Waits until the element ``locator`` is visible.</doc>
<status status="PASS" start="2024-12-08T20:16:03.505868" elapsed="0.032385"/>
</kw>
<kw name="Click Element" owner="SeleniumLibrary">
<msg time="2024-12-08T20:16:03.538253" level="INFO">Clicking element 'xpath=//*[@id="__next"]/div[2]/div/div[2]/a[2]'.</msg>
<arg>xpath=${Home.ButtonAbraSuaConta}</arg>
<doc>Click the element identified by ``locator``.</doc>
<status status="PASS" start="2024-12-08T20:16:03.538253" elapsed="0.229324"/>
</kw>
<kw name="Switch Window" owner="SeleniumLibrary">
<arg>title=${TituloCadastro}</arg>
<doc>Switches to browser window matching ``locator``.</doc>
<status status="PASS" start="2024-12-08T20:16:03.767577" elapsed="2.569634"/>
</kw>
<kw name="Wait Until Element Is Visible" owner="SeleniumLibrary">
<arg>xpath=${Registro.Input_name}</arg>
<arg>10</arg>
<doc>Waits until the element ``locator`` is visible.</doc>
<status status="PASS" start="2024-12-08T20:16:06.345262" elapsed="0.025136"/>
</kw>
<status status="PASS" start="2024-12-08T20:16:03.503800" elapsed="2.866598"/>
</kw>
<kw name="Quando preencho o patrimonio" owner="Login_Steps">
<kw name="Click Element" owner="SeleniumLibrary">
<msg time="2024-12-08T20:16:06.370398" level="INFO">Clicking element 'xpath=//*[@id="intentInvest"]'.</msg>
<arg>xpath=${Registro.Selection_patrimonio}</arg>
<doc>Click the element identified by ``locator``.</doc>
<status status="PASS" start="2024-12-08T20:16:06.370398" elapsed="0.124858"/>
</kw>
<kw name="Wait Until Element Is Visible" owner="SeleniumLibrary">
<arg>xpath=${Registro.Selection_patrimonio}</arg>
<arg>10</arg>
<doc>Waits until the element ``locator`` is visible.</doc>
<status status="PASS" start="2024-12-08T20:16:06.500333" elapsed="0.039426"/>
</kw>
<kw name="Click Element" owner="SeleniumLibrary">
<msg time="2024-12-08T20:16:06.541964" level="INFO">Clicking element 'xpath=//*[contains(text(), " Até R$ 5 mil ")]'.</msg>
<arg>xpath=${Registro.Opc_SelecionaValor}</arg>
<doc>Click the element identified by ``locator``.</doc>
<status status="PASS" start="2024-12-08T20:16:06.539759" elapsed="0.151480"/>
</kw>
<status status="PASS" start="2024-12-08T20:16:06.370398" elapsed="0.320841"/>
</kw>
<kw name="Quando preencho o telefone" owner="Login_Steps">
<kw name="Wait Until Element Is Visible" owner="SeleniumLibrary">
<arg>xpath=${Registro.Input_phone}</arg>
<arg>10</arg>
<doc>Waits until the element ``locator`` is visible.</doc>
<status status="PASS" start="2024-12-08T20:16:06.691239" elapsed="0.079884"/>
</kw>
<kw name="Gerador Telefonico" owner="TelefoneGerator">
<msg time="2024-12-08T20:16:06.771439" level="INFO">${TelefoneFake} = 77998120448</msg>
<var>${TelefoneFake}</var>
<status status="PASS" start="2024-12-08T20:16:06.771439" elapsed="0.000000"/>
</kw>
<kw name="Input Text" owner="SeleniumLibrary">
<msg time="2024-12-08T20:16:06.774627" level="INFO">Typing text '77998120448' into text field 'xpath=//*[@id="phoneNumber"]'.</msg>
<arg>xpath=${Registro.Input_phone}</arg>
<arg>${TelefoneFake}</arg>
<doc>Types the given ``text`` into the text field identified by ``locator``.</doc>
<status status="PASS" start="2024-12-08T20:16:06.771439" elapsed="0.319823"/>
</kw>
<status status="PASS" start="2024-12-08T20:16:06.691239" elapsed="0.400023"/>
</kw>
<kw name="Quando preencho o cadastro" owner="Login_Steps">
<kw name="Wait Until Element Is Visible" owner="SeleniumLibrary">
<arg>xpath=${Registro.Input_name}</arg>
<arg>10</arg>
<doc>Waits until the element ``locator`` is visible.</doc>
<status status="PASS" start="2024-12-08T20:16:07.093280" elapsed="0.029819"/>
</kw>
<kw name="Input Text" owner="SeleniumLibrary">
<msg time="2024-12-08T20:16:07.123099" level="INFO">Typing text 'Nome Para Teste' into text field 'xpath=//*[@id="name"]'.</msg>
<arg>xpath=${Registro.Input_name}</arg>
<arg>${NomeFake}</arg>
<doc>Types the given ``text`` into the text field identified by ``locator``.</doc>
<status status="PASS" start="2024-12-08T20:16:07.123099" elapsed="0.281118"/>
</kw>
<kw name="Wait Until Element Is Visible" owner="SeleniumLibrary">
<arg>xpath=${Registro.Input_CPF}</arg>
<arg>10</arg>
<doc>Waits until the element ``locator`` is visible.</doc>
<status status="PASS" start="2024-12-08T20:16:07.404217" elapsed="0.033580"/>
</kw>
<kw name="Generate Cpf" owner="CPFGenerator">
<msg time="2024-12-08T20:16:07.437797" level="INFO">${CPFFake} = 340.944.695-83</msg>
<var>${CPFFake}</var>
<status status="PASS" start="2024-12-08T20:16:07.437797" elapsed="0.000000"/>
</kw>
<kw name="Input Text" owner="SeleniumLibrary">
<msg time="2024-12-08T20:16:07.437797" level="INFO">Typing text '340.944.695-83' into text field 'xpath=//*[@id="cpfcnpj"]'.</msg>
<arg>xpath=${Registro.Input_CPF}</arg>
<arg>${CPFFake}</arg>
<doc>Types the given ``text`` into the text field identified by ``locator``.</doc>
<status status="PASS" start="2024-12-08T20:16:07.437797" elapsed="0.368301"/>
</kw>
<kw name="Wait Until Element Is Visible" owner="SeleniumLibrary">
<arg>xpath=${Registro.Input_Email}</arg>
<arg>10</arg>
<doc>Waits until the element ``locator`` is visible.</doc>
<status status="PASS" start="2024-12-08T20:16:07.806098" elapsed="0.032802"/>
</kw>
<kw name="Email" owner="FakerLibrary">
<msg time="2024-12-08T20:16:07.838900" level="INFO">${EmailFake} = alicia53@example.com</msg>
<var>${EmailFake}</var>
<status status="PASS" start="2024-12-08T20:16:07.838900" elapsed="0.000000"/>
</kw>
<kw name="Input Text" owner="SeleniumLibrary">
<msg time="2024-12-08T20:16:07.838900" level="INFO">Typing text 'alicia53@example.com' into text field 'xpath=//*[@id="email"]'.</msg>
<arg>xpath=${Registro.Input_Email}</arg>
<arg>${EmailFake}</arg>
<doc>Types the given ``text`` into the text field identified by ``locator``.</doc>
<status status="PASS" start="2024-12-08T20:16:07.838900" elapsed="0.341357"/>
</kw>
<kw name="Wait Until Element Is Visible" owner="SeleniumLibrary">
<arg>xpath=${Registro.Input_Senha}</arg>
<arg>10</arg>
<doc>Waits until the element ``locator`` is visible.</doc>
<status status="PASS" start="2024-12-08T20:16:08.180257" elapsed="0.024977"/>
</kw>
<kw name="Input Text" owner="SeleniumLibrary">
<msg time="2024-12-08T20:16:08.205234" level="INFO">Typing text 'Senha123!' into text field 'xpath=//*[@id="password"]'.</msg>
<arg>xpath=${Registro.Input_Senha}</arg>
<arg>${SenhaFake}</arg>
<doc>Types the given ``text`` into the text field identified by ``locator``.</doc>
<status status="PASS" start="2024-12-08T20:16:08.205234" elapsed="0.364135"/>
</kw>
<kw name="Wait Until Element Is Visible" owner="SeleniumLibrary">
<arg>xpath=${Registro.Input_RepitaSenha}</arg>
<arg>10</arg>
<doc>Waits until the element ``locator`` is visible.</doc>
<status status="PASS" start="2024-12-08T20:16:08.570424" elapsed="0.030324"/>
</kw>
<kw name="Input Text" owner="SeleniumLibrary">
<msg time="2024-12-08T20:16:08.603911" level="INFO">Typing text 'Senha123!' into text field 'xpath=//*[@id="rePassword"]'.</msg>
<arg>xpath=${Registro.Input_RepitaSenha}</arg>
<arg>${SenhaFake}</arg>
<doc>Types the given ``text`` into the text field identified by ``locator``.</doc>
<status status="PASS" start="2024-12-08T20:16:08.600748" elapsed="0.304557"/>
</kw>
<status status="PASS" start="2024-12-08T20:16:07.091262" elapsed="1.814043"/>
</kw>
<kw name="Quando Clico em continua (Abra sua Conta)" owner="Login_Steps">
<kw name="Wait Until Element Is Visible" owner="SeleniumLibrary">
<arg>xpath=${Registro.Button_Continua}</arg>
<arg>10</arg>
<doc>Waits until the element ``locator`` is visible.</doc>
<status status="PASS" start="2024-12-08T20:16:08.905305" elapsed="0.034528"/>
</kw>
<kw name="Click Element" owner="SeleniumLibrary">
<msg time="2024-12-08T20:16:08.939833" level="INFO">Clicking element 'xpath=//*[@id="step-1"]/div/div[2]/div[2]/div[8]/div/button'.</msg>
<arg>xpath=${Registro.Button_Continua}</arg>
<doc>Click the element identified by ``locator``.</doc>
<status status="PASS" start="2024-12-08T20:16:08.939833" elapsed="0.224618"/>
</kw>
<status status="PASS" start="2024-12-08T20:16:08.905305" elapsed="0.259146"/>
</kw>
<kw name="E verifico se ha notificações pop up" owner="Login_Steps">
<kw name="Run Keyword And Ignore Error" owner="BuiltIn">
<kw name="Handle Alert" owner="SeleniumLibrary">
<msg time="2024-12-08T20:16:09.166725" level="INFO">HANDLE::&lt;class 'NoneType'&gt;::None</msg>
<msg time="2024-12-08T20:16:14.536263" level="INFO" html="true">&lt;/td&gt;&lt;/tr&gt;&lt;tr&gt;&lt;td colspan="3"&gt;&lt;a href="selenium-screenshot-1.png"&gt;&lt;img src="selenium-screenshot-1.png" width="800px"&gt;&lt;/a&gt;</msg>
<msg time="2024-12-08T20:16:14.537292" level="FAIL">Alert not found in 5 seconds.</msg>
<arg>DISMISS</arg>
<doc>Handles the current alert and returns its message.</doc>
<status status="FAIL" start="2024-12-08T20:16:09.166725" elapsed="5.376919">Alert not found in 5 seconds.</status>
</kw>
<arg>Handle Alert</arg>
<arg>DISMISS</arg>
<doc>Runs the given keyword with the given arguments and ignores possible error.</doc>
<status status="PASS" start="2024-12-08T20:16:09.165985" elapsed="5.377659"/>
</kw>
<status status="PASS" start="2024-12-08T20:16:09.164451" elapsed="5.379193"/>
</kw>
<kw name="Quando preencho os dados pessoais de nascimento" owner="Login_Steps">
<kw name="Wait Until Element Is Visible" owner="SeleniumLibrary">
<arg>xpath=${DadosPessoais.Input_DataNasc}</arg>
<arg>10</arg>
<doc>Waits until the element ``locator`` is visible.</doc>
<status status="PASS" start="2024-12-08T20:16:14.543644" elapsed="0.060852"/>
</kw>
<kw name="Input Text" owner="SeleniumLibrary">
<msg time="2024-12-08T20:16:14.606515" level="INFO">Typing text '22/11/2002' into text field 'xpath=//*[@id="birthDate"]'.</msg>
<arg>xpath=${DadosPessoais.Input_DataNasc}</arg>
<arg>${DataNasc}</arg>
<doc>Types the given ``text`` into the text field identified by ``locator``.</doc>
<status status="PASS" start="2024-12-08T20:16:14.604496" elapsed="0.317438"/>
</kw>
<arg>${DataNasc}</arg>
<status status="PASS" start="2024-12-08T20:16:14.543644" elapsed="0.378290"/>
</kw>
<kw name="Quando preencho os dados pessoais restantes" owner="Login_Steps">
<kw name="Wait Until Element Is Visible" owner="SeleniumLibrary">
<arg>xpath=${DadosPessoais.Input_Mae}</arg>
<arg>40</arg>
<doc>Waits until the element ``locator`` is visible.</doc>
<status status="PASS" start="2024-12-08T20:16:14.921934" elapsed="0.041849"/>
</kw>
<kw name="Click Element" owner="SeleniumLibrary">
<msg time="2024-12-08T20:16:14.970598" level="INFO">Clicking element 'xpath=//*[@id="gender"]/div[1]/label'.</msg>
<arg>xpath=${DadosPessoais.Genero}</arg>
<doc>Click the element identified by ``locator``.</doc>
<status status="PASS" start="2024-12-08T20:16:14.963783" elapsed="0.308765"/>
</kw>
<kw name="Wait Until Element Is Visible" owner="SeleniumLibrary">
<arg>xpath=${DadosPessoais.Input_Mae}</arg>
<arg>10</arg>
<doc>Waits until the element ``locator`` is visible.</doc>
<status status="PASS" start="2024-12-08T20:16:15.272548" elapsed="0.072342"/>
</kw>
<kw name="Input Text" owner="SeleniumLibrary">
<msg time="2024-12-08T20:16:15.344890" level="INFO">Typing text 'Nome da Mae Para Teste' into text field 'xpath=//*[@id="motherName"]'.</msg>
<arg>xpath=${DadosPessoais.Input_Mae}</arg>
<arg>${NomeFakeMae}</arg>
<doc>Types the given ``text`` into the text field identified by ``locator``.</doc>
<status status="PASS" start="2024-12-08T20:16:15.344890" elapsed="0.333757"/>
</kw>
<kw name="Wait Until Element Is Visible" owner="SeleniumLibrary">
<arg>xpath=${DadosPessoais.Input_Pai}</arg>
<arg>10</arg>
<doc>Waits until the element ``locator`` is visible.</doc>
<status status="PASS" start="2024-12-08T20:16:15.678647" elapsed="0.032651"/>
</kw>
<kw name="Input Text" owner="SeleniumLibrary">
<msg time="2024-12-08T20:16:15.720391" level="INFO">Typing text 'Nome do Pai Para Teste' into text field 'xpath=//*[@id="fatherName"]'.</msg>
<arg>xpath=${DadosPessoais.Input_Pai}</arg>
<arg>${NomeFakePai}</arg>
<doc>Types the given ``text`` into the text field identified by ``locator``.</doc>
<status status="PASS" start="2024-12-08T20:16:15.711298" elapsed="0.257979"/>
</kw>
<kw name="Click Element" owner="SeleniumLibrary">
<msg time="2024-12-08T20:16:15.970408" level="INFO">Clicking element 'xpath=//*[@id="birthStateID"]'.</msg>
<arg>xpath=${DadosPessoais.Selection_Estado}</arg>
<doc>Click the element identified by ``locator``.</doc>
<status status="PASS" start="2024-12-08T20:16:15.969277" elapsed="0.189492"/>
</kw>
<kw name="Wait Until Element Is Visible" owner="SeleniumLibrary">
<arg>xpath=${DadosPessoais.Opc_SelecionarEstado}</arg>
<arg>10</arg>
<doc>Waits until the element ``locator`` is visible.</doc>
<status status="PASS" start="2024-12-08T20:16:16.158769" elapsed="0.042563"/>
</kw>
<kw name="Click Element" owner="SeleniumLibrary">
<msg time="2024-12-08T20:16:16.204014" level="INFO">Clicking element 'xpath=//*[contains(text(), "Bahia")]'.</msg>
<arg>xpath=${DadosPessoais.Opc_SelecionarEstado}</arg>
<doc>Click the element identified by ``locator``.</doc>
<status status="PASS" start="2024-12-08T20:16:16.201332" elapsed="0.075366"/>
</kw>
<kw name="Input Text" owner="SeleniumLibrary">
<msg time="2024-12-08T20:16:16.276698" level="INFO">Typing text 'Bom Jesus da Lapa' into text field 'xpath=//*[@id="birthCityID"]'.</msg>
<arg>xpath=${DadosPessoais.Input_Cidade}</arg>
<arg>${CidadeFake}</arg>
<doc>Types the given ``text`` into the text field identified by ``locator``.</doc>
<status status="PASS" start="2024-12-08T20:16:16.276698" elapsed="0.243765"/>
</kw>
<kw name="Click Element" owner="SeleniumLibrary">
<msg time="2024-12-08T20:16:16.520463" level="INFO">Clicking element 'xpath=//*[@id="educationDegreeID"]'.</msg>
<arg>xpath=${DadosPessoais.Selection_Formacao}</arg>
<doc>Click the element identified by ``locator``.</doc>
<status status="PASS" start="2024-12-08T20:16:16.520463" elapsed="0.233038"/>
</kw>
<kw name="Wait Until Element Is Visible" owner="SeleniumLibrary">
<arg>xpath=${DadosPessoais.Opc_Formacao}</arg>
<arg>10</arg>
<doc>Waits until the element ``locator`` is visible.</doc>
<status status="PASS" start="2024-12-08T20:16:16.753501" elapsed="0.053428"/>
</kw>
<kw name="Click Element" owner="SeleniumLibrary">
<msg time="2024-12-08T20:16:16.806929" level="INFO">Clicking element 'xpath=//*[contains(text(), "Ensino Superior")]'.</msg>
<arg>xpath=${DadosPessoais.Opc_Formacao}</arg>
<doc>Click the element identified by ``locator``.</doc>
<status status="PASS" start="2024-12-08T20:16:16.806929" elapsed="0.084182"/>
</kw>
<kw name="Click Element" owner="SeleniumLibrary">
<msg time="2024-12-08T20:16:16.893425" level="INFO">Clicking element 'xpath=//*[@id="maritalStatusID"]'.</msg>
<arg>xpath=${DadosPessoais.Selection_EstadoCivil}</arg>
<doc>Click the element identified by ``locator``.</doc>
<status status="PASS" start="2024-12-08T20:16:16.891795" elapsed="0.209893"/>
</kw>
<kw name="Wait Until Element Is Visible" owner="SeleniumLibrary">
<arg>xpath=${DadosPessoais.Opc_EstadoCivil}</arg>
<arg>10</arg>
<doc>Waits until the element ``locator`` is visible.</doc>
<status status="PASS" start="2024-12-08T20:16:17.101688" elapsed="0.069122"/>
</kw>
<kw name="Click Element" owner="SeleniumLibrary">
<msg time="2024-12-08T20:16:17.171656" level="INFO">Clicking element 'xpath=//*[contains(text(), "Solteiro(a)")]'.</msg>
<arg>xpath=${DadosPessoais.Opc_EstadoCivil}</arg>
<doc>Click the element identified by ``locator``.</doc>
<status status="PASS" start="2024-12-08T20:16:17.171656" elapsed="0.096610"/>
</kw>
<kw name="Click Element" owner="SeleniumLibrary">
<msg time="2024-12-08T20:16:17.271374" level="INFO">Clicking element 'xpath=//*[@id="intentInvest"]'.</msg>
<arg>xpath=${Registro.Selection_patrimonio}</arg>
<doc>Click the element identified by ``locator``.</doc>
<status status="PASS" start="2024-12-08T20:16:17.270120" elapsed="0.225468"/>
</kw>
<kw name="Wait Until Element Is Visible" owner="SeleniumLibrary">
<arg>xpath=${Registro.Selection_patrimonio}</arg>
<arg>10</arg>
<doc>Waits until the element ``locator`` is visible.</doc>
<status status="PASS" start="2024-12-08T20:16:17.496173" elapsed="0.044596"/>
</kw>
<kw name="Click Element" owner="SeleniumLibrary">
<msg time="2024-12-08T20:16:17.547445" level="INFO">Clicking element 'xpath=//*[contains(text(), " Até R$ 5 mil ")]'.</msg>
<arg>xpath=${Registro.Opc_SelecionaValor}</arg>
<doc>Click the element identified by ``locator``.</doc>
<status status="PASS" start="2024-12-08T20:16:17.540769" elapsed="0.107349"/>
</kw>
<kw name="Wait Until Element Is Visible" owner="SeleniumLibrary">
<arg>xpath=${Registro.Input_phone}</arg>
<arg>10</arg>
<doc>Waits until the element ``locator`` is visible.</doc>
<status status="PASS" start="2024-12-08T20:16:17.648118" elapsed="0.050733"/>
</kw>
<kw name="Gerador Telefonico" owner="TelefoneGerator">
<msg time="2024-12-08T20:16:17.698851" level="INFO">${TelefoneFake} = 77991636132</msg>
<var>${TelefoneFake}</var>
<status status="PASS" start="2024-12-08T20:16:17.698851" elapsed="0.000000"/>
</kw>
<kw name="Input Text" owner="SeleniumLibrary">
<msg time="2024-12-08T20:16:17.700865" level="INFO">Typing text '77991636132' into text field 'xpath=//*[@id="phoneNumber"]'.</msg>
<arg>xpath=${Registro.Input_phone}</arg>
<arg>${TelefoneFake}</arg>
<doc>Types the given ``text`` into the text field identified by ``locator``.</doc>
<status status="PASS" start="2024-12-08T20:16:17.698851" elapsed="0.297715"/>
</kw>
<kw name="Wait Until Element Is Visible" owner="SeleniumLibrary">
<arg>xpath=${DadosPessoais.Button_ContinuaDP}</arg>
<arg>10</arg>
<doc>Waits until the element ``locator`` is visible.</doc>
<status status="PASS" start="2024-12-08T20:16:18.003812" elapsed="0.037210"/>
</kw>
<kw name="Click Element" owner="SeleniumLibrary">
<msg time="2024-12-08T20:16:18.041022" level="INFO">Clicking element 'xpath=//*[@id="step-2"]/div/div/div[1]/div/div[11]/div/button'.</msg>
<arg>xpath=${DadosPessoais.Button_ContinuaDP}</arg>
<doc>Click the element identified by ``locator``.</doc>
<status status="PASS" start="2024-12-08T20:16:18.041022" elapsed="0.299468"/>
</kw>
<status status="PASS" start="2024-12-08T20:16:14.921934" elapsed="3.418556"/>
</kw>
<kw name=" Quando preencho os dados da CNH" owner="Login_Steps">
<kw name="Wait Until Element Is Visible" owner="SeleniumLibrary">
<arg>xpath=${Documentos.Radio_Doc}</arg>
<arg>10</arg>
<doc>Waits until the element ``locator`` is visible.</doc>
<status status="PASS" start="2024-12-08T20:16:18.340490" elapsed="0.632736"/>
</kw>
<kw name="Click Element" owner="SeleniumLibrary">
<msg time="2024-12-08T20:16:18.975551" level="INFO">Clicking element 'xpath=//*[@id="typeID"]/div[1]/label'.</msg>
<arg>xpath=${Documentos.Opc_CNH}</arg>
<doc>Click the element identified by ``locator``.</doc>
<status status="PASS" start="2024-12-08T20:16:18.975551" elapsed="0.231572"/>
</kw>
<kw name="Wait Until Element Is Visible" owner="SeleniumLibrary">
<arg>xpath=${Documentos.Input_CNH}</arg>
<arg>10</arg>
<doc>Waits until the element ``locator`` is visible.</doc>
<status status="PASS" start="2024-12-08T20:16:19.207123" elapsed="0.040589"/>
</kw>
<kw name="Input Text" owner="SeleniumLibrary">
<msg time="2024-12-08T20:16:19.258874" level="INFO">Typing text '12345678911' into text field 'xpath=(//*[@id="identificationDocumentNumber"])[1]'.</msg>
<arg>xpath=${Documentos.Input_CNH}</arg>
<arg>${NumCNHFake}</arg>
<doc>Types the given ``text`` into the text field identified by ``locator``.</doc>
<status status="PASS" start="2024-12-08T20:16:19.247712" elapsed="0.258137"/>
</kw>
<kw name="Wait Until Element Is Visible" owner="SeleniumLibrary">
<arg>xpath=${Documentos.Input_DataValid}</arg>
<arg>10</arg>
<doc>Waits until the element ``locator`` is visible.</doc>
<status status="PASS" start="2024-12-08T20:16:19.505849" elapsed="0.033118"/>
</kw>
<kw name="Input Text" owner="SeleniumLibrary">
<msg time="2024-12-08T20:16:19.551573" level="INFO">Typing text '22/11/2030' into text field 'xpath=//*[@id="identificationDocumentExpirationDate"]'.</msg>
<arg>xpath=${Documentos.Input_DataValid}</arg>
<arg>${DataEmisFake}</arg>
<doc>Types the given ``text`` into the text field identified by ``locator``.</doc>
<status status="PASS" start="2024-12-08T20:16:19.538967" elapsed="0.272736"/>
</kw>
<kw name="Wait Until Element Is Visible" owner="SeleniumLibrary">
<arg>xpath=${Documentos.Selection_OrgEmissor}</arg>
<arg>10</arg>
<doc>Waits until the element ``locator`` is visible.</doc>
<status status="PASS" start="2024-12-08T20:16:19.811703" elapsed="0.070281"/>
</kw>
<kw name="Click Element" owner="SeleniumLibrary">
<msg time="2024-12-08T20:16:19.881984" level="INFO">Clicking element 'xpath=//*[contains(text(), "Bahia")]'.</msg>
<arg>xpath=${Documentos.Opc_SelecionarEstadoDoc}</arg>
<doc>Click the element identified by ``locator``.</doc>
<status status="PASS" start="2024-12-08T20:16:19.881984" elapsed="0.122434"/>
</kw>
<kw name="Wait Until Element Is Visible" owner="SeleniumLibrary">
<arg>xpath=${Documentos.Input_DataEmiss}</arg>
<arg>10</arg>
<doc>Waits until the element ``locator`` is visible.</doc>
<status status="PASS" start="2024-12-08T20:16:20.005922" elapsed="0.032937"/>
</kw>
<kw name="Input Text" owner="SeleniumLibrary">
<msg time="2024-12-08T20:16:20.048218" level="INFO">Typing text '22/11/2020' into text field 'xpath=(//*[@id="identificationDocumentIssuedDate"])[1]'.</msg>
<arg>xpath=${Documentos.Input_DataEmiss}</arg>
<arg>${DataVencFake}</arg>
<doc>Types the given ``text`` into the text field identified by ``locator``.</doc>
<status status="PASS" start="2024-12-08T20:16:20.048218" elapsed="0.247238"/>
</kw>
<kw name="Wait Until Element Is Visible" owner="SeleniumLibrary">
<arg>xpath=${Documentos.Input_CodigoSeguranca}</arg>
<arg>10</arg>
<doc>Waits until the element ``locator`` is visible.</doc>
<status status="PASS" start="2024-12-08T20:16:20.295456" elapsed="0.032154"/>
</kw>
<kw name="Input Text" owner="SeleniumLibrary">
<msg time="2024-12-08T20:16:20.335342" level="INFO">Typing text '12345678910' into text field 'xpath=//*[@id="identificationDocumentSecurityCode"]'.</msg>
<arg>xpath=${Documentos.Input_CodigoSeguranca}</arg>
<arg>${CodSeguFake}</arg>
<doc>Types the given ``text`` into the text field identified by ``locator``.</doc>
<status status="PASS" start="2024-12-08T20:16:20.327610" elapsed="0.256930"/>
</kw>
<kw name="Click Element" owner="SeleniumLibrary">
<msg time="2024-12-08T20:16:20.588589" level="INFO">Clicking element 'xpath=//*[@id="ofAge"]/div/div/div[2]/div/div[4]/div/button[2]'.</msg>
<arg>xpath=${Documentos.ButtonCotinuaDoc}</arg>
<doc>Click the element identified by ``locator``.</doc>
<status status="PASS" start="2024-12-08T20:16:20.584540" elapsed="0.206950"/>
</kw>
<status status="PASS" start="2024-12-08T20:16:18.340490" elapsed="2.451000"/>
</kw>
<kw name="Quando preencho os dados de endereco" owner="Login_Steps">
<kw name="Wait Until Element Is Visible" owner="SeleniumLibrary">
<arg>xpath=${Endereco.Input_Edereco}</arg>
<arg>10</arg>
<doc>Waits until the element ``locator`` is visible.</doc>
<status status="PASS" start="2024-12-08T20:16:20.791490" elapsed="0.564254"/>
</kw>
<kw name="Wait Until Element Is Visible" owner="SeleniumLibrary">
<arg>xpath=${Endereco.Input_Bairro}</arg>
<arg>10</arg>
<doc>Waits until the element ``locator`` is visible.</doc>
<status status="PASS" start="2024-12-08T20:16:21.355744" elapsed="0.033942"/>
</kw>
<kw name="Wait Until Element Is Visible" owner="SeleniumLibrary">
<arg>xpath=${Endereco.Input_Cep}</arg>
<arg>10</arg>
<doc>Waits until the element ``locator`` is visible.</doc>
<status status="PASS" start="2024-12-08T20:16:21.402128" elapsed="0.089906"/>
</kw>
<kw name="Input Text" owner="SeleniumLibrary">
<msg time="2024-12-08T20:16:21.492034" level="INFO">Typing text '47.600-000' into text field 'xpath=//*[@id="zipCode"]'.</msg>
<arg>xpath=${Endereco.Input_Cep}</arg>
<arg>${CepFake}</arg>
<doc>Types the given ``text`` into the text field identified by ``locator``.</doc>
<status status="PASS" start="2024-12-08T20:16:21.492034" elapsed="0.234081"/>
</kw>
<kw name="Sleep" owner="BuiltIn">
<msg time="2024-12-08T20:16:23.728862" level="INFO">Slept 2 seconds.</msg>
<arg>2</arg>
<doc>Pauses the test executed for the given time.</doc>
<status status="PASS" start="2024-12-08T20:16:21.728127" elapsed="2.000735"/>
</kw>
<kw name="Wait Until Element Is Visible" owner="SeleniumLibrary">
<arg>xpath=${Endereco.Input_Num}</arg>
<arg>10</arg>
<doc>Waits until the element ``locator`` is visible.</doc>
<status status="PASS" start="2024-12-08T20:16:23.728862" elapsed="0.057303"/>
</kw>
<kw name="Input Text" owner="SeleniumLibrary">
<msg time="2024-12-08T20:16:23.786165" level="INFO">Typing text '57' into text field 'xpath=//*[@id="number"]'.</msg>
<arg>xpath=${Endereco.Input_Num}</arg>
<arg>${NunFake}</arg>
<doc>Types the given ``text`` into the text field identified by ``locator``.</doc>
<status status="PASS" start="2024-12-08T20:16:23.786165" elapsed="0.193952"/>
</kw>
<kw name="Wait Until Element Is Visible" owner="SeleniumLibrary">
<arg>xpath=${Endereco.Input_Complemento}</arg>
<arg>10</arg>
<doc>Waits until the element ``locator`` is visible.</doc>
<status status="PASS" start="2024-12-08T20:16:23.980117" elapsed="0.031804"/>
</kw>
<kw name="Input Text" owner="SeleniumLibrary">
<msg time="2024-12-08T20:16:24.011921" level="INFO">Typing text 'Casa' into text field 'xpath=//*[@id="complement"]'.</msg>
<arg>xpath=${Endereco.Input_Complemento}</arg>
<arg>${CompFake}</arg>
<doc>Types the given ``text`` into the text field identified by ``locator``.</doc>
<status status="PASS" start="2024-12-08T20:16:24.011921" elapsed="0.212770"/>
</kw>
<kw name="Input Text" owner="SeleniumLibrary">
<msg time="2024-12-08T20:16:24.226704" level="INFO">Typing text 'Rua para teste' into text field 'xpath=//*[@id="streetName"]'.</msg>
<arg>xpath=${Endereco.Input_Edereco}</arg>
<arg>${EndFake}</arg>
<doc>Types the given ``text`` into the text field identified by ``locator``.</doc>
<status status="PASS" start="2024-12-08T20:16:24.224691" elapsed="0.195867"/>
</kw>
<kw name="Input Text" owner="SeleniumLibrary">
<msg time="2024-12-08T20:16:24.420558" level="INFO">Typing text 'Centro' into text field 'xpath=//*[@id="district"]'.</msg>
<arg>xpath=${Endereco.Input_Bairro}</arg>
<arg>${BairroFake}</arg>
<doc>Types the given ``text`` into the text field identified by ``locator``.</doc>
<status status="PASS" start="2024-12-08T20:16:24.420558" elapsed="0.217042"/>
</kw>
<kw name="Sleep" owner="BuiltIn">
<msg time="2024-12-08T20:16:26.638586" level="INFO">Slept 2 seconds.</msg>
<arg>2</arg>
<doc>Pauses the test executed for the given time.</doc>
<status status="PASS" start="2024-12-08T20:16:24.637600" elapsed="2.000986"/>
</kw>
<kw name="Get Value" owner="SeleniumLibrary">
<msg time="2024-12-08T20:16:26.674475" level="INFO">${endereco_value} = </msg>
<var>${endereco_value}</var>
<arg>xpath=${Endereco.Input_Edereco}</arg>
<doc>Returns the value attribute of the element identified by ``locator``.</doc>
<status status="PASS" start="2024-12-08T20:16:26.638586" elapsed="0.035889"/>
</kw>
<kw name="Run Keyword If" owner="BuiltIn">
<kw name="Input Text" owner="SeleniumLibrary">
<msg time="2024-12-08T20:16:26.674475" level="INFO">Typing text 'Rua para teste' into text field 'xpath=//*[@id="streetName"]'.</msg>
<arg>xpath=${Endereco.Input_Edereco}</arg>
<arg>${EndFake}</arg>
<doc>Types the given ``text`` into the text field identified by ``locator``.</doc>
<status status="PASS" start="2024-12-08T20:16:26.674475" elapsed="0.219635"/>
</kw>
<arg>'${endereco_value}' == ''</arg>
<arg>Input Text</arg>
<arg>xpath=${Endereco.Input_Edereco}</arg>
<arg>${EndFake}</arg>
<doc>Runs the given keyword with the given arguments, if ``condition`` is true.</doc>
<status status="PASS" start="2024-12-08T20:16:26.674475" elapsed="0.219635"/>
</kw>
<kw name="Get Value" owner="SeleniumLibrary">
<msg time="2024-12-08T20:16:26.937317" level="INFO">${bairro_value} = Centro</msg>
<var>${bairro_value}</var>
<arg>xpath=${Endereco.Input_Bairro}</arg>
<doc>Returns the value attribute of the element identified by ``locator``.</doc>
<status status="PASS" start="2024-12-08T20:16:26.894110" elapsed="0.043207"/>
</kw>
<kw name="Run Keyword If" owner="BuiltIn">
<arg>'${bairro_value}' == ''</arg>
<arg>Input Text</arg>
<arg>xpath=${Endereco.Input_Bairro}</arg>
<arg>${BairroFake}</arg>
<doc>Runs the given keyword with the given arguments, if ``condition`` is true.</doc>
<status status="PASS" start="2024-12-08T20:16:26.937317" elapsed="0.000000"/>
</kw>
<kw name="Sleep" owner="BuiltIn">
<msg time="2024-12-08T20:16:28.937851" level="INFO">Slept 2 seconds.</msg>
<arg>2</arg>
<doc>Pauses the test executed for the given time.</doc>
<status status="PASS" start="2024-12-08T20:16:26.937317" elapsed="2.000534"/>
</kw>
<kw name="Wait Until Element Is Visible" owner="SeleniumLibrary">
<arg>xpath=${Endereco.Button_ContinuaEnd}</arg>
<arg>10</arg>
<doc>Waits until the element ``locator`` is visible.</doc>
<status status="PASS" start="2024-12-08T20:16:28.937851" elapsed="0.042552"/>
</kw>
<kw name="Click Element" owner="SeleniumLibrary">
<msg time="2024-12-08T20:16:28.982411" level="INFO">Clicking element 'xpath=//*[@id="step-3"]/div/div/div[2]/div/div[9]/div/button[2]'.</msg>
<arg>xpath=${Endereco.Button_ContinuaEnd}</arg>
<doc>Click the element identified by ``locator``.</doc>
<status status="PASS" start="2024-12-08T20:16:28.980403" elapsed="0.190038"/>
</kw>
<status status="PASS" start="2024-12-08T20:16:20.791490" elapsed="8.378951"/>
</kw>
<kw name="Quando preencho os dados patrimoniais" owner="Login_Steps">
<kw name="Wait Until Element Is Visible" owner="SeleniumLibrary">
<arg>xpath=${DadosPatrimonio.Selection_Profissao}</arg>
<arg>10</arg>
<doc>Waits until the element ``locator`` is visible.</doc>
<status status="PASS" start="2024-12-08T20:16:29.172450" elapsed="0.779612"/>
</kw>
<kw name="Click Element" owner="SeleniumLibrary">
<msg time="2024-12-08T20:16:29.954030" level="INFO">Clicking element 'xpath=//*[@id="jobTypeID"]'.</msg>
<arg>xpath=${DadosPatrimonio.Selection_Profissao}</arg>
<doc>Click the element identified by ``locator``.</doc>
<status status="PASS" start="2024-12-08T20:16:29.954030" elapsed="0.208105"/>
</kw>
<kw name="Click Element" owner="SeleniumLibrary">
<msg time="2024-12-08T20:16:30.164009" level="INFO">Clicking element 'xpath=//*[contains(text(), " Administrador ")]'.</msg>
<arg>xpath=${DadosPatrimonio.Opc_Profissao}</arg>
<doc>Click the element identified by ``locator``.</doc>
<status status="PASS" start="2024-12-08T20:16:30.162135" elapsed="0.127842"/>
</kw>
<kw name="Wait Until Element Is Visible" owner="SeleniumLibrary">
<arg>xpath=${DadosPatrimonio.Radio_Prof}</arg>
<arg>40</arg>
<doc>Waits until the element ``locator`` is visible.</doc>
<status status="PASS" start="2024-12-08T20:16:30.289977" elapsed="0.050599"/>
</kw>
<kw name="Click Element" owner="SeleniumLibrary">
<msg time="2024-12-08T20:16:30.340576" level="INFO">Clicking element 'xpath=//*[@id="isEmployed_1"]'.</msg>
<arg>xpath=${DadosPatrimonio.Opc_Prof}</arg>
<doc>Click the element identified by ``locator``.</doc>
<status status="PASS" start="2024-12-08T20:16:30.340576" elapsed="0.307198"/>
</kw>
<kw name="Wait Until Element Is Visible" owner="SeleniumLibrary">
<arg>xpath=${DadosPatrimonio.Selection_Renda}</arg>
<arg>10</arg>
<doc>Waits until the element ``locator`` is visible.</doc>
<status status="PASS" start="2024-12-08T20:16:30.647774" elapsed="0.069013"/>
</kw>
<kw name="Click Element" owner="SeleniumLibrary">
<msg time="2024-12-08T20:16:30.722308" level="INFO">Clicking element 'xpath=(//*[@id="extraIncome"])[2]'.</msg>
<arg>xpath=${DadosPatrimonio.Selection_Renda}</arg>
<doc>Click the element identified by ``locator``.</doc>
<status status="PASS" start="2024-12-08T20:16:30.716787" elapsed="0.241169"/>
</kw>
<kw name="Click Element" owner="SeleniumLibrary">
<msg time="2024-12-08T20:16:30.962960" level="INFO">Clicking element 'xpath=//*[contains(text(), " Até R$1,5 mil")]'.</msg>
<arg>xpath=${DadosPatrimonio.Opc_Renda}</arg>
<doc>Click the element identified by ``locator``.</doc>
<status status="PASS" start="2024-12-08T20:16:30.961443" elapsed="0.167783"/>
</kw>
<kw name="Wait Until Element Is Visible" owner="SeleniumLibrary">
<arg>xpath=${DadosPatrimonio.Input_Moveis}</arg>
<arg>10</arg>
<doc>Waits until the element ``locator`` is visible.</doc>
<status status="PASS" start="2024-12-08T20:16:31.132005" elapsed="0.064255"/>
</kw>
<kw name="Input Text" owner="SeleniumLibrary">
<msg time="2024-12-08T20:16:31.200494" level="INFO">Typing text '3000' into text field 'xpath=//*[@id="movablePropertiesValue"]'.</msg>
<arg>xpath=${DadosPatrimonio.Input_Moveis}</arg>
<arg>${ValorMoveisFake}</arg>
<doc>Types the given ``text`` into the text field identified by ``locator``.</doc>
<status status="PASS" start="2024-12-08T20:16:31.196260" elapsed="0.347608"/>
</kw>
<kw name="Wait Until Element Is Visible" owner="SeleniumLibrary">
<arg>xpath=${DadosPatrimonio.Check_Diretrizes}</arg>
<arg>10</arg>
<doc>Waits until the element ``locator`` is visible.</doc>
<status status="PASS" start="2024-12-08T20:16:31.543868" elapsed="0.045841"/>
</kw>
<kw name="Click Element" owner="SeleniumLibrary">
<msg time="2024-12-08T20:16:31.589709" level="INFO">Clicking element 'xpath=//*[@id="mat-checkbox-1"]/label/div'.</msg>
<arg>xpath=${DadosPatrimonio.Check_Diretrizes}</arg>
<doc>Click the element identified by ``locator``.</doc>
<status status="PASS" start="2024-12-08T20:16:31.589709" elapsed="0.238334"/>
</kw>
<kw name="Wait Until Element Is Visible" owner="SeleniumLibrary">
<arg>xpath=${DadosPatrimonio.Check_Docs}</arg>
<arg>10</arg>
<doc>Waits until the element ``locator`` is visible.</doc>
<status status="PASS" start="2024-12-08T20:16:31.828043" elapsed="0.027779"/>
</kw>
<kw name="Click Element" owner="SeleniumLibrary">
<msg time="2024-12-08T20:16:31.870489" level="INFO">Clicking element 'xpath=//*[@id="mat-checkbox-2"]/label/div'.</msg>
<arg>xpath=${DadosPatrimonio.Check_Docs}</arg>
<doc>Click the element identified by ``locator``.</doc>
<status status="PASS" start="2024-12-08T20:16:31.869326" elapsed="0.160429"/>
</kw>
<kw name="Wait Until Element Is Visible" owner="SeleniumLibrary">
<arg>xpath=${DadosPatrimonio.Check_Privac}</arg>
<arg>10</arg>
<doc>Waits until the element ``locator`` is visible.</doc>
<status status="PASS" start="2024-12-08T20:16:32.029755" elapsed="0.047662"/>
</kw>
<kw name="Click Element" owner="SeleniumLibrary">
<msg time="2024-12-08T20:16:32.077417" level="INFO">Clicking element 'xpath=//*[@id="mat-checkbox-3"]/label/div'.</msg>
<arg>xpath=${DadosPatrimonio.Check_Privac}</arg>
<doc>Click the element identified by ``locator``.</doc>
<status status="PASS" start="2024-12-08T20:16:32.077417" elapsed="0.202839"/>
</kw>
<kw name="Execute Javascript" owner="SeleniumLibrary">
<msg time="2024-12-08T20:16:32.280256" level="INFO">Executing JavaScript:
var div = document.evaluate('//*[@id="step-4"]/div/div/div[2]/div[5]/div/div/div[1]/div', document, null, XPathResult.FIRST_ORDERED_NODE_TYPE, null).singleNodeValue; div.scrollTop = div.scrollHeight;
Without any arguments.</msg>
<arg>var div = document.evaluate('${DadosPatrimonio.Div_Contrato}', document, null, XPathResult.FIRST_ORDERED_NODE_TYPE, null).singleNodeValue; div.scrollTop = div.scrollHeight;</arg>
<doc>Executes the given JavaScript code with possible arguments.</doc>
<status status="PASS" start="2024-12-08T20:16:32.280256" elapsed="0.027778"/>
</kw>
<kw name="Wait Until Element Is Visible" owner="SeleniumLibrary">
<arg>xpath=${DadosPatrimonio.Check_Contrato}</arg>
<arg>10</arg>
<doc>Waits until the element ``locator`` is visible.</doc>
<status status="PASS" start="2024-12-08T20:16:32.308034" elapsed="0.082103"/>
</kw>
<kw name="Click Element" owner="SeleniumLibrary">
<msg time="2024-12-08T20:16:32.390137" level="INFO">Clicking element 'xpath=//*[@id="mat-checkbox-4"]/label/div'.</msg>
<arg>xpath=${DadosPatrimonio.Check_Contrato}</arg>
<doc>Click the element identified by ``locator``.</doc>
<status status="PASS" start="2024-12-08T20:16:32.390137" elapsed="0.212260"/>
</kw>
<kw name="Double Click Element" owner="SeleniumLibrary">
<msg time="2024-12-08T20:16:32.605758" level="INFO">Double clicking element 'xpath=//*[@id="step-4"]/div/div/div[2]/div[6]/div/div/button[2]'.</msg>
<arg>xpath=${DadosPatrimonio.Button_ContinuaPatri}</arg>
<doc>Double clicks the element identified by ``locator``.</doc>
<status status="PASS" start="2024-12-08T20:16:32.604154" elapsed="0.433023"/>
</kw>
<status status="PASS" start="2024-12-08T20:16:29.170441" elapsed="3.866736"/>
</kw>
<kw name="Então fecho o navegador" owner="Login_Steps">
<kw name="Close Browser" owner="SeleniumLibrary">
<doc>Closes the current browser.</doc>
<status status="PASS" start="2024-12-08T20:16:33.037177" elapsed="2.345146"/>
</kw>
<status status="PASS" start="2024-12-08T20:16:33.037177" elapsed="2.345146"/>
</kw>
<var name="${Browser}">chrome</var>
<status status="PASS" start="2024-12-08T20:15:58.155521" elapsed="37.226802"/>
</iter>
<iter>
<kw name="Log To Console" owner="BuiltIn">
<arg>\nExecutando teste no navegador: ${Browser}</arg>
<doc>Logs the given message to the console.</doc>
<status status="PASS" start="2024-12-08T20:16:35.384344" elapsed="0.000000"/>
</kw>
<kw name="Dado que acesse o Site no navegador:" owner="Login_Steps">
<kw name="Open Browser" owner="SeleniumLibrary">
<msg time="2024-12-08T20:16:35.384344" level="INFO">Opening browser 'edge' to base url 'https://www.toroinvestimentos.com.br/'.</msg>
<arg>${URL}</arg>
<arg>${Browser}</arg>
<doc>Opens a new browser instance to the optional ``url``.</doc>
<status status="PASS" start="2024-12-08T20:16:35.384344" elapsed="5.253186"/>
</kw>
<kw name="Wait Until Element Is Visible" owner="SeleniumLibrary">
<arg>xpath=${Home.ButtonAbraSuaConta}</arg>
<arg>10</arg>
<doc>Waits until the element ``locator`` is visible.</doc>
<status status="PASS" start="2024-12-08T20:16:40.637530" elapsed="0.049251"/>
</kw>
<arg>${Browser}</arg>
<status status="PASS" start="2024-12-08T20:16:35.384344" elapsed="5.302437"/>
</kw>
<kw name="Quando entro no Cadastro" owner="Login_Steps">
<kw name="Wait Until Element Is Visible" owner="SeleniumLibrary">
<arg>xpath=${Home.ButtonAbraSuaConta}</arg>
<arg>10</arg>
<doc>Waits until the element ``locator`` is visible.</doc>
<status status="PASS" start="2024-12-08T20:16:40.686781" elapsed="0.051941"/>
</kw>
<kw name="Click Element" owner="SeleniumLibrary">
<msg time="2024-12-08T20:16:40.738722" level="INFO">Clicking element 'xpath=//*[@id="__next"]/div[2]/div/div[2]/a[2]'.</msg>
<arg>xpath=${Home.ButtonAbraSuaConta}</arg>
<doc>Click the element identified by ``locator``.</doc>
<status status="PASS" start="2024-12-08T20:16:40.738722" elapsed="0.345564"/>
</kw>
<kw name="Switch Window" owner="SeleniumLibrary">
<arg>title=${TituloCadastro}</arg>
<doc>Switches to browser window matching ``locator``.</doc>
<status status="PASS" start="2024-12-08T20:16:41.084286" elapsed="3.036827"/>
</kw>
<kw name="Wait Until Element Is Visible" owner="SeleniumLibrary">
<arg>xpath=${Registro.Input_name}</arg>
<arg>10</arg>
<doc>Waits until the element ``locator`` is visible.</doc>
<status status="PASS" start="2024-12-08T20:16:44.121113" elapsed="0.042608"/>
</kw>
<status status="PASS" start="2024-12-08T20:16:40.686781" elapsed="3.476940"/>
</kw>
<kw name="Quando preencho o patrimonio" owner="Login_Steps">
<kw name="Click Element" owner="SeleniumLibrary">
<msg time="2024-12-08T20:16:44.163721" level="INFO">Clicking element 'xpath=//*[@id="intentInvest"]'.</msg>
<arg>xpath=${Registro.Selection_patrimonio}</arg>
<doc>Click the element identified by ``locator``.</doc>
<status status="PASS" start="2024-12-08T20:16:44.163721" elapsed="0.234306"/>
</kw>
<kw name="Wait Until Element Is Visible" owner="SeleniumLibrary">
<arg>xpath=${Registro.Selection_patrimonio}</arg>
<arg>10</arg>
<doc>Waits until the element ``locator`` is visible.</doc>
<status status="PASS" start="2024-12-08T20:16:44.398577" elapsed="0.062332"/>
</kw>
<kw name="Click Element" owner="SeleniumLibrary">
<msg time="2024-12-08T20:16:44.460909" level="INFO">Clicking element 'xpath=//*[contains(text(), " Até R$ 5 mil ")]'.</msg>
<arg>xpath=${Registro.Opc_SelecionaValor}</arg>
<doc>Click the element identified by ``locator``.</doc>
<status status="PASS" start="2024-12-08T20:16:44.460909" elapsed="0.145849"/>
</kw>
<status status="PASS" start="2024-12-08T20:16:44.163721" elapsed="0.443037"/>
</kw>
<kw name="Quando preencho o telefone" owner="Login_Steps">
<kw name="Wait Until Element Is Visible" owner="SeleniumLibrary">
<arg>xpath=${Registro.Input_phone}</arg>
<arg>10</arg>
<doc>Waits until the element ``locator`` is visible.</doc>
<status status="PASS" start="2024-12-08T20:16:44.606758" elapsed="0.036581"/>
</kw>
<kw name="Gerador Telefonico" owner="TelefoneGerator">
<msg time="2024-12-08T20:16:44.643339" level="INFO">${TelefoneFake} = 77990473443</msg>
<var>${TelefoneFake}</var>
<status status="PASS" start="2024-12-08T20:16:44.643339" elapsed="0.000000"/>
</kw>
<kw name="Input Text" owner="SeleniumLibrary">
<msg time="2024-12-08T20:16:44.652253" level="INFO">Typing text '77990473443' into text field 'xpath=//*[@id="phoneNumber"]'.</msg>
<arg>xpath=${Registro.Input_phone}</arg>
<arg>${TelefoneFake}</arg>
<doc>Types the given ``text`` into the text field identified by ``locator``.</doc>
<status status="PASS" start="2024-12-08T20:16:44.643339" elapsed="0.295059"/>
</kw>
<status status="PASS" start="2024-12-08T20:16:44.606758" elapsed="0.331640"/>
</kw>
<kw name="Quando preencho o cadastro" owner="Login_Steps">
<kw name="Wait Until Element Is Visible" owner="SeleniumLibrary">
<arg>xpath=${Registro.Input_name}</arg>
<arg>10</arg>
<doc>Waits until the element ``locator`` is visible.</doc>
<status status="PASS" start="2024-12-08T20:16:44.939287" elapsed="0.033189"/>
</kw>
<kw name="Input Text" owner="SeleniumLibrary">
<msg time="2024-12-08T20:16:44.976917" level="INFO">Typing text 'Nome Para Teste' into text field 'xpath=//*[@id="name"]'.</msg>
<arg>xpath=${Registro.Input_name}</arg>
<arg>${NomeFake}</arg>
<doc>Types the given ``text`` into the text field identified by ``locator``.</doc>
<status status="PASS" start="2024-12-08T20:16:44.972476" elapsed="0.235259"/>
</kw>
<kw name="Wait Until Element Is Visible" owner="SeleniumLibrary">
<arg>xpath=${Registro.Input_CPF}</arg>
<arg>10</arg>
<doc>Waits until the element ``locator`` is visible.</doc>
<status status="PASS" start="2024-12-08T20:16:45.207735" elapsed="0.031589"/>
</kw>
<kw name="Generate Cpf" owner="CPFGenerator">
<msg time="2024-12-08T20:16:45.239324" level="INFO">${CPFFake} = 043.841.924-36</msg>
<var>${CPFFake}</var>
<status status="PASS" start="2024-12-08T20:16:45.239324" elapsed="0.000000"/>
</kw>
<kw name="Input Text" owner="SeleniumLibrary">
<msg time="2024-12-08T20:16:45.239324" level="INFO">Typing text '043.841.924-36' into text field 'xpath=//*[@id="cpfcnpj"]'.</msg>
<arg>xpath=${Registro.Input_CPF}</arg>
<arg>${CPFFake}</arg>
<doc>Types the given ``text`` into the text field identified by ``locator``.</doc>
<status status="PASS" start="2024-12-08T20:16:45.239324" elapsed="0.403158"/>
</kw>
<kw name="Wait Until Element Is Visible" owner="SeleniumLibrary">
<arg>xpath=${Registro.Input_Email}</arg>
<arg>10</arg>
<doc>Waits until the element ``locator`` is visible.</doc>
<status status="PASS" start="2024-12-08T20:16:45.642482" elapsed="0.038889"/>
</kw>
<kw name="Email" owner="FakerLibrary">
<msg time="2024-12-08T20:16:45.684880" level="INFO">${EmailFake} = danielalmeida@example.org</msg>
<var>${EmailFake}</var>
<status status="PASS" start="2024-12-08T20:16:45.681371" elapsed="0.003509"/>
</kw>
<kw name="Input Text" owner="SeleniumLibrary">
<msg time="2024-12-08T20:16:45.687367" level="INFO">Typing text 'danielalmeida@example.org' into text field 'xpath=//*[@id="email"]'.</msg>
<arg>xpath=${Registro.Input_Email}</arg>
<arg>${EmailFake}</arg>
<doc>Types the given ``text`` into the text field identified by ``locator``.</doc>
<status status="PASS" start="2024-12-08T20:16:45.684880" elapsed="0.336160"/>
</kw>
<kw name="Wait Until Element Is Visible" owner="SeleniumLibrary">
<arg>xpath=${Registro.Input_Senha}</arg>
<arg>10</arg>
<doc>Waits until the element ``locator`` is visible.</doc>
<status status="PASS" start="2024-12-08T20:16:46.021040" elapsed="0.036910"/>
</kw>
<kw name="Input Text" owner="SeleniumLibrary">
<msg time="2024-12-08T20:16:46.059958" level="INFO">Typing text 'Senha123!' into text field 'xpath=//*[@id="password"]'.</msg>
<arg>xpath=${Registro.Input_Senha}</arg>
<arg>${SenhaFake}</arg>
<doc>Types the given ``text`` into the text field identified by ``locator``.</doc>
<status status="PASS" start="2024-12-08T20:16:46.057950" elapsed="0.215243"/>
</kw>
<kw name="Wait Until Element Is Visible" owner="SeleniumLibrary">
<arg>xpath=${Registro.Input_RepitaSenha}</arg>
<arg>10</arg>
<doc>Waits until the element ``locator`` is visible.</doc>
<status status="PASS" start="2024-12-08T20:16:46.273193" elapsed="0.033552"/>
</kw>
<kw name="Input Text" owner="SeleniumLibrary">
<msg time="2024-12-08T20:16:46.306745" level="INFO">Typing text 'Senha123!' into text field 'xpath=//*[@id="rePassword"]'.</msg>
<arg>xpath=${Registro.Input_RepitaSenha}</arg>
<arg>${SenhaFake}</arg>
<doc>Types the given ``text`` into the text field identified by ``locator``.</doc>
<status status="PASS" start="2024-12-08T20:16:46.306745" elapsed="0.272786"/>
</kw>
<status status="PASS" start="2024-12-08T20:16:44.939287" elapsed="1.640244"/>
</kw>
<kw name="Quando Clico em continua (Abra sua Conta)" owner="Login_Steps">
<kw name="Wait Until Element Is Visible" owner="SeleniumLibrary">
<arg>xpath=${Registro.Button_Continua}</arg>
<arg>10</arg>
<doc>Waits until the element ``locator`` is visible.</doc>
<status status="PASS" start="2024-12-08T20:16:46.579531" elapsed="0.042970"/>
</kw>
<kw name="Click Element" owner="SeleniumLibrary">
<msg time="2024-12-08T20:16:46.622501" level="INFO">Clicking element 'xpath=//*[@id="step-1"]/div/div[2]/div[2]/div[8]/div/button'.</msg>
<arg>xpath=${Registro.Button_Continua}</arg>
<doc>Click the element identified by ``locator``.</doc>
<status status="PASS" start="2024-12-08T20:16:46.622501" elapsed="0.249582"/>
</kw>
<status status="PASS" start="2024-12-08T20:16:46.579531" elapsed="0.292858"/>
</kw>
<kw name="E verifico se ha notificações pop up" owner="Login_Steps">
<kw name="Run Keyword And Ignore Error" owner="BuiltIn">
<kw name="Handle Alert" owner="SeleniumLibrary">
<msg time="2024-12-08T20:16:46.872389" level="INFO">HANDLE::&lt;class 'NoneType'&gt;::None</msg>
<msg time="2024-12-08T20:16:52.205397" level="INFO" html="true">&lt;/td&gt;&lt;/tr&gt;&lt;tr&gt;&lt;td colspan="3"&gt;&lt;a href="selenium-screenshot-2.png"&gt;&lt;img src="selenium-screenshot-2.png" width="800px"&gt;&lt;/a&gt;</msg>
<msg time="2024-12-08T20:16:52.216199" level="FAIL">Alert not found in 5 seconds.</msg>
<arg>DISMISS</arg>
<doc>Handles the current alert and returns its message.</doc>
<status status="FAIL" start="2024-12-08T20:16:46.872389" elapsed="5.345642">Alert not found in 5 seconds.</status>
</kw>
<arg>Handle Alert</arg>
<arg>DISMISS</arg>
<doc>Runs the given keyword with the given arguments and ignores possible error.</doc>
<status status="PASS" start="2024-12-08T20:16:46.872389" elapsed="5.345642"/>
</kw>
<status status="PASS" start="2024-12-08T20:16:46.872389" elapsed="5.345642"/>
</kw>
<kw name="Quando preencho os dados pessoais de nascimento" owner="Login_Steps">
<kw name="Wait Until Element Is Visible" owner="SeleniumLibrary">
<arg>xpath=${DadosPessoais.Input_DataNasc}</arg>
<arg>10</arg>
<doc>Waits until the element ``locator`` is visible.</doc>
<status status="PASS" start="2024-12-08T20:16:52.218031" elapsed="0.047169"/>
</kw>
<kw name="Input Text" owner="SeleniumLibrary">
<msg time="2024-12-08T20:16:52.265200" level="INFO">Typing text '22/11/2002' into text field 'xpath=//*[@id="birthDate"]'.</msg>
<arg>xpath=${DadosPessoais.Input_DataNasc}</arg>
<arg>${DataNasc}</arg>
<doc>Types the given ``text`` into the text field identified by ``locator``.</doc>
<status status="PASS" start="2024-12-08T20:16:52.265200" elapsed="0.291262"/>
</kw>
<arg>${DataNasc}</arg>
<status status="PASS" start="2024-12-08T20:16:52.218031" elapsed="0.338431"/>
</kw>
<kw name="Quando preencho os dados pessoais restantes" owner="Login_Steps">
<kw name="Wait Until Element Is Visible" owner="SeleniumLibrary">
<arg>xpath=${DadosPessoais.Input_Mae}</arg>
<arg>40</arg>
<doc>Waits until the element ``locator`` is visible.</doc>
<status status="PASS" start="2024-12-08T20:16:52.556462" elapsed="0.048167"/>
</kw>
<kw name="Click Element" owner="SeleniumLibrary">
<msg time="2024-12-08T20:16:52.606670" level="INFO">Clicking element 'xpath=//*[@id="gender"]/div[1]/label'.</msg>
<arg>xpath=${DadosPessoais.Genero}</arg>
<doc>Click the element identified by ``locator``.</doc>
<status status="PASS" start="2024-12-08T20:16:52.604629" elapsed="0.262553"/>
</kw>
<kw name="Wait Until Element Is Visible" owner="SeleniumLibrary">
<arg>xpath=${DadosPessoais.Input_Mae}</arg>
<arg>10</arg>
<doc>Waits until the element ``locator`` is visible.</doc>
<status status="PASS" start="2024-12-08T20:16:52.867182" elapsed="0.040336"/>
</kw>
<kw name="Input Text" owner="SeleniumLibrary">
<msg time="2024-12-08T20:16:52.907518" level="INFO">Typing text 'Nome da Mae Para Teste' into text field 'xpath=//*[@id="motherName"]'.</msg>
<arg>xpath=${DadosPessoais.Input_Mae}</arg>
<arg>${NomeFakeMae}</arg>
<doc>Types the given ``text`` into the text field identified by ``locator``.</doc>
<status status="PASS" start="2024-12-08T20:16:52.907518" elapsed="0.389662"/>
</kw>
<kw name="Wait Until Element Is Visible" owner="SeleniumLibrary">
<arg>xpath=${DadosPessoais.Input_Pai}</arg>
<arg>10</arg>
<doc>Waits until the element ``locator`` is visible.</doc>
<status status="PASS" start="2024-12-08T20:16:53.297180" elapsed="0.043412"/>
</kw>
<kw name="Input Text" owner="SeleniumLibrary">
<msg time="2024-12-08T20:16:53.340592" level="INFO">Typing text 'Nome do Pai Para Teste' into text field 'xpath=//*[@id="fatherName"]'.</msg>
<arg>xpath=${DadosPessoais.Input_Pai}</arg>
<arg>${NomeFakePai}</arg>
<doc>Types the given ``text`` into the text field identified by ``locator``.</doc>
<status status="PASS" start="2024-12-08T20:16:53.340592" elapsed="0.381656"/>
</kw>
<kw name="Click Element" owner="SeleniumLibrary">
<msg time="2024-12-08T20:16:53.737981" level="INFO">Clicking element 'xpath=//*[@id="birthStateID"]'.</msg>
<arg>xpath=${DadosPessoais.Selection_Estado}</arg>
<doc>Click the element identified by ``locator``.</doc>
<status status="PASS" start="2024-12-08T20:16:53.722248" elapsed="0.229311"/>
</kw>
<kw name="Wait Until Element Is Visible" owner="SeleniumLibrary">
<arg>xpath=${DadosPessoais.Opc_SelecionarEstado}</arg>
<arg>10</arg>
<doc>Waits until the element ``locator`` is visible.</doc>
<status status="PASS" start="2024-12-08T20:16:53.951559" elapsed="0.053335"/>
</kw>
<kw name="Click Element" owner="SeleniumLibrary">
<msg time="2024-12-08T20:16:54.004894" level="INFO">Clicking element 'xpath=//*[contains(text(), "Bahia")]'.</msg>
<arg>xpath=${DadosPessoais.Opc_SelecionarEstado}</arg>
<doc>Click the element identified by ``locator``.</doc>
<status status="PASS" start="2024-12-08T20:16:54.004894" elapsed="0.108675"/>
</kw>
<kw name="Input Text" owner="SeleniumLibrary">
<msg time="2024-12-08T20:16:54.113569" level="INFO">Typing text 'Bom Jesus da Lapa' into text field 'xpath=//*[@id="birthCityID"]'.</msg>
<arg>xpath=${DadosPessoais.Input_Cidade}</arg>
<arg>${CidadeFake}</arg>
<doc>Types the given ``text`` into the text field identified by ``locator``.</doc>
<status status="PASS" start="2024-12-08T20:16:54.113569" elapsed="0.348909"/>
</kw>
<kw name="Click Element" owner="SeleniumLibrary">
<msg time="2024-12-08T20:16:54.465955" level="INFO">Clicking element 'xpath=//*[@id="educationDegreeID"]'.</msg>
<arg>xpath=${DadosPessoais.Selection_Formacao}</arg>
<doc>Click the element identified by ``locator``.</doc>
<status status="PASS" start="2024-12-08T20:16:54.462478" elapsed="0.226557"/>
</kw>
<kw name="Wait Until Element Is Visible" owner="SeleniumLibrary">
<arg>xpath=${DadosPessoais.Opc_Formacao}</arg>
<arg>10</arg>
<doc>Waits until the element ``locator`` is visible.</doc>
<status status="PASS" start="2024-12-08T20:16:54.689035" elapsed="0.052087"/>
</kw>
<kw name="Click Element" owner="SeleniumLibrary">
<msg time="2024-12-08T20:16:54.744178" level="INFO">Clicking element 'xpath=//*[contains(text(), "Ensino Superior")]'.</msg>
<arg>xpath=${DadosPessoais.Opc_Formacao}</arg>
<doc>Click the element identified by ``locator``.</doc>
<status status="PASS" start="2024-12-08T20:16:54.742153" elapsed="0.103082"/>
</kw>
<kw name="Click Element" owner="SeleniumLibrary">
<msg time="2024-12-08T20:16:54.852329" level="INFO">Clicking element 'xpath=//*[@id="maritalStatusID"]'.</msg>
<arg>xpath=${DadosPessoais.Selection_EstadoCivil}</arg>
<doc>Click the element identified by ``locator``.</doc>
<status status="PASS" start="2024-12-08T20:16:54.845235" elapsed="0.293346"/>
</kw>
<kw name="Wait Until Element Is Visible" owner="SeleniumLibrary">
<arg>xpath=${DadosPessoais.Opc_EstadoCivil}</arg>
<arg>10</arg>
<doc>Waits until the element ``locator`` is visible.</doc>
<status status="PASS" start="2024-12-08T20:16:55.138581" elapsed="0.066927"/>
</kw>
<kw name="Click Element" owner="SeleniumLibrary">
<msg time="2024-12-08T20:16:55.218107" level="INFO">Clicking element 'xpath=//*[contains(text(), "Solteiro(a)")]'.</msg>
<arg>xpath=${DadosPessoais.Opc_EstadoCivil}</arg>
<doc>Click the element identified by ``locator``.</doc>
<status status="PASS" start="2024-12-08T20:16:55.205508" elapsed="0.137805"/>
</kw>
<kw name="Click Element" owner="SeleniumLibrary">
<msg time="2024-12-08T20:16:55.344620" level="INFO">Clicking element 'xpath=//*[@id="intentInvest"]'.</msg>
<arg>xpath=${Registro.Selection_patrimonio}</arg>
<doc>Click the element identified by ``locator``.</doc>
<status status="PASS" start="2024-12-08T20:16:55.343313" elapsed="0.217223"/>
</kw>
<kw name="Wait Until Element Is Visible" owner="SeleniumLibrary">
<arg>xpath=${Registro.Selection_patrimonio}</arg>
<arg>10</arg>
<doc>Waits until the element ``locator`` is visible.</doc>
<status status="PASS" start="2024-12-08T20:16:55.560536" elapsed="0.062998"/>
</kw>
<kw name="Click Element" owner="SeleniumLibrary">
<msg time="2024-12-08T20:16:55.623534" level="INFO">Clicking element 'xpath=//*[contains(text(), " Até R$ 5 mil ")]'.</msg>
<arg>xpath=${Registro.Opc_SelecionaValor}</arg>
<doc>Click the element identified by ``locator``.</doc>
<status status="PASS" start="2024-12-08T20:16:55.623534" elapsed="0.085365"/>
</kw>
<kw name="Wait Until Element Is Visible" owner="SeleniumLibrary">
<arg>xpath=${Registro.Input_phone}</arg>
<arg>10</arg>
<doc>Waits until the element ``locator`` is visible.</doc>
<status status="PASS" start="2024-12-08T20:16:55.708899" elapsed="0.032603"/>
</kw>
<kw name="Gerador Telefonico" owner="TelefoneGerator">
<msg time="2024-12-08T20:16:55.741502" level="INFO">${TelefoneFake} = 77995346928</msg>
<var>${TelefoneFake}</var>
<status status="PASS" start="2024-12-08T20:16:55.741502" elapsed="0.000000"/>
</kw>
<kw name="Input Text" owner="SeleniumLibrary">
<msg time="2024-12-08T20:16:55.750963" level="INFO">Typing text '77995346928' into text field 'xpath=//*[@id="phoneNumber"]'.</msg>
<arg>xpath=${Registro.Input_phone}</arg>
<arg>${TelefoneFake}</arg>
<doc>Types the given ``text`` into the text field identified by ``locator``.</doc>
<status status="PASS" start="2024-12-08T20:16:55.749234" elapsed="0.291981"/>
</kw>
<kw name="Wait Until Element Is Visible" owner="SeleniumLibrary">
<arg>xpath=${DadosPessoais.Button_ContinuaDP}</arg>
<arg>10</arg>
<doc>Waits until the element ``locator`` is visible.</doc>
<status status="PASS" start="2024-12-08T20:16:56.041215" elapsed="0.031235"/>
</kw>
<kw name="Click Element" owner="SeleniumLibrary">
<msg time="2024-12-08T20:16:56.085670" level="INFO">Clicking element 'xpath=//*[@id="step-2"]/div/div/div[1]/div/div[11]/div/button'.</msg>
<arg>xpath=${DadosPessoais.Button_ContinuaDP}</arg>
<doc>Click the element identified by ``locator``.</doc>
<status status="PASS" start="2024-12-08T20:16:56.072450" elapsed="0.241507"/>
</kw>
<status status="PASS" start="2024-12-08T20:16:52.556462" elapsed="3.761444"/>
</kw>
<kw name=" Quando preencho os dados da CNH" owner="Login_Steps">
<kw name="Wait Until Element Is Visible" owner="SeleniumLibrary">
<arg>xpath=${Documentos.Radio_Doc}</arg>
<arg>10</arg>
<doc>Waits until the element ``locator`` is visible.</doc>
<status status="PASS" start="2024-12-08T20:16:56.317906" elapsed="0.617070"/>
</kw>
<kw name="Click Element" owner="SeleniumLibrary">
<msg time="2024-12-08T20:16:56.934976" level="INFO">Clicking element 'xpath=//*[@id="typeID"]/div[1]/label'.</msg>
<arg>xpath=${Documentos.Opc_CNH}</arg>
<doc>Click the element identified by ``locator``.</doc>
<status status="PASS" start="2024-12-08T20:16:56.934976" elapsed="0.223106"/>
</kw>
<kw name="Wait Until Element Is Visible" owner="SeleniumLibrary">
<arg>xpath=${Documentos.Input_CNH}</arg>
<arg>10</arg>
<doc>Waits until the element ``locator`` is visible.</doc>
<status status="PASS" start="2024-12-08T20:16:57.158082" elapsed="0.079481"/>
</kw>
<kw name="Input Text" owner="SeleniumLibrary">
<msg time="2024-12-08T20:16:57.237563" level="INFO">Typing text '12345678911' into text field 'xpath=(//*[@id="identificationDocumentNumber"])[1]'.</msg>
<arg>xpath=${Documentos.Input_CNH}</arg>
<arg>${NumCNHFake}</arg>
<doc>Types the given ``text`` into the text field identified by ``locator``.</doc>
<status status="PASS" start="2024-12-08T20:16:57.237563" elapsed="0.318266"/>
</kw>
<kw name="Wait Until Element Is Visible" owner="SeleniumLibrary">
<arg>xpath=${Documentos.Input_DataValid}</arg>
<arg>10</arg>
<doc>Waits until the element ``locator`` is visible.</doc>
<status status="PASS" start="2024-12-08T20:16:57.555829" elapsed="0.050443"/>
</kw>
<kw name="Input Text" owner="SeleniumLibrary">
<msg time="2024-12-08T20:16:57.606272" level="INFO">Typing text '22/11/2030' into text field 'xpath=//*[@id="identificationDocumentExpirationDate"]'.</msg>
<arg>xpath=${Documentos.Input_DataValid}</arg>
<arg>${DataEmisFake}</arg>
<doc>Types the given ``text`` into the text field identified by ``locator``.</doc>
<status status="PASS" start="2024-12-08T20:16:57.606272" elapsed="0.408791"/>
</kw>
<kw name="Wait Until Element Is Visible" owner="SeleniumLibrary">
<arg>xpath=${Documentos.Selection_OrgEmissor}</arg>
<arg>10</arg>
<doc>Waits until the element ``locator`` is visible.</doc>
<status status="PASS" start="2024-12-08T20:16:58.017071" elapsed="0.055222"/>
</kw>
<kw name="Click Element" owner="SeleniumLibrary">
<msg time="2024-12-08T20:16:58.072293" level="INFO">Clicking element 'xpath=//*[contains(text(), "Bahia")]'.</msg>
<arg>xpath=${Documentos.Opc_SelecionarEstadoDoc}</arg>
<doc>Click the element identified by ``locator``.</doc>
<status status="PASS" start="2024-12-08T20:16:58.072293" elapsed="0.118831"/>
</kw>
<kw name="Wait Until Element Is Visible" owner="SeleniumLibrary">
<arg>xpath=${Documentos.Input_DataEmiss}</arg>
<arg>10</arg>
<doc>Waits until the element ``locator`` is visible.</doc>
<status status="PASS" start="2024-12-08T20:16:58.191124" elapsed="0.048407"/>
</kw>
<kw name="Input Text" owner="SeleniumLibrary">
<msg time="2024-12-08T20:16:58.239531" level="INFO">Typing text '22/11/2020' into text field 'xpath=(//*[@id="identificationDocumentIssuedDate"])[1]'.</msg>
<arg>xpath=${Documentos.Input_DataEmiss}</arg>
<arg>${DataVencFake}</arg>
<doc>Types the given ``text`` into the text field identified by ``locator``.</doc>
<status status="PASS" start="2024-12-08T20:16:58.239531" elapsed="0.389866"/>
</kw>
<kw name="Wait Until Element Is Visible" owner="SeleniumLibrary">
<arg>xpath=${Documentos.Input_CodigoSeguranca}</arg>
<arg>10</arg>
<doc>Waits until the element ``locator`` is visible.</doc>
<status status="PASS" start="2024-12-08T20:16:58.629397" elapsed="0.039138"/>
</kw>
<kw name="Input Text" owner="SeleniumLibrary">
<msg time="2024-12-08T20:16:58.672331" level="INFO">Typing text '12345678910' into text field 'xpath=//*[@id="identificationDocumentSecurityCode"]'.</msg>
<arg>xpath=${Documentos.Input_CodigoSeguranca}</arg>
<arg>${CodSeguFake}</arg>
<doc>Types the given ``text`` into the text field identified by ``locator``.</doc>
<status status="PASS" start="2024-12-08T20:16:58.670612" elapsed="0.303560"/>
</kw>
<kw name="Click Element" owner="SeleniumLibrary">
<msg time="2024-12-08T20:16:58.987337" level="INFO">Clicking element 'xpath=//*[@id="ofAge"]/div/div/div[2]/div/div[4]/div/button[2]'.</msg>
<arg>xpath=${Documentos.ButtonCotinuaDoc}</arg>
<doc>Click the element identified by ``locator``.</doc>
<status status="PASS" start="2024-12-08T20:16:58.985118" elapsed="0.210576"/>
</kw>
<status status="PASS" start="2024-12-08T20:16:56.317906" elapsed="2.877788"/>
</kw>
<kw name="Quando preencho os dados de endereco" owner="Login_Steps">
<kw name="Wait Until Element Is Visible" owner="SeleniumLibrary">
<arg>xpath=${Endereco.Input_Edereco}</arg>
<arg>10</arg>
<doc>Waits until the element ``locator`` is visible.</doc>
<status status="PASS" start="2024-12-08T20:16:59.195694" elapsed="0.559039"/>
</kw>
<kw name="Wait Until Element Is Visible" owner="SeleniumLibrary">
<arg>xpath=${Endereco.Input_Bairro}</arg>
<arg>10</arg>
<doc>Waits until the element ``locator`` is visible.</doc>
<status status="PASS" start="2024-12-08T20:16:59.754733" elapsed="0.060829"/>
</kw>
<kw name="Wait Until Element Is Visible" owner="SeleniumLibrary">
<arg>xpath=${Endereco.Input_Cep}</arg>
<arg>10</arg>
<doc>Waits until the element ``locator`` is visible.</doc>
<status status="PASS" start="2024-12-08T20:16:59.815562" elapsed="0.107826"/>
</kw>
<kw name="Input Text" owner="SeleniumLibrary">
<msg time="2024-12-08T20:16:59.923388" level="INFO">Typing text '47.600-000' into text field 'xpath=//*[@id="zipCode"]'.</msg>
<arg>xpath=${Endereco.Input_Cep}</arg>
<arg>${CepFake}</arg>
<doc>Types the given ``text`` into the text field identified by ``locator``.</doc>
<status status="PASS" start="2024-12-08T20:16:59.923388" elapsed="0.317136"/>
</kw>
<kw name="Sleep" owner="BuiltIn">
<msg time="2024-12-08T20:17:02.241394" level="INFO">Slept 2 seconds.</msg>
<arg>2</arg>
<doc>Pauses the test executed for the given time.</doc>
<status status="PASS" start="2024-12-08T20:17:00.240524" elapsed="2.000870"/>
</kw>
<kw name="Wait Until Element Is Visible" owner="SeleniumLibrary">
<arg>xpath=${Endereco.Input_Num}</arg>
<arg>10</arg>
<doc>Waits until the element ``locator`` is visible.</doc>
<status status="PASS" start="2024-12-08T20:17:02.241394" elapsed="0.044810"/>
</kw>
<kw name="Input Text" owner="SeleniumLibrary">
<msg time="2024-12-08T20:17:02.291974" level="INFO">Typing text '57' into text field 'xpath=//*[@id="number"]'.</msg>
<arg>xpath=${Endereco.Input_Num}</arg>
<arg>${NunFake}</arg>
<doc>Types the given ``text`` into the text field identified by ``locator``.</doc>
<status status="PASS" start="2024-12-08T20:17:02.291974" elapsed="0.237741"/>
</kw>
<kw name="Wait Until Element Is Visible" owner="SeleniumLibrary">
<arg>xpath=${Endereco.Input_Complemento}</arg>
<arg>10</arg>
<doc>Waits until the element ``locator`` is visible.</doc>
<status status="PASS" start="2024-12-08T20:17:02.529715" elapsed="0.040891"/>
</kw>
<kw name="Input Text" owner="SeleniumLibrary">
<msg time="2024-12-08T20:17:02.572340" level="INFO">Typing text 'Casa' into text field 'xpath=//*[@id="complement"]'.</msg>
<arg>xpath=${Endereco.Input_Complemento}</arg>
<arg>${CompFake}</arg>
<doc>Types the given ``text`` into the text field identified by ``locator``.</doc>
<status status="PASS" start="2024-12-08T20:17:02.570606" elapsed="0.253256"/>
</kw>
<kw name="Input Text" owner="SeleniumLibrary">
<msg time="2024-12-08T20:17:02.823862" level="INFO">Typing text 'Rua para teste' into text field 'xpath=//*[@id="streetName"]'.</msg>
<arg>xpath=${Endereco.Input_Edereco}</arg>
<arg>${EndFake}</arg>
<doc>Types the given ``text`` into the text field identified by ``locator``.</doc>
<status status="PASS" start="2024-12-08T20:17:02.823862" elapsed="0.293795"/>
</kw>
<kw name="Input Text" owner="SeleniumLibrary">
<msg time="2024-12-08T20:17:03.121245" level="INFO">Typing text 'Centro' into text field 'xpath=//*[@id="district"]'.</msg>
<arg>xpath=${Endereco.Input_Bairro}</arg>
<arg>${BairroFake}</arg>
<doc>Types the given ``text`` into the text field identified by ``locator``.</doc>
<status status="PASS" start="2024-12-08T20:17:03.117657" elapsed="0.303530"/>
</kw>
<kw name="Sleep" owner="BuiltIn">
<msg time="2024-12-08T20:17:05.421471" level="INFO">Slept 2 seconds.</msg>
<arg>2</arg>
<doc>Pauses the test executed for the given time.</doc>
<status status="PASS" start="2024-12-08T20:17:03.421187" elapsed="2.000284"/>
</kw>
<kw name="Get Value" owner="SeleniumLibrary">
<msg time="2024-12-08T20:17:05.459913" level="INFO">${endereco_value} = </msg>
<var>${endereco_value}</var>
<arg>xpath=${Endereco.Input_Edereco}</arg>
<doc>Returns the value attribute of the element identified by ``locator``.</doc>
<status status="PASS" start="2024-12-08T20:17:05.421471" elapsed="0.038442"/>
</kw>
<kw name="Run Keyword If" owner="BuiltIn">
<kw name="Input Text" owner="SeleniumLibrary">
<msg time="2024-12-08T20:17:05.459913" level="INFO">Typing text 'Rua para teste' into text field 'xpath=//*[@id="streetName"]'.</msg>
<arg>xpath=${Endereco.Input_Edereco}</arg>
<arg>${EndFake}</arg>
<doc>Types the given ``text`` into the text field identified by ``locator``.</doc>
<status status="PASS" start="2024-12-08T20:17:05.459913" elapsed="0.303713"/>
</kw>
<arg>'${endereco_value}' == ''</arg>
<arg>Input Text</arg>
<arg>xpath=${Endereco.Input_Edereco}</arg>
<arg>${EndFake}</arg>
<doc>Runs the given keyword with the given arguments, if ``condition`` is true.</doc>
<status status="PASS" start="2024-12-08T20:17:05.459913" elapsed="0.304223"/>
</kw>
<kw name="Get Value" owner="SeleniumLibrary">
<msg time="2024-12-08T20:17:05.805613" level="INFO">${bairro_value} = Centro</msg>
<var>${bairro_value}</var>
<arg>xpath=${Endereco.Input_Bairro}</arg>
<doc>Returns the value attribute of the element identified by ``locator``.</doc>
<status status="PASS" start="2024-12-08T20:17:05.764136" elapsed="0.041477"/>
</kw>
<kw name="Run Keyword If" owner="BuiltIn">
<arg>'${bairro_value}' == ''</arg>
<arg>Input Text</arg>
<arg>xpath=${Endereco.Input_Bairro}</arg>
<arg>${BairroFake}</arg>
<doc>Runs the given keyword with the given arguments, if ``condition`` is true.</doc>
<status status="PASS" start="2024-12-08T20:17:05.805613" elapsed="0.000000"/>
</kw>
<kw name="Sleep" owner="BuiltIn">
<msg time="2024-12-08T20:17:07.806093" level="INFO">Slept 2 seconds.</msg>
<arg>2</arg>
<doc>Pauses the test executed for the given time.</doc>
<status status="PASS" start="2024-12-08T20:17:05.805613" elapsed="2.000480"/>
</kw>
<kw name="Wait Until Element Is Visible" owner="SeleniumLibrary">
<arg>xpath=${Endereco.Button_ContinuaEnd}</arg>
<arg>10</arg>
<doc>Waits until the element ``locator`` is visible.</doc>
<status status="PASS" start="2024-12-08T20:17:07.807210" elapsed="0.055650"/>
</kw>
<kw name="Click Element" owner="SeleniumLibrary">
<msg time="2024-12-08T20:17:07.871317" level="INFO">Clicking element 'xpath=//*[@id="step-3"]/div/div/div[2]/div/div[9]/div/button[2]'.</msg>
<arg>xpath=${Endereco.Button_ContinuaEnd}</arg>
<doc>Click the element identified by ``locator``.</doc>
<status status="PASS" start="2024-12-08T20:17:07.862860" elapsed="0.259310"/>
</kw>
<status status="PASS" start="2024-12-08T20:16:59.195694" elapsed="8.926476"/>
</kw>
<kw name="Quando preencho os dados patrimoniais" owner="Login_Steps">
<kw name="Wait Until Element Is Visible" owner="SeleniumLibrary">
<arg>xpath=${DadosPatrimonio.Selection_Profissao}</arg>
<arg>10</arg>
<doc>Waits until the element ``locator`` is visible.</doc>
<status status="PASS" start="2024-12-08T20:17:08.123616" elapsed="0.741815"/>
</kw>
<kw name="Click Element" owner="SeleniumLibrary">
<msg time="2024-12-08T20:17:08.867019" level="INFO">Clicking element 'xpath=//*[@id="jobTypeID"]'.</msg>
<arg>xpath=${DadosPatrimonio.Selection_Profissao}</arg>
<doc>Click the element identified by ``locator``.</doc>
<status status="PASS" start="2024-12-08T20:17:08.865431" elapsed="0.368718"/>
</kw>
<kw name="Click Element" owner="SeleniumLibrary">
<msg time="2024-12-08T20:17:09.238110" level="INFO">Clicking element 'xpath=//*[contains(text(), " Administrador ")]'.</msg>
<arg>xpath=${DadosPatrimonio.Opc_Profissao}</arg>
<doc>Click the element identified by ``locator``.</doc>
<status status="PASS" start="2024-12-08T20:17:09.237091" elapsed="0.116979"/>
</kw>
<kw name="Wait Until Element Is Visible" owner="SeleniumLibrary">
<arg>xpath=${DadosPatrimonio.Radio_Prof}</arg>
<arg>40</arg>
<doc>Waits until the element ``locator`` is visible.</doc>
<status status="PASS" start="2024-12-08T20:17:09.357867" elapsed="0.047050"/>
</kw>
<kw name="Click Element" owner="SeleniumLibrary">
<msg time="2024-12-08T20:17:09.406926" level="INFO">Clicking element 'xpath=//*[@id="isEmployed_1"]'.</msg>
<arg>xpath=${DadosPatrimonio.Opc_Prof}</arg>
<doc>Click the element identified by ``locator``.</doc>
<status status="PASS" start="2024-12-08T20:17:09.406926" elapsed="0.267038"/>
</kw>
<kw name="Wait Until Element Is Visible" owner="SeleniumLibrary">
<arg>xpath=${DadosPatrimonio.Selection_Renda}</arg>
<arg>10</arg>
<doc>Waits until the element ``locator`` is visible.</doc>
<status status="PASS" start="2024-12-08T20:17:09.676147" elapsed="0.063559"/>
</kw>
<kw name="Click Element" owner="SeleniumLibrary">
<msg time="2024-12-08T20:17:09.739706" level="INFO">Clicking element 'xpath=(//*[@id="extraIncome"])[2]'.</msg>
<arg>xpath=${DadosPatrimonio.Selection_Renda}</arg>
<doc>Click the element identified by ``locator``.</doc>
<status status="PASS" start="2024-12-08T20:17:09.739706" elapsed="0.226404"/>
</kw>
<kw name="Click Element" owner="SeleniumLibrary">
<msg time="2024-12-08T20:17:09.966110" level="INFO">Clicking element 'xpath=//*[contains(text(), " Até R$1,5 mil")]'.</msg>
<arg>xpath=${DadosPatrimonio.Opc_Renda}</arg>
<doc>Click the element identified by ``locator``.</doc>
<status status="PASS" start="2024-12-08T20:17:09.966110" elapsed="0.095603"/>
</kw>
<kw name="Wait Until Element Is Visible" owner="SeleniumLibrary">
<arg>xpath=${DadosPatrimonio.Input_Moveis}</arg>
<arg>10</arg>
<doc>Waits until the element ``locator`` is visible.</doc>
<status status="PASS" start="2024-12-08T20:17:10.063730" elapsed="0.044337"/>
</kw>
<kw name="Input Text" owner="SeleniumLibrary">
<msg time="2024-12-08T20:17:10.108067" level="INFO">Typing text '3000' into text field 'xpath=//*[@id="movablePropertiesValue"]'.</msg>
<arg>xpath=${DadosPatrimonio.Input_Moveis}</arg>
<arg>${ValorMoveisFake}</arg>
<doc>Types the given ``text`` into the text field identified by ``locator``.</doc>
<status status="PASS" start="2024-12-08T20:17:10.108067" elapsed="0.316379"/>
</kw>
<kw name="Wait Until Element Is Visible" owner="SeleniumLibrary">
<arg>xpath=${DadosPatrimonio.Check_Diretrizes}</arg>
<arg>10</arg>
<doc>Waits until the element ``locator`` is visible.</doc>
<status status="PASS" start="2024-12-08T20:17:10.424446" elapsed="0.043838"/>
</kw>
<kw name="Click Element" owner="SeleniumLibrary">
<msg time="2024-12-08T20:17:10.470964" level="INFO">Clicking element 'xpath=//*[@id="mat-checkbox-1"]/label/div'.</msg>
<arg>xpath=${DadosPatrimonio.Check_Diretrizes}</arg>
<doc>Click the element identified by ``locator``.</doc>
<status status="PASS" start="2024-12-08T20:17:10.468284" elapsed="0.223242"/>
</kw>
<kw name="Wait Until Element Is Visible" owner="SeleniumLibrary">
<arg>xpath=${DadosPatrimonio.Check_Docs}</arg>
<arg>10</arg>
<doc>Waits until the element ``locator`` is visible.</doc>
<status status="PASS" start="2024-12-08T20:17:10.691526" elapsed="0.058208"/>
</kw>
<kw name="Click Element" owner="SeleniumLibrary">
<msg time="2024-12-08T20:17:10.753453" level="INFO">Clicking element 'xpath=//*[@id="mat-checkbox-2"]/label/div'.</msg>
<arg>xpath=${DadosPatrimonio.Check_Docs}</arg>
<doc>Click the element identified by ``locator``.</doc>
<status status="PASS" start="2024-12-08T20:17:10.751495" elapsed="0.210310"/>
</kw>
<kw name="Wait Until Element Is Visible" owner="SeleniumLibrary">
<arg>xpath=${DadosPatrimonio.Check_Privac}</arg>
<arg>10</arg>
<doc>Waits until the element ``locator`` is visible.</doc>
<status status="PASS" start="2024-12-08T20:17:10.961805" elapsed="0.048327"/>
</kw>
<kw name="Click Element" owner="SeleniumLibrary">
<msg time="2024-12-08T20:17:11.012144" level="INFO">Clicking element 'xpath=//*[@id="mat-checkbox-3"]/label/div'.</msg>
<arg>xpath=${DadosPatrimonio.Check_Privac}</arg>
<doc>Click the element identified by ``locator``.</doc>
<status status="PASS" start="2024-12-08T20:17:11.010132" elapsed="0.203565"/>
</kw>
<kw name="Execute Javascript" owner="SeleniumLibrary">
<msg time="2024-12-08T20:17:11.216519" level="INFO">Executing JavaScript:
var div = document.evaluate('//*[@id="step-4"]/div/div/div[2]/div[5]/div/div/div[1]/div', document, null, XPathResult.FIRST_ORDERED_NODE_TYPE, null).singleNodeValue; div.scrollTop = div.scrollHeight;
Without any arguments.</msg>
<arg>var div = document.evaluate('${DadosPatrimonio.Div_Contrato}', document, null, XPathResult.FIRST_ORDERED_NODE_TYPE, null).singleNodeValue; div.scrollTop = div.scrollHeight;</arg>
<doc>Executes the given JavaScript code with possible arguments.</doc>
<status status="PASS" start="2024-12-08T20:17:11.213697" elapsed="0.009119"/>
</kw>
<kw name="Wait Until Element Is Visible" owner="SeleniumLibrary">
<arg>xpath=${DadosPatrimonio.Check_Contrato}</arg>
<arg>10</arg>
<doc>Waits until the element ``locator`` is visible.</doc>
<status status="PASS" start="2024-12-08T20:17:11.222816" elapsed="0.051065"/>
</kw>
<kw name="Click Element" owner="SeleniumLibrary">
<msg time="2024-12-08T20:17:11.278992" level="INFO">Clicking element 'xpath=//*[@id="mat-checkbox-4"]/label/div'.</msg>
<arg>xpath=${DadosPatrimonio.Check_Contrato}</arg>
<doc>Click the element identified by ``locator``.</doc>
<status status="PASS" start="2024-12-08T20:17:11.273881" elapsed="0.238494"/>
</kw>
<kw name="Double Click Element" owner="SeleniumLibrary">
<msg time="2024-12-08T20:17:11.512375" level="INFO">Double clicking element 'xpath=//*[@id="step-4"]/div/div/div[2]/div[6]/div/div/button[2]'.</msg>
<arg>xpath=${DadosPatrimonio.Button_ContinuaPatri}</arg>
<doc>Double clicks the element identified by ``locator``.</doc>
<status status="PASS" start="2024-12-08T20:17:11.512375" elapsed="0.492457"/>
</kw>
<status status="PASS" start="2024-12-08T20:17:08.122955" elapsed="3.881877"/>
</kw>
<kw name="Então fecho o navegador" owner="Login_Steps">
<kw name="Close Browser" owner="SeleniumLibrary">
<doc>Closes the current browser.</doc>
<status status="PASS" start="2024-12-08T20:17:12.004832" elapsed="2.512454"/>
</kw>
<status status="PASS" start="2024-12-08T20:17:12.004832" elapsed="2.512454"/>
</kw>
<var name="${Browser}">edge</var>
<status status="PASS" start="2024-12-08T20:16:35.382323" elapsed="39.134963"/>
</iter>
<var>${Browser}</var>
<value>@{Browsers}</value>
<status status="PASS" start="2024-12-08T20:15:58.155521" elapsed="76.363792"/>
</for>
<status status="PASS" start="2024-12-08T20:15:58.153684" elapsed="76.365629"/>
</test>
<test id="s1-t2" name="TC02.6 - Teste de Cadastro com credenciais válidas (Faca Login)" line="26">
<for flavor="IN">
<iter>
<kw name="Log To Console" owner="BuiltIn">
<arg>\nExecutando teste no navegador: ${Browser}</arg>
<doc>Logs the given message to the console.</doc>
<status status="PASS" start="2024-12-08T20:17:14.519313" elapsed="0.000000"/>
</kw>
<kw name="Dado que acesse o Site no navegador:" owner="Login_Steps">
<kw name="Open Browser" owner="SeleniumLibrary">
<msg time="2024-12-08T20:17:14.527420" level="INFO">Opening browser 'chrome' to base url 'https://www.toroinvestimentos.com.br/'.</msg>
<arg>${URL}</arg>
<arg>${Browser}</arg>
<doc>Opens a new browser instance to the optional ``url``.</doc>
<status status="PASS" start="2024-12-08T20:17:14.519313" elapsed="3.477529"/>
</kw>
<kw name="Wait Until Element Is Visible" owner="SeleniumLibrary">
<arg>xpath=${Home.ButtonAbraSuaConta}</arg>
<arg>10</arg>
<doc>Waits until the element ``locator`` is visible.</doc>
<status status="PASS" start="2024-12-08T20:17:17.996842" elapsed="0.031179"/>
</kw>
<arg>${Browser}</arg>
<status status="PASS" start="2024-12-08T20:17:14.519313" elapsed="3.508708"/>
</kw>
<kw name="E verifico se ha notificações pop up" owner="Login_Steps">
<kw name="Run Keyword And Ignore Error" owner="BuiltIn">
<kw name="Handle Alert" owner="SeleniumLibrary">
<msg time="2024-12-08T20:17:18.028021" level="INFO">HANDLE::&lt;class 'NoneType'&gt;::None</msg>
<msg time="2024-12-08T20:17:23.305548" level="INFO" html="true">&lt;/td&gt;&lt;/tr&gt;&lt;tr&gt;&lt;td colspan="3"&gt;&lt;a href="selenium-screenshot-3.png"&gt;&lt;img src="selenium-screenshot-3.png" width="800px"&gt;&lt;/a&gt;</msg>
<msg time="2024-12-08T20:17:23.305548" level="FAIL">Alert not found in 5 seconds.</msg>
<arg>DISMISS</arg>
<doc>Handles the current alert and returns its message.</doc>
<status status="FAIL" start="2024-12-08T20:17:18.028021" elapsed="5.282826">Alert not found in 5 seconds.</status>
</kw>
<arg>Handle Alert</arg>
<arg>DISMISS</arg>
<doc>Runs the given keyword with the given arguments and ignores possible error.</doc>
<status status="PASS" start="2024-12-08T20:17:18.028021" elapsed="5.282826"/>
</kw>
<status status="PASS" start="2024-12-08T20:17:18.028021" elapsed="5.282826"/>
</kw>
<kw name="Quando entro no login" owner="Login_Steps">
<kw name="Wait Until Element Is Visible" owner="SeleniumLibrary">
<arg>xpath=${login.Button_login}</arg>
<arg>10</arg>
<doc>Waits until the element ``locator`` is visible.</doc>
<status status="PASS" start="2024-12-08T20:17:23.312862" elapsed="0.040495"/>
</kw>
<kw name="Click Element" owner="SeleniumLibrary">
<msg time="2024-12-08T20:17:23.353357" level="INFO">Clicking element 'xpath=//*[@id="__next"]/div[2]/div/div[2]/a[1]'.</msg>
<arg>xpath=${login.Button_login}</arg>
[...]
</kw>
<kw name="Input Text" owner="SeleniumLibrary">
<msg time="2024-12-08T20:17:59.850236" level="INFO">Typing text 'Nome Para Teste' into text field 'xpath=//*[@id="name"]'.</msg>
<arg>xpath=${Registro.Input_name}</arg>
<arg>${NomeFake}</arg>
<doc>Types the given ``text`` into the text field identified by ``locator``.</doc>
<status status="PASS" start="2024-12-08T20:17:59.849226" elapsed="0.212712"/>
</kw>
<kw name="Wait Until Element Is Visible" owner="SeleniumLibrary">
<arg>xpath=${Registro.Input_CPF}</arg>
<arg>10</arg>
<doc>Waits until the element ``locator`` is visible.</doc>
<status status="PASS" start="2024-12-08T20:18:00.061938" elapsed="0.076385"/>
</kw>
<kw name="Generate Cpf" owner="CPFGenerator">
<msg time="2024-12-08T20:18:00.140328" level="INFO">${CPFFake} = 497.361.646-08</msg>
<var>${CPFFake}</var>
<status status="PASS" start="2024-12-08T20:18:00.138323" elapsed="0.002005"/>
</kw>
<kw name="Input Text" owner="SeleniumLibrary">
<msg time="2024-12-08T20:18:00.142333" level="INFO">Typing text '497.361.646-08' into text field 'xpath=//*[@id="cpfcnpj"]'.</msg>
<arg>xpath=${Registro.Input_CPF}</arg>
<arg>${CPFFake}</arg>
<doc>Types the given ``text`` into the text field identified by ``locator``.</doc>
<status status="PASS" start="2024-12-08T20:18:00.140328" elapsed="0.307700"/>
</kw>
<kw name="Wait Until Element Is Visible" owner="SeleniumLibrary">
<arg>xpath=${Registro.Input_Email}</arg>
<arg>10</arg>
<doc>Waits until the element ``locator`` is visible.</doc>
<status status="PASS" start="2024-12-08T20:18:00.448028" elapsed="0.051115"/>
</kw>
<kw name="Email" owner="FakerLibrary">
<msg time="2024-12-08T20:18:00.501159" level="INFO">${EmailFake} = upereira@example.org</msg>
<var>${EmailFake}</var>
<status status="PASS" start="2024-12-08T20:18:00.499143" elapsed="0.002016"/>
</kw>
<kw name="Input Text" owner="SeleniumLibrary">
<msg time="2024-12-08T20:18:00.503171" level="INFO">Typing text 'upereira@example.org' into text field 'xpath=//*[@id="email"]'.</msg>
<arg>xpath=${Registro.Input_Email}</arg>
<arg>${EmailFake}</arg>
<doc>Types the given ``text`` into the text field identified by ``locator``.</doc>
<status status="PASS" start="2024-12-08T20:18:00.501159" elapsed="0.313820"/>
</kw>
<kw name="Wait Until Element Is Visible" owner="SeleniumLibrary">
<arg>xpath=${Registro.Input_Senha}</arg>
<arg>10</arg>
<doc>Waits until the element ``locator`` is visible.</doc>
<status status="PASS" start="2024-12-08T20:18:00.814979" elapsed="0.038798"/>
</kw>
<kw name="Input Text" owner="SeleniumLibrary">
<msg time="2024-12-08T20:18:00.856115" level="INFO">Typing text 'Senha123!' into text field 'xpath=//*[@id="password"]'.</msg>
<arg>xpath=${Registro.Input_Senha}</arg>
<arg>${SenhaFake}</arg>
<doc>Types the given ``text`` into the text field identified by ``locator``.</doc>
<status status="PASS" start="2024-12-08T20:18:00.855311" elapsed="0.244608"/>
</kw>
<kw name="Wait Until Element Is Visible" owner="SeleniumLibrary">
<arg>xpath=${Registro.Input_RepitaSenha}</arg>
<arg>10</arg>
<doc>Waits until the element ``locator`` is visible.</doc>
<status status="PASS" start="2024-12-08T20:18:01.099919" elapsed="0.042092"/>
</kw>
<kw name="Input Text" owner="SeleniumLibrary">
<msg time="2024-12-08T20:18:01.144023" level="INFO">Typing text 'Senha123!' into text field 'xpath=//*[@id="rePassword"]'.</msg>
<arg>xpath=${Registro.Input_RepitaSenha}</arg>
<arg>${SenhaFake}</arg>
<doc>Types the given ``text`` into the text field identified by ``locator``.</doc>
<status status="PASS" start="2024-12-08T20:18:01.144023" elapsed="0.272133"/>
</kw>
<status status="PASS" start="2024-12-08T20:17:59.819154" elapsed="1.599011"/>
</kw>
<kw name="Quando Clico em continua (Abra sua Conta)" owner="Login_Steps">
<kw name="Wait Until Element Is Visible" owner="SeleniumLibrary">
<arg>xpath=${Registro.Button_Continua}</arg>
<arg>10</arg>
<doc>Waits until the element ``locator`` is visible.</doc>
<status status="PASS" start="2024-12-08T20:18:01.419897" elapsed="0.037943"/>
</kw>
<kw name="Click Element" owner="SeleniumLibrary">
<msg time="2024-12-08T20:18:01.459848" level="INFO">Clicking element 'xpath=//*[@id="step-1"]/div/div[2]/div[2]/div[8]/div/button'.</msg>
<arg>xpath=${Registro.Button_Continua}</arg>
<doc>Click the element identified by ``locator``.</doc>
<status status="PASS" start="2024-12-08T20:18:01.457840" elapsed="0.250743"/>
</kw>
<status status="PASS" start="2024-12-08T20:18:01.418165" elapsed="0.290418"/>
</kw>
<kw name="E verifico se ha notificações pop up" owner="Login_Steps">
<kw name="Run Keyword And Ignore Error" owner="BuiltIn">
<kw name="Handle Alert" owner="SeleniumLibrary">
<msg time="2024-12-08T20:18:01.710730" level="INFO">HANDLE::&lt;class 'NoneType'&gt;::None</msg>
<msg time="2024-12-08T20:18:07.059707" level="INFO" html="true">&lt;/td&gt;&lt;/tr&gt;&lt;tr&gt;&lt;td colspan="3"&gt;&lt;a href="selenium-screenshot-5.png"&gt;&lt;img src="selenium-screenshot-5.png" width="800px"&gt;&lt;/a&gt;</msg>
<msg time="2024-12-08T20:18:07.059707" level="FAIL">Alert not found in 5 seconds.</msg>
<arg>DISMISS</arg>
<doc>Handles the current alert and returns its message.</doc>
<status status="FAIL" start="2024-12-08T20:18:01.710730" elapsed="5.350989">Alert not found in 5 seconds.</status>
</kw>
<arg>Handle Alert</arg>
<arg>DISMISS</arg>
<doc>Runs the given keyword with the given arguments and ignores possible error.</doc>
<status status="PASS" start="2024-12-08T20:18:01.710730" elapsed="5.350989"/>
</kw>
<status status="PASS" start="2024-12-08T20:18:01.710730" elapsed="5.350989"/>
</kw>
<kw name="Quando preencho os dados pessoais de nascimento" owner="Login_Steps">
<kw name="Wait Until Element Is Visible" owner="SeleniumLibrary">
<arg>xpath=${DadosPessoais.Input_DataNasc}</arg>
<arg>10</arg>
<doc>Waits until the element ``locator`` is visible.</doc>
<status status="PASS" start="2024-12-08T20:18:07.065781" elapsed="0.042161"/>
</kw>
<kw name="Input Text" owner="SeleniumLibrary">
<msg time="2024-12-08T20:18:07.111966" level="INFO">Typing text '01/01/2007' into text field 'xpath=//*[@id="birthDate"]'.</msg>
<arg>xpath=${DadosPessoais.Input_DataNasc}</arg>
<arg>${DataNasc}</arg>
<doc>Types the given ``text`` into the text field identified by ``locator``.</doc>
<status status="PASS" start="2024-12-08T20:18:07.107942" elapsed="0.276823"/>
</kw>
<arg>${MenordeIdade}</arg>
<status status="PASS" start="2024-12-08T20:18:07.061719" elapsed="0.325059"/>
</kw>
<kw name="E aparece o Modal de erro" owner="Login_Steps">
<kw name="Wait Until Element Is Visible" owner="SeleniumLibrary">
<arg>xpath=${DadosPessoais.Modal_data}</arg>
<arg>10</arg>
<doc>Waits until the element ``locator`` is visible.</doc>
<status status="PASS" start="2024-12-08T20:18:07.387719" elapsed="0.051701"/>
</kw>
<status status="PASS" start="2024-12-08T20:18:07.387203" elapsed="0.052217"/>
</kw>
<kw name="Então fecho o navegador" owner="Login_Steps">
<kw name="Close Browser" owner="SeleniumLibrary">
<doc>Closes the current browser.</doc>
<status status="PASS" start="2024-12-08T20:18:07.439420" elapsed="2.332342"/>
</kw>
<status status="PASS" start="2024-12-08T20:18:07.439420" elapsed="2.332342"/>
</kw>
<var name="${Browser}">chrome</var>
<status status="PASS" start="2024-12-08T20:17:51.454558" elapsed="18.317204"/>
</iter>
<iter>
<kw name="Log To Console" owner="BuiltIn">
<arg>\nExecutando teste no navegador: ${Browser}</arg>
<doc>Logs the given message to the console.</doc>
<status status="PASS" start="2024-12-08T20:18:09.771762" elapsed="0.002011"/>
</kw>
<kw name="Dado que acesse o Site no navegador:" owner="Login_Steps">
<kw name="Open Browser" owner="SeleniumLibrary">
<msg time="2024-12-08T20:18:09.775782" level="INFO">Opening browser 'edge' to base url 'https://www.toroinvestimentos.com.br/'.</msg>
<arg>${URL}</arg>
<arg>${Browser}</arg>
<doc>Opens a new browser instance to the optional ``url``.</doc>
<status status="PASS" start="2024-12-08T20:18:09.775782" elapsed="7.569387"/>
</kw>
<kw name="Wait Until Element Is Visible" owner="SeleniumLibrary">
<arg>xpath=${Home.ButtonAbraSuaConta}</arg>
<arg>10</arg>
<doc>Waits until the element ``locator`` is visible.</doc>
<status status="PASS" start="2024-12-08T20:18:17.345169" elapsed="0.030202"/>
</kw>
<arg>${Browser}</arg>
<status status="PASS" start="2024-12-08T20:18:09.773773" elapsed="7.601598"/>
</kw>
<kw name="Quando entro no Cadastro" owner="Login_Steps">
<kw name="Wait Until Element Is Visible" owner="SeleniumLibrary">
<arg>xpath=${Home.ButtonAbraSuaConta}</arg>
<arg>10</arg>
<doc>Waits until the element ``locator`` is visible.</doc>
<status status="PASS" start="2024-12-08T20:18:17.377385" elapsed="0.020179"/>
</kw>
<kw name="Click Element" owner="SeleniumLibrary">
<msg time="2024-12-08T20:18:17.399569" level="INFO">Clicking element 'xpath=//*[@id="__next"]/div[2]/div/div[2]/a[2]'.</msg>
<arg>xpath=${Home.ButtonAbraSuaConta}</arg>
<doc>Click the element identified by ``locator``.</doc>
<status status="PASS" start="2024-12-08T20:18:17.397564" elapsed="0.276794"/>
</kw>
<kw name="Switch Window" owner="SeleniumLibrary">
<arg>title=${TituloCadastro}</arg>
<doc>Switches to browser window matching ``locator``.</doc>
<status status="PASS" start="2024-12-08T20:18:17.676368" elapsed="3.219242"/>
</kw>
<kw name="Wait Until Element Is Visible" owner="SeleniumLibrary">
<arg>xpath=${Registro.Input_name}</arg>
<arg>10</arg>
<doc>Waits until the element ``locator`` is visible.</doc>
<status status="PASS" start="2024-12-08T20:18:20.895610" elapsed="0.022102"/>
</kw>
<status status="PASS" start="2024-12-08T20:18:17.375371" elapsed="3.542341"/>
</kw>
<kw name="Quando preencho o patrimonio" owner="Login_Steps">
<kw name="Click Element" owner="SeleniumLibrary">
<msg time="2024-12-08T20:18:20.928723" level="INFO">Clicking element 'xpath=//*[@id="intentInvest"]'.</msg>
<arg>xpath=${Registro.Selection_patrimonio}</arg>
<doc>Click the element identified by ``locator``.</doc>
<status status="PASS" start="2024-12-08T20:18:20.927741" elapsed="0.190399"/>
</kw>
<kw name="Wait Until Element Is Visible" owner="SeleniumLibrary">
<arg>xpath=${Registro.Selection_patrimonio}</arg>
<arg>10</arg>
<doc>Waits until the element ``locator`` is visible.</doc>
<status status="PASS" start="2024-12-08T20:18:21.118140" elapsed="0.080736"/>
</kw>
<kw name="Click Element" owner="SeleniumLibrary">
<msg time="2024-12-08T20:18:21.200998" level="INFO">Clicking element 'xpath=//*[contains(text(), " Até R$ 5 mil ")]'.</msg>
<arg>xpath=${Registro.Opc_SelecionaValor}</arg>
<doc>Click the element identified by ``locator``.</doc>
<status status="PASS" start="2024-12-08T20:18:21.198876" elapsed="0.134437"/>
</kw>
<status status="PASS" start="2024-12-08T20:18:20.917712" elapsed="0.415601"/>
</kw>
<kw name="Quando preencho o telefone" owner="Login_Steps">
<kw name="Wait Until Element Is Visible" owner="SeleniumLibrary">
<arg>xpath=${Registro.Input_phone}</arg>
<arg>10</arg>
<doc>Waits until the element ``locator`` is visible.</doc>
<status status="PASS" start="2024-12-08T20:18:21.333313" elapsed="0.043623"/>
</kw>
<kw name="Gerador Telefonico" owner="TelefoneGerator">
<msg time="2024-12-08T20:18:21.377749" level="INFO">${TelefoneFake} = 77990007976</msg>
<var>${TelefoneFake}</var>
<status status="PASS" start="2024-12-08T20:18:21.377749" elapsed="0.000000"/>
</kw>
<kw name="Input Text" owner="SeleniumLibrary">
<msg time="2024-12-08T20:18:21.377749" level="INFO">Typing text '77990007976' into text field 'xpath=//*[@id="phoneNumber"]'.</msg>
<arg>xpath=${Registro.Input_phone}</arg>
<arg>${TelefoneFake}</arg>
<doc>Types the given ``text`` into the text field identified by ``locator``.</doc>
<status status="PASS" start="2024-12-08T20:18:21.377749" elapsed="0.255311"/>
</kw>
<status status="PASS" start="2024-12-08T20:18:21.333313" elapsed="0.299747"/>
</kw>
<kw name="Quando preencho o cadastro" owner="Login_Steps">
<kw name="Wait Until Element Is Visible" owner="SeleniumLibrary">
<arg>xpath=${Registro.Input_name}</arg>
<arg>10</arg>
<doc>Waits until the element ``locator`` is visible.</doc>
<status status="PASS" start="2024-12-08T20:18:21.635072" elapsed="0.032437"/>
</kw>
<kw name="Input Text" owner="SeleniumLibrary">
<msg time="2024-12-08T20:18:21.669021" level="INFO">Typing text 'Nome Para Teste' into text field 'xpath=//*[@id="name"]'.</msg>
<arg>xpath=${Registro.Input_name}</arg>
<arg>${NomeFake}</arg>
<doc>Types the given ``text`` into the text field identified by ``locator``.</doc>
<status status="PASS" start="2024-12-08T20:18:21.667509" elapsed="0.222217"/>
</kw>
<kw name="Wait Until Element Is Visible" owner="SeleniumLibrary">
<arg>xpath=${Registro.Input_CPF}</arg>
<arg>10</arg>
<doc>Waits until the element ``locator`` is visible.</doc>
<status status="PASS" start="2024-12-08T20:18:21.889726" elapsed="0.050825"/>
</kw>
<kw name="Generate Cpf" owner="CPFGenerator">
<msg time="2024-12-08T20:18:21.941543" level="INFO">${CPFFake} = 787.011.681-50</msg>
<var>${CPFFake}</var>
<status status="PASS" start="2024-12-08T20:18:21.941543" elapsed="0.000000"/>
</kw>
<kw name="Input Text" owner="SeleniumLibrary">
<msg time="2024-12-08T20:18:21.942682" level="INFO">Typing text '787.011.681-50' into text field 'xpath=//*[@id="cpfcnpj"]'.</msg>
<arg>xpath=${Registro.Input_CPF}</arg>
<arg>${CPFFake}</arg>
<doc>Types the given ``text`` into the text field identified by ``locator``.</doc>
<status status="PASS" start="2024-12-08T20:18:21.941543" elapsed="0.204456"/>
</kw>
<kw name="Wait Until Element Is Visible" owner="SeleniumLibrary">
<arg>xpath=${Registro.Input_Email}</arg>
<arg>10</arg>
<doc>Waits until the element ``locator`` is visible.</doc>
<status status="PASS" start="2024-12-08T20:18:22.145999" elapsed="0.027785"/>
</kw>
<kw name="Email" owner="FakerLibrary">
<msg time="2024-12-08T20:18:22.173784" level="INFO">${EmailFake} = garciabrayan@example.com</msg>
<var>${EmailFake}</var>
<status status="PASS" start="2024-12-08T20:18:22.173784" elapsed="0.000000"/>
</kw>
<kw name="Input Text" owner="SeleniumLibrary">
<msg time="2024-12-08T20:18:22.175789" level="INFO">Typing text 'garciabrayan@example.com' into text field 'xpath=//*[@id="email"]'.</msg>
<arg>xpath=${Registro.Input_Email}</arg>
<arg>${EmailFake}</arg>
<doc>Types the given ``text`` into the text field identified by ``locator``.</doc>
<status status="PASS" start="2024-12-08T20:18:22.173784" elapsed="0.303485"/>
</kw>
<kw name="Wait Until Element Is Visible" owner="SeleniumLibrary">
<arg>xpath=${Registro.Input_Senha}</arg>
<arg>10</arg>
<doc>Waits until the element ``locator`` is visible.</doc>
<status status="PASS" start="2024-12-08T20:18:22.478723" elapsed="0.068936"/>
</kw>
<kw name="Input Text" owner="SeleniumLibrary">
<msg time="2024-12-08T20:18:22.552145" level="INFO">Typing text 'Senha123!' into text field 'xpath=//*[@id="password"]'.</msg>
<arg>xpath=${Registro.Input_Senha}</arg>
<arg>${SenhaFake}</arg>
<doc>Types the given ``text`` into the text field identified by ``locator``.</doc>
<status status="PASS" start="2024-12-08T20:18:22.547659" elapsed="0.304605"/>
</kw>
<kw name="Wait Until Element Is Visible" owner="SeleniumLibrary">
<arg>xpath=${Registro.Input_RepitaSenha}</arg>
<arg>10</arg>
<doc>Waits until the element ``locator`` is visible.</doc>
<status status="PASS" start="2024-12-08T20:18:22.853542" elapsed="0.032599"/>
</kw>
<kw name="Input Text" owner="SeleniumLibrary">
<msg time="2024-12-08T20:18:22.887238" level="INFO">Typing text 'Senha123!' into text field 'xpath=//*[@id="rePassword"]'.</msg>
<arg>xpath=${Registro.Input_RepitaSenha}</arg>
<arg>${SenhaFake}</arg>
<doc>Types the given ``text`` into the text field identified by ``locator``.</doc>
<status status="PASS" start="2024-12-08T20:18:22.886141" elapsed="0.230922"/>
</kw>
<status status="PASS" start="2024-12-08T20:18:21.633060" elapsed="1.484003"/>
</kw>
<kw name="Quando Clico em continua (Abra sua Conta)" owner="Login_Steps">
<kw name="Wait Until Element Is Visible" owner="SeleniumLibrary">
<arg>xpath=${Registro.Button_Continua}</arg>
<arg>10</arg>
<doc>Waits until the element ``locator`` is visible.</doc>
<status status="PASS" start="2024-12-08T20:18:23.117063" elapsed="0.027597"/>
</kw>
<kw name="Click Element" owner="SeleniumLibrary">
<msg time="2024-12-08T20:18:23.144660" level="INFO">Clicking element 'xpath=//*[@id="step-1"]/div/div[2]/div[2]/div[8]/div/button'.</msg>
<arg>xpath=${Registro.Button_Continua}</arg>
<doc>Click the element identified by ``locator``.</doc>
<status status="PASS" start="2024-12-08T20:18:23.144660" elapsed="0.204922"/>
</kw>
<status status="PASS" start="2024-12-08T20:18:23.117063" elapsed="0.232519"/>
</kw>
<kw name="E verifico se ha notificações pop up" owner="Login_Steps">
<kw name="Run Keyword And Ignore Error" owner="BuiltIn">
<kw name="Handle Alert" owner="SeleniumLibrary">
<msg time="2024-12-08T20:18:23.349582" level="INFO">HANDLE::&lt;class 'NoneType'&gt;::None</msg>
<msg time="2024-12-08T20:18:28.800169" level="INFO" html="true">&lt;/td&gt;&lt;/tr&gt;&lt;tr&gt;&lt;td colspan="3"&gt;&lt;a href="selenium-screenshot-6.png"&gt;&lt;img src="selenium-screenshot-6.png" width="800px"&gt;&lt;/a&gt;</msg>
<msg time="2024-12-08T20:18:28.800169" level="FAIL">Alert not found in 5 seconds.</msg>
<arg>DISMISS</arg>
<doc>Handles the current alert and returns its message.</doc>
<status status="FAIL" start="2024-12-08T20:18:23.349582" elapsed="5.452238">Alert not found in 5 seconds.</status>
</kw>
<arg>Handle Alert</arg>
<arg>DISMISS</arg>
<doc>Runs the given keyword with the given arguments and ignores possible error.</doc>
<status status="PASS" start="2024-12-08T20:18:23.349582" elapsed="5.452238"/>
</kw>
<status status="PASS" start="2024-12-08T20:18:23.349582" elapsed="5.452238"/>
</kw>
<kw name="Quando preencho os dados pessoais de nascimento" owner="Login_Steps">
<kw name="Wait Until Element Is Visible" owner="SeleniumLibrary">
<arg>xpath=${DadosPessoais.Input_DataNasc}</arg>
<arg>10</arg>
<doc>Waits until the element ``locator`` is visible.</doc>
<status status="PASS" start="2024-12-08T20:18:28.801820" elapsed="0.018897"/>
</kw>
<kw name="Input Text" owner="SeleniumLibrary">
<msg time="2024-12-08T20:18:28.820717" level="INFO">Typing text '01/01/2007' into text field 'xpath=//*[@id="birthDate"]'.</msg>
<arg>xpath=${DadosPessoais.Input_DataNasc}</arg>
<arg>${DataNasc}</arg>
<doc>Types the given ``text`` into the text field identified by ``locator``.</doc>
<status status="PASS" start="2024-12-08T20:18:28.820717" elapsed="0.229285"/>
</kw>
<arg>${MenordeIdade}</arg>
<status status="PASS" start="2024-12-08T20:18:28.801820" elapsed="0.248182"/>
</kw>
<kw name="E aparece o Modal de erro" owner="Login_Steps">
<kw name="Wait Until Element Is Visible" owner="SeleniumLibrary">
<arg>xpath=${DadosPessoais.Modal_data}</arg>
<arg>10</arg>
<doc>Waits until the element ``locator`` is visible.</doc>
<status status="PASS" start="2024-12-08T20:18:29.050002" elapsed="0.025469"/>
</kw>
<status status="PASS" start="2024-12-08T20:18:29.050002" elapsed="0.025469"/>
</kw>
<kw name="Então fecho o navegador" owner="Login_Steps">
<kw name="Close Browser" owner="SeleniumLibrary">
<doc>Closes the current browser.</doc>
<status status="PASS" start="2024-12-08T20:18:29.077483" elapsed="2.408337"/>
</kw>
<status status="PASS" start="2024-12-08T20:18:29.077483" elapsed="2.408337"/>
</kw>
<var name="${Browser}">edge</var>
<status status="PASS" start="2024-12-08T20:18:09.771762" elapsed="21.714058"/>
</iter>
<var>${Browser}</var>
<value>@{Browsers}</value>
<status status="PASS" start="2024-12-08T20:17:51.454006" elapsed="40.031814"/>
</for>
<status status="PASS" start="2024-12-08T20:17:51.450680" elapsed="40.035140"/>
</test>
<status status="PASS" start="2024-12-08T20:15:57.534271" elapsed="153.951549"/>
</suite>
<statistics>
<total>
<stat pass="3" fail="0" skip="0">All Tests</stat>
</total>
<tag>
</tag>
<suite>
<stat pass="3" fail="0" skip="0" id="s1" name="TC01">TC01</stat>
</suite>
</statistics>
<errors>
</errors>
</robot>
