<?xml version="1.0" encoding="UTF-8"?>
<robot generator="Robot 7.1.1 (Python 3.11.5 on win32)" generated="2024-12-09T10:53:13.828295" rpa="false" schemaversion="5">
<suite id="s1" name="TC01" source="C:\Users\zziar\Desktop\TESTE TORO\Testes\Login\TC01.robot">
<test id="s1-t1" name="TC01.7 - Teste de Cadastro com credenciais válidas (Abra sua Conta)" line="7">
<for flavor="IN">
<iter>
<kw name="Log To Console" owner="BuiltIn">
<arg>\nExecutando teste no navegador: ${Browser}</arg>
<doc>Logs the given message to the console.</doc>
<status status="PASS" start="2024-12-09T10:53:15.033011" elapsed="0.001437"/>
</kw>
<kw name="Dado que acesse o Site no navegador:" owner="Login_Steps">
<kw name="Open Browser" owner="SeleniumLibrary">
<msg time="2024-12-09T10:53:15.036457" level="INFO">Opening browser 'chrome' to base url 'https://www.toroinvestimentos.com.br/'.</msg>
<arg>${URL}</arg>
<arg>${Browser}</arg>
<doc>Opens a new browser instance to the optional ``url``.</doc>
<status status="PASS" start="2024-12-09T10:53:15.036457" elapsed="11.444585"/>
</kw>
<kw name="Wait Until Element Is Visible" owner="SeleniumLibrary">
<arg>xpath=${Home.ButtonAbraSuaConta}</arg>
<arg>10</arg>
<doc>Waits until the element ``locator`` is visible.</doc>
<status status="PASS" start="2024-12-09T10:53:26.481042" elapsed="0.036611"/>
</kw>
<arg>${Browser}</arg>
<status status="PASS" start="2024-12-09T10:53:15.035458" elapsed="11.482195"/>
</kw>
<kw name="Quando entro no Cadastro" owner="Login_Steps">
<kw name="Wait Until Element Is Visible" owner="SeleniumLibrary">
<arg>xpath=${Home.ButtonAbraSuaConta}</arg>
<arg>10</arg>
<doc>Waits until the element ``locator`` is visible.</doc>
<status status="PASS" start="2024-12-09T10:53:26.517653" elapsed="0.021022"/>
</kw>
<kw name="Click Element" owner="SeleniumLibrary">
<msg time="2024-12-09T10:53:26.540672" level="INFO">Clicking element 'xpath=//*[@id="__next"]/div[2]/div/div[2]/a[2]'.</msg>
<arg>xpath=${Home.ButtonAbraSuaConta}</arg>
<doc>Click the element identified by ``locator``.</doc>
<status status="PASS" start="2024-12-09T10:53:26.538675" elapsed="0.273395"/>
</kw>
<kw name="Switch Window" owner="SeleniumLibrary">
<arg>title=${TituloCadastro}</arg>
<doc>Switches to browser window matching ``locator``.</doc>
<status status="PASS" start="2024-12-09T10:53:26.812070" elapsed="3.885184"/>
</kw>
<kw name="Wait Until Element Is Visible" owner="SeleniumLibrary">
<arg>xpath=${Registro.Input_name}</arg>
<arg>10</arg>
<doc>Waits until the element ``locator`` is visible.</doc>
<status status="PASS" start="2024-12-09T10:53:30.697254" elapsed="0.027525"/>
</kw>
<status status="PASS" start="2024-12-09T10:53:26.517653" elapsed="4.207126"/>
</kw>
<kw name="Quando preencho o patrimonio" owner="Login_Steps">
<kw name="Click Element" owner="SeleniumLibrary">
<msg time="2024-12-09T10:53:30.726779" level="INFO">Clicking element 'xpath=//*[@id="intentInvest"]'.</msg>
<arg>xpath=${Registro.Selection_patrimonio}</arg>
<doc>Click the element identified by ``locator``.</doc>
<status status="PASS" start="2024-12-09T10:53:30.725784" elapsed="0.138512"/>
</kw>
<kw name="Wait Until Element Is Visible" owner="SeleniumLibrary">
<arg>xpath=${Registro.Selection_patrimonio}</arg>
<arg>10</arg>
<doc>Waits until the element ``locator`` is visible.</doc>
<status status="PASS" start="2024-12-09T10:53:30.865505" elapsed="0.051637"/>
</kw>
<kw name="Click Element" owner="SeleniumLibrary">
<msg time="2024-12-09T10:53:30.918150" level="INFO">Clicking element 'xpath=//*[contains(text(), " Até R$ 5 mil ")]'.</msg>
<arg>xpath=${Registro.Opc_SelecionaValor}</arg>
<doc>Click the element identified by ``locator``.</doc>
<status status="PASS" start="2024-12-09T10:53:30.917142" elapsed="0.132693"/>
</kw>
<status status="PASS" start="2024-12-09T10:53:30.724779" elapsed="0.326056"/>
</kw>
<kw name="Quando preencho o telefone" owner="Login_Steps">
<kw name="Wait Until Element Is Visible" owner="SeleniumLibrary">
<arg>xpath=${Registro.Input_phone}</arg>
<arg>10</arg>
<doc>Waits until the element ``locator`` is visible.</doc>
<status status="PASS" start="2024-12-09T10:53:31.050835" elapsed="0.030085"/>
</kw>
<kw name="Gerador Telefonico" owner="TelefoneGerator">
<msg time="2024-12-09T10:53:31.081920" level="INFO">${TelefoneFake} = 77992813877</msg>
<var>${TelefoneFake}</var>
<status status="PASS" start="2024-12-09T10:53:31.080920" elapsed="0.001000"/>
</kw>
<kw name="Input Text" owner="SeleniumLibrary">
<msg time="2024-12-09T10:53:31.081920" level="INFO">Typing text '77992813877' into text field 'xpath=//*[@id="phoneNumber"]'.</msg>
<arg>xpath=${Registro.Input_phone}</arg>
<arg>${TelefoneFake}</arg>
<doc>Types the given ``text`` into the text field identified by ``locator``.</doc>
<status status="PASS" start="2024-12-09T10:53:31.081920" elapsed="0.198186"/>
</kw>
<status status="PASS" start="2024-12-09T10:53:31.050835" elapsed="0.229271"/>
</kw>
<kw name="Quando preencho o cadastro" owner="Login_Steps">
<kw name="Wait Until Element Is Visible" owner="SeleniumLibrary">
<arg>xpath=${Registro.Input_name}</arg>
<arg>10</arg>
<doc>Waits until the element ``locator`` is visible.</doc>
<status status="PASS" start="2024-12-09T10:53:31.281102" elapsed="0.031843"/>
</kw>
<kw name="Input Text" owner="SeleniumLibrary">
<msg time="2024-12-09T10:53:31.313973" level="INFO">Typing text 'Nome Para Teste' into text field 'xpath=//*[@id="name"]'.</msg>
<arg>xpath=${Registro.Input_name}</arg>
<arg>${NomeFake}</arg>
<doc>Types the given ``text`` into the text field identified by ``locator``.</doc>
<status status="PASS" start="2024-12-09T10:53:31.312945" elapsed="0.204785"/>
</kw>
<kw name="Wait Until Element Is Visible" owner="SeleniumLibrary">
<arg>xpath=${Registro.Input_CPF}</arg>
<arg>10</arg>
<doc>Waits until the element ``locator`` is visible.</doc>
<status status="PASS" start="2024-12-09T10:53:31.518738" elapsed="0.024147"/>
</kw>
<kw name="Generate Cpf" owner="CPFGenerator">
<msg time="2024-12-09T10:53:31.543886" level="INFO">${CPFFake} = 144.120.039-81</msg>
<var>${CPFFake}</var>
<status status="PASS" start="2024-12-09T10:53:31.543886" elapsed="0.000000"/>
</kw>
<kw name="Input Text" owner="SeleniumLibrary">
<msg time="2024-12-09T10:53:31.544917" level="INFO">Typing text '144.120.039-81' into text field 'xpath=//*[@id="cpfcnpj"]'.</msg>
<arg>xpath=${Registro.Input_CPF}</arg>
<arg>${CPFFake}</arg>
<doc>Types the given ``text`` into the text field identified by ``locator``.</doc>
<status status="PASS" start="2024-12-09T10:53:31.543886" elapsed="0.201385"/>
</kw>
<kw name="Wait Until Element Is Visible" owner="SeleniumLibrary">
<arg>xpath=${Registro.Input_Email}</arg>
<arg>10</arg>
<doc>Waits until the element ``locator`` is visible.</doc>
<status status="PASS" start="2024-12-09T10:53:31.745271" elapsed="0.026694"/>
</kw>
<kw name="Email" owner="FakerLibrary">
<msg time="2024-12-09T10:53:31.772968" level="INFO">${EmailFake} = thiago67@example.org</msg>
<var>${EmailFake}</var>
<status status="PASS" start="2024-12-09T10:53:31.771965" elapsed="0.001003"/>
</kw>
<kw name="Input Text" owner="SeleniumLibrary">
<msg time="2024-12-09T10:53:31.773962" level="INFO">Typing text 'thiago67@example.org' into text field 'xpath=//*[@id="email"]'.</msg>
<arg>xpath=${Registro.Input_Email}</arg>
<arg>${EmailFake}</arg>
<doc>Types the given ``text`` into the text field identified by ``locator``.</doc>
<status status="PASS" start="2024-12-09T10:53:31.772968" elapsed="0.260329"/>
</kw>
<kw name="Wait Until Element Is Visible" owner="SeleniumLibrary">
<arg>xpath=${Registro.Input_Senha}</arg>
<arg>10</arg>
<doc>Waits until the element ``locator`` is visible.</doc>
<status status="PASS" start="2024-12-09T10:53:32.033297" elapsed="0.030180"/>
</kw>
<kw name="Input Text" owner="SeleniumLibrary">
<msg time="2024-12-09T10:53:32.063477" level="INFO">Typing text 'Senha123!' into text field 'xpath=//*[@id="password"]'.</msg>
<arg>xpath=${Registro.Input_Senha}</arg>
<arg>${SenhaFake}</arg>
<doc>Types the given ``text`` into the text field identified by ``locator``.</doc>
<status status="PASS" start="2024-12-09T10:53:32.063477" elapsed="0.170929"/>
</kw>
<kw name="Wait Until Element Is Visible" owner="SeleniumLibrary">
<arg>xpath=${Registro.Input_RepitaSenha}</arg>
<arg>10</arg>
<doc>Waits until the element ``locator`` is visible.</doc>
<status status="PASS" start="2024-12-09T10:53:32.236405" elapsed="0.058595"/>
</kw>
<kw name="Input Text" owner="SeleniumLibrary">
<msg time="2024-12-09T10:53:32.296095" level="INFO">Typing text 'Senha123!' into text field 'xpath=//*[@id="rePassword"]'.</msg>
<arg>xpath=${Registro.Input_RepitaSenha}</arg>
<arg>${SenhaFake}</arg>
<doc>Types the given ``text`` into the text field identified by ``locator``.</doc>
<status status="PASS" start="2024-12-09T10:53:32.295000" elapsed="0.179887"/>
</kw>
<status status="PASS" start="2024-12-09T10:53:31.280106" elapsed="1.195290"/>
</kw>
<kw name="Quando Clico em continua (Abra sua Conta)" owner="Login_Steps">
<kw name="Wait Until Element Is Visible" owner="SeleniumLibrary">
<arg>xpath=${Registro.Button_Continua}</arg>
<arg>10</arg>
<doc>Waits until the element ``locator`` is visible.</doc>
<status status="PASS" start="2024-12-09T10:53:32.475396" elapsed="0.025397"/>
</kw>
<kw name="Click Element" owner="SeleniumLibrary">
<msg time="2024-12-09T10:53:32.500793" level="INFO">Clicking element 'xpath=//*[@id="step-1"]/div/div[2]/div[2]/div[8]/div/button'.</msg>
<arg>xpath=${Registro.Button_Continua}</arg>
<doc>Click the element identified by ``locator``.</doc>
<status status="PASS" start="2024-12-09T10:53:32.500793" elapsed="0.271986"/>
</kw>
<status status="PASS" start="2024-12-09T10:53:32.475396" elapsed="0.298384"/>
</kw>
<kw name="E verifico se ha notificações pop up" owner="Login_Steps">
<kw name="Run Keyword And Ignore Error" owner="BuiltIn">
<kw name="Handle Alert" owner="SeleniumLibrary">
<msg time="2024-12-09T10:53:32.774779" level="INFO">HANDLE::&lt;class 'NoneType'&gt;::None</msg>
<msg time="2024-12-09T10:53:38.100153" level="INFO" html="true">&lt;/td&gt;&lt;/tr&gt;&lt;tr&gt;&lt;td colspan="3"&gt;&lt;a href="selenium-screenshot-13.png"&gt;&lt;img src="selenium-screenshot-13.png" width="800px"&gt;&lt;/a&gt;</msg>
<msg time="2024-12-09T10:53:38.100153" level="FAIL">Alert not found in 5 seconds.</msg>
<arg>DISMISS</arg>
<doc>Handles the current alert and returns its message.</doc>
<status status="FAIL" start="2024-12-09T10:53:32.774779" elapsed="5.335891">Alert not found in 5 seconds.</status>
</kw>
<arg>Handle Alert</arg>
<arg>DISMISS</arg>
<doc>Runs the given keyword with the given arguments and ignores possible error.</doc>
<status status="PASS" start="2024-12-09T10:53:32.773780" elapsed="5.336890"/>
</kw>
<status status="PASS" start="2024-12-09T10:53:32.773780" elapsed="5.336890"/>
</kw>
<kw name="Quando preencho os dados pessoais de nascimento" owner="Login_Steps">
<kw name="Wait Until Element Is Visible" owner="SeleniumLibrary">
<arg>xpath=${DadosPessoais.Input_DataNasc}</arg>
<arg>10</arg>
<doc>Waits until the element ``locator`` is visible.</doc>
<status status="PASS" start="2024-12-09T10:53:38.111670" elapsed="0.042010"/>
</kw>
<kw name="Input Text" owner="SeleniumLibrary">
<msg time="2024-12-09T10:53:38.154680" level="INFO">Typing text '22/11/2002' into text field 'xpath=//*[@id="birthDate"]'.</msg>
<arg>xpath=${DadosPessoais.Input_DataNasc}</arg>
<arg>${DataNasc}</arg>
<doc>Types the given ``text`` into the text field identified by ``locator``.</doc>
<status status="PASS" start="2024-12-09T10:53:38.153680" elapsed="0.168071"/>
</kw>
<arg>${DataNasc}</arg>
<status status="PASS" start="2024-12-09T10:53:38.111670" elapsed="0.211079"/>
</kw>
<kw name="Quando preencho os dados pessoais restantes" owner="Login_Steps">
<kw name="Wait Until Element Is Visible" owner="SeleniumLibrary">
<arg>xpath=${DadosPessoais.Input_Mae}</arg>
<arg>40</arg>
<doc>Waits until the element ``locator`` is visible.</doc>
<status status="PASS" start="2024-12-09T10:53:38.323751" elapsed="0.027042"/>
</kw>
<kw name="Click Element" owner="SeleniumLibrary">
<msg time="2024-12-09T10:53:38.351817" level="INFO">Clicking element 'xpath=//*[@id="gender"]/div[1]/label'.</msg>
<arg>xpath=${DadosPessoais.Genero}</arg>
<doc>Click the element identified by ``locator``.</doc>
<status status="PASS" start="2024-12-09T10:53:38.350793" elapsed="0.159804"/>
</kw>
<kw name="Wait Until Element Is Visible" owner="SeleniumLibrary">
<arg>xpath=${DadosPessoais.Input_Mae}</arg>
<arg>10</arg>
<doc>Waits until the element ``locator`` is visible.</doc>
<status status="PASS" start="2024-12-09T10:53:38.510597" elapsed="0.022001"/>
</kw>
<kw name="Input Text" owner="SeleniumLibrary">
<msg time="2024-12-09T10:53:38.534069" level="INFO">Typing text 'Nome da Mae Para Teste' into text field 'xpath=//*[@id="motherName"]'.</msg>
<arg>xpath=${DadosPessoais.Input_Mae}</arg>
<arg>${NomeFakeMae}</arg>
<doc>Types the given ``text`` into the text field identified by ``locator``.</doc>
<status status="PASS" start="2024-12-09T10:53:38.534069" elapsed="0.224641"/>
</kw>
<kw name="Wait Until Element Is Visible" owner="SeleniumLibrary">
<arg>xpath=${DadosPessoais.Input_Pai}</arg>
<arg>10</arg>
<doc>Waits until the element ``locator`` is visible.</doc>
<status status="PASS" start="2024-12-09T10:53:38.759720" elapsed="0.034112"/>
</kw>
<kw name="Input Text" owner="SeleniumLibrary">
<msg time="2024-12-09T10:53:38.794839" level="INFO">Typing text 'Nome do Pai Para Teste' into text field 'xpath=//*[@id="fatherName"]'.</msg>
<arg>xpath=${DadosPessoais.Input_Pai}</arg>
<arg>${NomeFakePai}</arg>
<doc>Types the given ``text`` into the text field identified by ``locator``.</doc>
<status status="PASS" start="2024-12-09T10:53:38.793832" elapsed="0.205958"/>
</kw>
<kw name="Click Element" owner="SeleniumLibrary">
<msg time="2024-12-09T10:53:39.000825" level="INFO">Clicking element 'xpath=//*[@id="birthStateID"]'.</msg>
<arg>xpath=${DadosPessoais.Selection_Estado}</arg>
<doc>Click the element identified by ``locator``.</doc>
<status status="PASS" start="2024-12-09T10:53:38.999790" elapsed="0.132361"/>
</kw>
<kw name="Wait Until Element Is Visible" owner="SeleniumLibrary">
<arg>xpath=${DadosPessoais.Opc_SelecionarEstado}</arg>
<arg>10</arg>
<doc>Waits until the element ``locator`` is visible.</doc>
<status status="PASS" start="2024-12-09T10:53:39.133154" elapsed="0.034537"/>
</kw>
<kw name="Click Element" owner="SeleniumLibrary">
<msg time="2024-12-09T10:53:39.168699" level="INFO">Clicking element 'xpath=//*[contains(text(), "Bahia")]'.</msg>
<arg>xpath=${DadosPessoais.Opc_SelecionarEstado}</arg>
<doc>Click the element identified by ``locator``.</doc>
<status status="PASS" start="2024-12-09T10:53:39.167691" elapsed="0.061979"/>
</kw>
<kw name="Input Text" owner="SeleniumLibrary">
<msg time="2024-12-09T10:53:39.231670" level="INFO">Typing text 'Bom Jesus da Lapa' into text field 'xpath=//*[@id="birthCityID"]'.</msg>
<arg>xpath=${DadosPessoais.Input_Cidade}</arg>
<arg>${CidadeFake}</arg>
<doc>Types the given ``text`` into the text field identified by ``locator``.</doc>
<status status="PASS" start="2024-12-09T10:53:39.230671" elapsed="0.235619"/>
</kw>
<kw name="Click Element" owner="SeleniumLibrary">
<msg time="2024-12-09T10:53:39.467287" level="INFO">Clicking element 'xpath=//*[@id="educationDegreeID"]'.</msg>
<arg>xpath=${DadosPessoais.Selection_Formacao}</arg>
<doc>Click the element identified by ``locator``.</doc>
<status status="PASS" start="2024-12-09T10:53:39.467287" elapsed="0.182247"/>
</kw>
<kw name="Wait Until Element Is Visible" owner="SeleniumLibrary">
<arg>xpath=${DadosPessoais.Opc_Formacao}</arg>
<arg>10</arg>
<doc>Waits until the element ``locator`` is visible.</doc>
<status status="PASS" start="2024-12-09T10:53:39.650541" elapsed="0.034646"/>
</kw>
<kw name="Click Element" owner="SeleniumLibrary">
<msg time="2024-12-09T10:53:39.686999" level="INFO">Clicking element 'xpath=//*[contains(text(), "Ensino Superior")]'.</msg>
<arg>xpath=${DadosPessoais.Opc_Formacao}</arg>
<doc>Click the element identified by ``locator``.</doc>
<status status="PASS" start="2024-12-09T10:53:39.685187" elapsed="0.072468"/>
</kw>
<kw name="Click Element" owner="SeleniumLibrary">
<msg time="2024-12-09T10:53:39.758657" level="INFO">Clicking element 'xpath=//*[@id="maritalStatusID"]'.</msg>
<arg>xpath=${DadosPessoais.Selection_EstadoCivil}</arg>
<doc>Click the element identified by ``locator``.</doc>
<status status="PASS" start="2024-12-09T10:53:39.758657" elapsed="0.186032"/>
</kw>
<kw name="Wait Until Element Is Visible" owner="SeleniumLibrary">
<arg>xpath=${DadosPessoais.Opc_EstadoCivil}</arg>
<arg>10</arg>
<doc>Waits until the element ``locator`` is visible.</doc>
<status status="PASS" start="2024-12-09T10:53:39.945712" elapsed="0.037710"/>
</kw>
<kw name="Click Element" owner="SeleniumLibrary">
<msg time="2024-12-09T10:53:39.984424" level="INFO">Clicking element 'xpath=//*[contains(text(), "Solteiro(a)")]'.</msg>
<arg>xpath=${DadosPessoais.Opc_EstadoCivil}</arg>
<doc>Click the element identified by ``locator``.</doc>
<status status="PASS" start="2024-12-09T10:53:39.983422" elapsed="0.141591"/>
</kw>
<kw name="Click Element" owner="SeleniumLibrary">
<msg time="2024-12-09T10:53:40.125013" level="INFO">Clicking element 'xpath=//*[@id="intentInvest"]'.</msg>
<arg>xpath=${Registro.Selection_patrimonio}</arg>
<doc>Click the element identified by ``locator``.</doc>
<status status="PASS" start="2024-12-09T10:53:40.125013" elapsed="0.122637"/>
</kw>
<kw name="Wait Until Element Is Visible" owner="SeleniumLibrary">
<arg>xpath=${Registro.Selection_patrimonio}</arg>
<arg>10</arg>
<doc>Waits until the element ``locator`` is visible.</doc>
<status status="PASS" start="2024-12-09T10:53:40.248651" elapsed="0.029370"/>
</kw>
<kw name="Click Element" owner="SeleniumLibrary">
<msg time="2024-12-09T10:53:40.279023" level="INFO">Clicking element 'xpath=//*[contains(text(), " Até R$ 5 mil ")]'.</msg>
<arg>xpath=${Registro.Opc_SelecionaValor}</arg>
<doc>Click the element identified by ``locator``.</doc>
<status status="PASS" start="2024-12-09T10:53:40.278021" elapsed="0.034959"/>
</kw>
<kw name="Wait Until Element Is Visible" owner="SeleniumLibrary">
<arg>xpath=${Registro.Input_phone}</arg>
<arg>10</arg>
<doc>Waits until the element ``locator`` is visible.</doc>
<status status="PASS" start="2024-12-09T10:53:40.312980" elapsed="0.021666"/>
</kw>
<kw name="Gerador Telefonico" owner="TelefoneGerator">
<msg time="2024-12-09T10:53:40.334646" level="INFO">${TelefoneFake} = 77998003303</msg>
<var>${TelefoneFake}</var>
<status status="PASS" start="2024-12-09T10:53:40.334646" elapsed="0.000000"/>
</kw>
<kw name="Input Text" owner="SeleniumLibrary">
<msg time="2024-12-09T10:53:40.336655" level="INFO">Typing text '77998003303' into text field 'xpath=//*[@id="phoneNumber"]'.</msg>
<arg>xpath=${Registro.Input_phone}</arg>
<arg>${TelefoneFake}</arg>
<doc>Types the given ``text`` into the text field identified by ``locator``.</doc>
<status status="PASS" start="2024-12-09T10:53:40.335654" elapsed="0.201496"/>
</kw>
<kw name="Wait Until Element Is Visible" owner="SeleniumLibrary">
<arg>xpath=${DadosPessoais.Button_ContinuaDP}</arg>
<arg>10</arg>
<doc>Waits until the element ``locator`` is visible.</doc>
<status status="PASS" start="2024-12-09T10:53:40.537150" elapsed="0.027195"/>
</kw>
<kw name="Click Element" owner="SeleniumLibrary">
<msg time="2024-12-09T10:53:40.564345" level="INFO">Clicking element 'xpath=//*[@id="step-2"]/div/div/div[1]/div/div[11]/div/button'.</msg>
<arg>xpath=${DadosPessoais.Button_ContinuaDP}</arg>
<doc>Click the element identified by ``locator``.</doc>
<status status="PASS" start="2024-12-09T10:53:40.564345" elapsed="0.166207"/>
</kw>
<status status="PASS" start="2024-12-09T10:53:38.322749" elapsed="2.407803"/>
</kw>
<kw name=" Quando preencho os dados da CNH" owner="Login_Steps">
<kw name="Wait Until Element Is Visible" owner="SeleniumLibrary">
<arg>xpath=${Documentos.Radio_Doc}</arg>
<arg>10</arg>
<doc>Waits until the element ``locator`` is visible.</doc>
<status status="PASS" start="2024-12-09T10:53:40.731892" elapsed="0.609049"/>
</kw>
<kw name="Click Element" owner="SeleniumLibrary">
<msg time="2024-12-09T10:53:41.342952" level="INFO">Clicking element 'xpath=//*[@id="typeID"]/div[1]/label'.</msg>
<arg>xpath=${Documentos.Opc_CNH}</arg>
<doc>Click the element identified by ``locator``.</doc>
<status status="PASS" start="2024-12-09T10:53:41.341949" elapsed="0.169757"/>
</kw>
<kw name="Wait Until Element Is Visible" owner="SeleniumLibrary">
<arg>xpath=${Documentos.Input_CNH}</arg>
<arg>10</arg>
<doc>Waits until the element ``locator`` is visible.</doc>
<status status="PASS" start="2024-12-09T10:53:41.511706" elapsed="0.067220"/>
</kw>
<kw name="Input Text" owner="SeleniumLibrary">
<msg time="2024-12-09T10:53:41.579927" level="INFO">Typing text '12345678911' into text field 'xpath=(//*[@id="identificationDocumentNumber"])[1]'.</msg>
<arg>xpath=${Documentos.Input_CNH}</arg>
<arg>${NumCNHFake}</arg>
<doc>Types the given ``text`` into the text field identified by ``locator``.</doc>
<status status="PASS" start="2024-12-09T10:53:41.579927" elapsed="0.157156"/>
</kw>
<kw name="Wait Until Element Is Visible" owner="SeleniumLibrary">
<arg>xpath=${Documentos.Input_DataValid}</arg>
<arg>10</arg>
<doc>Waits until the element ``locator`` is visible.</doc>
<status status="PASS" start="2024-12-09T10:53:41.737083" elapsed="0.035202"/>
</kw>
<kw name="Input Text" owner="SeleniumLibrary">
<msg time="2024-12-09T10:53:41.773310" level="INFO">Typing text '22/11/2030' into text field 'xpath=//*[@id="identificationDocumentExpirationDate"]'.</msg>
<arg>xpath=${Documentos.Input_DataValid}</arg>
<arg>${DataEmisFake}</arg>
<doc>Types the given ``text`` into the text field identified by ``locator``.</doc>
<status status="PASS" start="2024-12-09T10:53:41.772285" elapsed="0.229828"/>
</kw>
<kw name="Wait Until Element Is Visible" owner="SeleniumLibrary">
<arg>xpath=${Documentos.Selection_OrgEmissor}</arg>
<arg>10</arg>
<doc>Waits until the element ``locator`` is visible.</doc>
<status status="PASS" start="2024-12-09T10:53:42.002113" elapsed="0.054839"/>
</kw>
<kw name="Click Element" owner="SeleniumLibrary">
<msg time="2024-12-09T10:53:42.057962" level="INFO">Clicking element 'xpath=//*[contains(text(), "Bahia")]'.</msg>
<arg>xpath=${Documentos.Opc_SelecionarEstadoDoc}</arg>
<doc>Click the element identified by ``locator``.</doc>
<status status="PASS" start="2024-12-09T10:53:42.056952" elapsed="0.108258"/>
</kw>
<kw name="Wait Until Element Is Visible" owner="SeleniumLibrary">
<arg>xpath=${Documentos.Input_DataEmiss}</arg>
<arg>10</arg>
<doc>Waits until the element ``locator`` is visible.</doc>
<status status="PASS" start="2024-12-09T10:53:42.165210" elapsed="0.066439"/>
</kw>
<kw name="Input Text" owner="SeleniumLibrary">
<msg time="2024-12-09T10:53:42.232665" level="INFO">Typing text '22/11/2020' into text field 'xpath=(//*[@id="identificationDocumentIssuedDate"])[1]'.</msg>
<arg>xpath=${Documentos.Input_DataEmiss}</arg>
<arg>${DataVencFake}</arg>
<doc>Types the given ``text`` into the text field identified by ``locator``.</doc>
<status status="PASS" start="2024-12-09T10:53:42.231649" elapsed="0.192030"/>
</kw>
<kw name="Wait Until Element Is Visible" owner="SeleniumLibrary">
<arg>xpath=${Documentos.Input_CodigoSeguranca}</arg>
<arg>10</arg>
<doc>Waits until the element ``locator`` is visible.</doc>
<status status="PASS" start="2024-12-09T10:53:42.424671" elapsed="0.039709"/>
</kw>
<kw name="Input Text" owner="SeleniumLibrary">
<msg time="2024-12-09T10:53:42.465395" level="INFO">Typing text '12345678910' into text field 'xpath=//*[@id="identificationDocumentSecurityCode"]'.</msg>
<arg>xpath=${Documentos.Input_CodigoSeguranca}</arg>
<arg>${CodSeguFake}</arg>
<doc>Types the given ``text`` into the text field identified by ``locator``.</doc>
<status status="PASS" start="2024-12-09T10:53:42.464380" elapsed="0.220371"/>
</kw>
<kw name="Click Element" owner="SeleniumLibrary">
<msg time="2024-12-09T10:53:42.686264" level="INFO">Clicking element 'xpath=//*[@id="ofAge"]/div/div/div[2]/div/div[4]/div/button[2]'.</msg>
<arg>xpath=${Documentos.ButtonCotinuaDoc}</arg>
<doc>Click the element identified by ``locator``.</doc>
<status status="PASS" start="2024-12-09T10:53:42.684751" elapsed="0.177417"/>
</kw>
<status status="PASS" start="2024-12-09T10:53:40.731892" elapsed="2.130276"/>
</kw>
<kw name="Quando preencho os dados de endereco" owner="Login_Steps">
<kw name="Wait Until Element Is Visible" owner="SeleniumLibrary">
<arg>xpath=${Endereco.Input_Edereco}</arg>
<arg>10</arg>
<doc>Waits until the element ``locator`` is visible.</doc>
<status status="PASS" start="2024-12-09T10:53:42.863170" elapsed="0.545058"/>
</kw>
<kw name="Wait Until Element Is Visible" owner="SeleniumLibrary">
<arg>xpath=${Endereco.Input_Bairro}</arg>
<arg>10</arg>
<doc>Waits until the element ``locator`` is visible.</doc>
<status status="PASS" start="2024-12-09T10:53:43.408228" elapsed="0.025473"/>
</kw>
<kw name="Wait Until Element Is Visible" owner="SeleniumLibrary">
<arg>xpath=${Endereco.Input_Cep}</arg>
<arg>10</arg>
<doc>Waits until the element ``locator`` is visible.</doc>
<status status="PASS" start="2024-12-09T10:53:43.433701" elapsed="0.023576"/>
</kw>
<kw name="Input Text" owner="SeleniumLibrary">
<msg time="2024-12-09T10:53:43.458277" level="INFO">Typing text '47.600-000' into text field 'xpath=//*[@id="zipCode"]'.</msg>
<arg>xpath=${Endereco.Input_Cep}</arg>
<arg>${CepFake}</arg>
<doc>Types the given ``text`` into the text field identified by ``locator``.</doc>
<status status="PASS" start="2024-12-09T10:53:43.457277" elapsed="0.215917"/>
</kw>
<kw name="Sleep" owner="BuiltIn">
<msg time="2024-12-09T10:53:45.674296" level="INFO">Slept 2 seconds.</msg>
<arg>2</arg>
<doc>Pauses the test executed for the given time.</doc>
<status status="PASS" start="2024-12-09T10:53:43.674194" elapsed="2.000102"/>
</kw>
<kw name="Wait Until Element Is Visible" owner="SeleniumLibrary">
<arg>xpath=${Endereco.Input_Num}</arg>
<arg>10</arg>
<doc>Waits until the element ``locator`` is visible.</doc>
<status status="PASS" start="2024-12-09T10:53:45.674800" elapsed="0.031428"/>
</kw>
<kw name="Input Text" owner="SeleniumLibrary">
<msg time="2024-12-09T10:53:45.707228" level="INFO">Typing text '57' into text field 'xpath=//*[@id="number"]'.</msg>
<arg>xpath=${Endereco.Input_Num}</arg>
<arg>${NunFake}</arg>
<doc>Types the given ``text`` into the text field identified by ``locator``.</doc>
<status status="PASS" start="2024-12-09T10:53:45.706228" elapsed="0.123072"/>
</kw>
<kw name="Wait Until Element Is Visible" owner="SeleniumLibrary">
<arg>xpath=${Endereco.Input_Complemento}</arg>
<arg>10</arg>
<doc>Waits until the element ``locator`` is visible.</doc>
<status status="PASS" start="2024-12-09T10:53:45.829300" elapsed="0.028042"/>
</kw>
<kw name="Input Text" owner="SeleniumLibrary">
<msg time="2024-12-09T10:53:45.857342" level="INFO">Typing text 'Casa' into text field 'xpath=//*[@id="complement"]'.</msg>
<arg>xpath=${Endereco.Input_Complemento}</arg>
<arg>${CompFake}</arg>
<doc>Types the given ``text`` into the text field identified by ``locator``.</doc>
<status status="PASS" start="2024-12-09T10:53:45.857342" elapsed="0.138076"/>
</kw>
<kw name="Input Text" owner="SeleniumLibrary">
<msg time="2024-12-09T10:53:45.996421" level="INFO">Typing text 'Rua para teste' into text field 'xpath=//*[@id="streetName"]'.</msg>
<arg>xpath=${Endereco.Input_Edereco}</arg>
<arg>${EndFake}</arg>
<doc>Types the given ``text`` into the text field identified by ``locator``.</doc>
<status status="PASS" start="2024-12-09T10:53:45.995418" elapsed="0.150149"/>
</kw>
<kw name="Input Text" owner="SeleniumLibrary">
<msg time="2024-12-09T10:53:46.147564" level="INFO">Typing text 'Centro' into text field 'xpath=//*[@id="district"]'.</msg>
<arg>xpath=${Endereco.Input_Bairro}</arg>
<arg>${BairroFake}</arg>
<doc>Types the given ``text`` into the text field identified by ``locator``.</doc>
<status status="PASS" start="2024-12-09T10:53:46.146568" elapsed="0.167375"/>
</kw>
<kw name="Sleep" owner="BuiltIn">
<msg time="2024-12-09T10:53:48.314133" level="INFO">Slept 2 seconds.</msg>
<arg>2</arg>
<doc>Pauses the test executed for the given time.</doc>
<status status="PASS" start="2024-12-09T10:53:46.313943" elapsed="2.000190"/>
</kw>
<kw name="Get Value" owner="SeleniumLibrary">
<msg time="2024-12-09T10:53:48.344355" level="INFO">${endereco_value} = </msg>
<var>${endereco_value}</var>
<arg>xpath=${Endereco.Input_Edereco}</arg>
<doc>Returns the value attribute of the element identified by ``locator``.</doc>
<status status="PASS" start="2024-12-09T10:53:48.314133" elapsed="0.030222"/>
</kw>
<kw name="Run Keyword If" owner="BuiltIn">
<kw name="Input Text" owner="SeleniumLibrary">
<msg time="2024-12-09T10:53:48.346348" level="INFO">Typing text 'Rua para teste' into text field 'xpath=//*[@id="streetName"]'.</msg>
<arg>xpath=${Endereco.Input_Edereco}</arg>
<arg>${EndFake}</arg>
<doc>Types the given ``text`` into the text field identified by ``locator``.</doc>
<status status="PASS" start="2024-12-09T10:53:48.345356" elapsed="0.206829"/>
</kw>
<arg>'${endereco_value}' == ''</arg>
<arg>Input Text</arg>
<arg>xpath=${Endereco.Input_Edereco}</arg>
<arg>${EndFake}</arg>
<doc>Runs the given keyword with the given arguments, if ``condition`` is true.</doc>
<status status="PASS" start="2024-12-09T10:53:48.344355" elapsed="0.207830"/>
</kw>
<kw name="Get Value" owner="SeleniumLibrary">
<msg time="2024-12-09T10:53:48.577754" level="INFO">${bairro_value} = Centro</msg>
<var>${bairro_value}</var>
<arg>xpath=${Endereco.Input_Bairro}</arg>
<doc>Returns the value attribute of the element identified by ``locator``.</doc>
<status status="PASS" start="2024-12-09T10:53:48.552185" elapsed="0.025569"/>
</kw>
<kw name="Run Keyword If" owner="BuiltIn">
<arg>'${bairro_value}' == ''</arg>
<arg>Input Text</arg>
<arg>xpath=${Endereco.Input_Bairro}</arg>
<arg>${BairroFake}</arg>
<doc>Runs the given keyword with the given arguments, if ``condition`` is true.</doc>
<status status="PASS" start="2024-12-09T10:53:48.578857" elapsed="0.000000"/>
</kw>
<kw name="Sleep" owner="BuiltIn">
<msg time="2024-12-09T10:53:50.580045" level="INFO">Slept 2 seconds.</msg>
<arg>2</arg>
<doc>Pauses the test executed for the given time.</doc>
<status status="PASS" start="2024-12-09T10:53:48.578857" elapsed="2.001188"/>
</kw>
<kw name="Wait Until Element Is Visible" owner="SeleniumLibrary">
<arg>xpath=${Endereco.Button_ContinuaEnd}</arg>
<arg>10</arg>
<doc>Waits until the element ``locator`` is visible.</doc>
<status status="PASS" start="2024-12-09T10:53:50.580045" elapsed="0.034635"/>
</kw>
<kw name="Click Element" owner="SeleniumLibrary">
<msg time="2024-12-09T10:53:50.615681" level="INFO">Clicking element 'xpath=//*[@id="step-3"]/div/div/div[2]/div/div[9]/div/button[2]'.</msg>
<arg>xpath=${Endereco.Button_ContinuaEnd}</arg>
<doc>Click the element identified by ``locator``.</doc>
<status status="PASS" start="2024-12-09T10:53:50.614680" elapsed="0.167773"/>
</kw>
<status status="PASS" start="2024-12-09T10:53:42.863170" elapsed="7.919283"/>
</kw>
<kw name="Quando preencho os dados patrimoniais" owner="Login_Steps">
<kw name="Wait Until Element Is Visible" owner="SeleniumLibrary">
<arg>xpath=${DadosPatrimonio.Selection_Profissao}</arg>
<arg>10</arg>
<doc>Waits until the element ``locator`` is visible.</doc>
<status status="PASS" start="2024-12-09T10:53:50.783453" elapsed="1.013400"/>
</kw>
<kw name="Click Element" owner="SeleniumLibrary">
<msg time="2024-12-09T10:53:51.797879" level="INFO">Clicking element 'xpath=//*[@id="jobTypeID"]'.</msg>
<arg>xpath=${DadosPatrimonio.Selection_Profissao}</arg>
<doc>Click the element identified by ``locator``.</doc>
<status status="PASS" start="2024-12-09T10:53:51.797879" elapsed="0.214487"/>
</kw>
<kw name="Click Element" owner="SeleniumLibrary">
<msg time="2024-12-09T10:53:52.013377" level="INFO">Clicking element 'xpath=//*[contains(text(), " Administrador ")]'.</msg>
<arg>xpath=${DadosPatrimonio.Opc_Profissao}</arg>
<doc>Click the element identified by ``locator``.</doc>
<status status="PASS" start="2024-12-09T10:53:52.012366" elapsed="0.131749"/>
</kw>
<kw name="Wait Until Element Is Visible" owner="SeleniumLibrary">
<arg>xpath=${DadosPatrimonio.Radio_Prof}</arg>
<arg>40</arg>
<doc>Waits until the element ``locator`` is visible.</doc>
<status status="PASS" start="2024-12-09T10:53:52.144115" elapsed="0.030538"/>
</kw>
<kw name="Click Element" owner="SeleniumLibrary">
<msg time="2024-12-09T10:53:52.176654" level="INFO">Clicking element 'xpath=//*[@id="isEmployed_1"]'.</msg>
<arg>xpath=${DadosPatrimonio.Opc_Prof}</arg>
<doc>Click the element identified by ``locator``.</doc>
<status status="PASS" start="2024-12-09T10:53:52.175654" elapsed="0.253103"/>
</kw>
<kw name="Wait Until Element Is Visible" owner="SeleniumLibrary">
<arg>xpath=${DadosPatrimonio.Selection_Renda}</arg>
<arg>10</arg>
<doc>Waits until the element ``locator`` is visible.</doc>
<status status="PASS" start="2024-12-09T10:53:52.428757" elapsed="0.028521"/>
</kw>
<kw name="Click Element" owner="SeleniumLibrary">
<msg time="2024-12-09T10:53:52.458300" level="INFO">Clicking element 'xpath=(//*[@id="extraIncome"])[2]'.</msg>
<arg>xpath=${DadosPatrimonio.Selection_Renda}</arg>
<doc>Click the element identified by ``locator``.</doc>
<status status="PASS" start="2024-12-09T10:53:52.457278" elapsed="0.139836"/>
</kw>
<kw name="Click Element" owner="SeleniumLibrary">
<msg time="2024-12-09T10:53:52.598347" level="INFO">Clicking element 'xpath=//*[contains(text(), " Até R$1,5 mil")]'.</msg>
<arg>xpath=${DadosPatrimonio.Opc_Renda}</arg>
<doc>Click the element identified by ``locator``.</doc>
<status status="PASS" start="2024-12-09T10:53:52.597114" elapsed="0.107346"/>
</kw>
<kw name="Wait Until Element Is Visible" owner="SeleniumLibrary">
<arg>xpath=${DadosPatrimonio.Input_Moveis}</arg>
<arg>10</arg>
<doc>Waits until the element ``locator`` is visible.</doc>
<status status="PASS" start="2024-12-09T10:53:52.704460" elapsed="0.078142"/>
</kw>
<kw name="Input Text" owner="SeleniumLibrary">
<msg time="2024-12-09T10:53:52.783620" level="INFO">Typing text '3000' into text field 'xpath=//*[@id="movablePropertiesValue"]'.</msg>
<arg>xpath=${DadosPatrimonio.Input_Moveis}</arg>
<arg>${ValorMoveisFake}</arg>
<doc>Types the given ``text`` into the text field identified by ``locator``.</doc>
<status status="PASS" start="2024-12-09T10:53:52.782602" elapsed="0.208771"/>
</kw>
<kw name="Wait Until Element Is Visible" owner="SeleniumLibrary">
<arg>xpath=${DadosPatrimonio.Check_Diretrizes}</arg>
<arg>10</arg>
<doc>Waits until the element ``locator`` is visible.</doc>
<status status="PASS" start="2024-12-09T10:53:52.991879" elapsed="0.031012"/>
</kw>
<kw name="Click Element" owner="SeleniumLibrary">
<msg time="2024-12-09T10:53:53.023922" level="INFO">Clicking element 'xpath=//*[@id="mat-checkbox-1"]/label/div'.</msg>
<arg>xpath=${DadosPatrimonio.Check_Diretrizes}</arg>
<doc>Click the element identified by ``locator``.</doc>
<status status="PASS" start="2024-12-09T10:53:53.022891" elapsed="0.133192"/>
</kw>
<kw name="Wait Until Element Is Visible" owner="SeleniumLibrary">
<arg>xpath=${DadosPatrimonio.Check_Docs}</arg>
<arg>10</arg>
<doc>Waits until the element ``locator`` is visible.</doc>
<status status="PASS" start="2024-12-09T10:53:53.156083" elapsed="0.030195"/>
</kw>
<kw name="Click Element" owner="SeleniumLibrary">
<msg time="2024-12-09T10:53:53.187788" level="INFO">Clicking element 'xpath=//*[@id="mat-checkbox-2"]/label/div'.</msg>
<arg>xpath=${DadosPatrimonio.Check_Docs}</arg>
<doc>Click the element identified by ``locator``.</doc>
<status status="PASS" start="2024-12-09T10:53:53.186278" elapsed="0.136785"/>
</kw>
<kw name="Wait Until Element Is Visible" owner="SeleniumLibrary">
<arg>xpath=${DadosPatrimonio.Check_Privac}</arg>
<arg>10</arg>
<doc>Waits until the element ``locator`` is visible.</doc>
<status status="PASS" start="2024-12-09T10:53:53.323063" elapsed="0.035697"/>
</kw>
<kw name="Click Element" owner="SeleniumLibrary">
<msg time="2024-12-09T10:53:53.359767" level="INFO">Clicking element 'xpath=//*[@id="mat-checkbox-3"]/label/div'.</msg>
<arg>xpath=${DadosPatrimonio.Check_Privac}</arg>
<doc>Click the element identified by ``locator``.</doc>
<status status="PASS" start="2024-12-09T10:53:53.358760" elapsed="0.108222"/>
</kw>
<kw name="Execute Javascript" owner="SeleniumLibrary">
<msg time="2024-12-09T10:53:53.467983" level="INFO">Executing JavaScript:
var div = document.evaluate('//*[@id="step-4"]/div/div/div[2]/div[5]/div/div/div[1]/div', document, null, XPathResult.FIRST_ORDERED_NODE_TYPE, null).singleNodeValue; div.scrollTop = div.scrollHeight;
Without any arguments.</msg>
<arg>var div = document.evaluate('${DadosPatrimonio.Div_Contrato}', document, null, XPathResult.FIRST_ORDERED_NODE_TYPE, null).singleNodeValue; div.scrollTop = div.scrollHeight;</arg>
<doc>Executes the given JavaScript code with possible arguments.</doc>
<status status="PASS" start="2024-12-09T10:53:53.466982" elapsed="0.009764"/>
</kw>
<kw name="Wait Until Element Is Visible" owner="SeleniumLibrary">
<arg>xpath=${DadosPatrimonio.Check_Contrato}</arg>
<arg>10</arg>
<doc>Waits until the element ``locator`` is visible.</doc>
<status status="PASS" start="2024-12-09T10:53:53.476746" elapsed="0.031181"/>
</kw>
<kw name="Click Element" owner="SeleniumLibrary">
<msg time="2024-12-09T10:53:53.509928" level="INFO">Clicking element 'xpath=//*[@id="mat-checkbox-4"]/label/div'.</msg>
<arg>xpath=${DadosPatrimonio.Check_Contrato}</arg>
<doc>Click the element identified by ``locator``.</doc>
<status status="PASS" start="2024-12-09T10:53:53.508928" elapsed="0.106148"/>
</kw>
<kw name="Double Click Element" owner="SeleniumLibrary">
<msg time="2024-12-09T10:53:53.617097" level="INFO">Double clicking element 'xpath=//*[@id="step-4"]/div/div/div[2]/div[6]/div/div/button[2]'.</msg>
<arg>xpath=${DadosPatrimonio.Button_ContinuaPatri}</arg>
<doc>Double clicks the element identified by ``locator``.</doc>
<status status="PASS" start="2024-12-09T10:53:53.616102" elapsed="0.461127"/>
</kw>
<status status="PASS" start="2024-12-09T10:53:50.782453" elapsed="3.295800"/>
</kw>
<kw name="Então fecho o navegador" owner="Login_Steps">
<kw name="Close Browser" owner="SeleniumLibrary">
<doc>Closes the current browser.</doc>
<status status="PASS" start="2024-12-09T10:53:54.079258" elapsed="2.211544"/>
</kw>
<status status="PASS" start="2024-12-09T10:53:54.078253" elapsed="2.212549"/>
</kw>
<var name="${Browser}">chrome</var>
<status status="PASS" start="2024-12-09T10:53:15.031012" elapsed="41.259790"/>
</iter>
<iter>
<kw name="Log To Console" owner="BuiltIn">
<arg>\nExecutando teste no navegador: ${Browser}</arg>
<doc>Logs the given message to the console.</doc>
<status status="PASS" start="2024-12-09T10:53:56.292292" elapsed="0.000000"/>
</kw>
<kw name="Dado que acesse o Site no navegador:" owner="Login_Steps">
<kw name="Open Browser" owner="SeleniumLibrary">
<msg time="2024-12-09T10:53:56.294291" level="INFO">Opening browser 'edge' to base url 'https://www.toroinvestimentos.com.br/'.</msg>
<arg>${URL}</arg>
<arg>${Browser}</arg>
<doc>Opens a new browser instance to the optional ``url``.</doc>
<status status="PASS" start="2024-12-09T10:53:56.293288" elapsed="5.789427"/>
</kw>
<kw name="Wait Until Element Is Visible" owner="SeleniumLibrary">
<arg>xpath=${Home.ButtonAbraSuaConta}</arg>
<arg>10</arg>
<doc>Waits until the element ``locator`` is visible.</doc>
<status status="PASS" start="2024-12-09T10:54:02.082715" elapsed="0.037960"/>
</kw>
<arg>${Browser}</arg>
<status status="PASS" start="2024-12-09T10:53:56.293288" elapsed="5.827387"/>
</kw>
<kw name="Quando entro no Cadastro" owner="Login_Steps">
<kw name="Wait Until Element Is Visible" owner="SeleniumLibrary">
<arg>xpath=${Home.ButtonAbraSuaConta}</arg>
<arg>10</arg>
<doc>Waits until the element ``locator`` is visible.</doc>
<status status="PASS" start="2024-12-09T10:54:02.121675" elapsed="0.019000"/>
</kw>
<kw name="Click Element" owner="SeleniumLibrary">
<msg time="2024-12-09T10:54:02.142674" level="INFO">Clicking element 'xpath=//*[@id="__next"]/div[2]/div/div[2]/a[2]'.</msg>
<arg>xpath=${Home.ButtonAbraSuaConta}</arg>
<doc>Click the element identified by ``locator``.</doc>
<status status="PASS" start="2024-12-09T10:54:02.141679" elapsed="0.230800"/>
</kw>
<kw name="Switch Window" owner="SeleniumLibrary">
<arg>title=${TituloCadastro}</arg>
<doc>Switches to browser window matching ``locator``.</doc>
<status status="PASS" start="2024-12-09T10:54:02.373748" elapsed="4.572981"/>
</kw>
<kw name="Wait Until Element Is Visible" owner="SeleniumLibrary">
<arg>xpath=${Registro.Input_name}</arg>
<arg>10</arg>
<doc>Waits until the element ``locator`` is visible.</doc>
<status status="PASS" start="2024-12-09T10:54:06.946729" elapsed="0.023310"/>
</kw>
<status status="PASS" start="2024-12-09T10:54:02.121675" elapsed="4.849840"/>
</kw>
<kw name="Quando preencho o patrimonio" owner="Login_Steps">
<kw name="Click Element" owner="SeleniumLibrary">
<msg time="2024-12-09T10:54:06.971515" level="INFO">Clicking element 'xpath=//*[@id="intentInvest"]'.</msg>
<arg>xpath=${Registro.Selection_patrimonio}</arg>
<doc>Click the element identified by ``locator``.</doc>
<status status="PASS" start="2024-12-09T10:54:06.971515" elapsed="0.159078"/>
</kw>
<kw name="Wait Until Element Is Visible" owner="SeleniumLibrary">
<arg>xpath=${Registro.Selection_patrimonio}</arg>
<arg>10</arg>
<doc>Waits until the element ``locator`` is visible.</doc>
<status status="PASS" start="2024-12-09T10:54:07.130593" elapsed="0.043842"/>
</kw>
<kw name="Click Element" owner="SeleniumLibrary">
<msg time="2024-12-09T10:54:07.176446" level="INFO">Clicking element 'xpath=//*[contains(text(), " Até R$ 5 mil ")]'.</msg>
<arg>xpath=${Registro.Opc_SelecionaValor}</arg>
<doc>Click the element identified by ``locator``.</doc>
<status status="PASS" start="2024-12-09T10:54:07.175452" elapsed="0.115720"/>
</kw>
<status status="PASS" start="2024-12-09T10:54:06.971515" elapsed="0.321199"/>
</kw>
<kw name="Quando preencho o telefone" owner="Login_Steps">
<kw name="Wait Until Element Is Visible" owner="SeleniumLibrary">
<arg>xpath=${Registro.Input_phone}</arg>
<arg>10</arg>
<doc>Waits until the element ``locator`` is visible.</doc>
<status status="PASS" start="2024-12-09T10:54:07.292714" elapsed="0.023949"/>
</kw>
<kw name="Gerador Telefonico" owner="TelefoneGerator">
<msg time="2024-12-09T10:54:07.317697" level="INFO">${TelefoneFake} = 77996071064</msg>
<var>${TelefoneFake}</var>
<status status="PASS" start="2024-12-09T10:54:07.317697" elapsed="0.000000"/>
</kw>
<kw name="Input Text" owner="SeleniumLibrary">
<msg time="2024-12-09T10:54:07.319712" level="INFO">Typing text '77996071064' into text field 'xpath=//*[@id="phoneNumber"]'.</msg>
<arg>xpath=${Registro.Input_phone}</arg>
<arg>${TelefoneFake}</arg>
<doc>Types the given ``text`` into the text field identified by ``locator``.</doc>
<status status="PASS" start="2024-12-09T10:54:07.317697" elapsed="0.219551"/>
</kw>
<status status="PASS" start="2024-12-09T10:54:07.292714" elapsed="0.244534"/>
</kw>
<kw name="Quando preencho o cadastro" owner="Login_Steps">
<kw name="Wait Until Element Is Visible" owner="SeleniumLibrary">
<arg>xpath=${Registro.Input_name}</arg>
<arg>10</arg>
<doc>Waits until the element ``locator`` is visible.</doc>
<status status="PASS" start="2024-12-09T10:54:07.538248" elapsed="0.025065"/>
</kw>
<kw name="Input Text" owner="SeleniumLibrary">
<msg time="2024-12-09T10:54:07.564512" level="INFO">Typing text 'Nome Para Teste' into text field 'xpath=//*[@id="name"]'.</msg>
<arg>xpath=${Registro.Input_name}</arg>
<arg>${NomeFake}</arg>
<doc>Types the given ``text`` into the text field identified by ``locator``.</doc>
<status status="PASS" start="2024-12-09T10:54:07.564512" elapsed="0.197267"/>
</kw>
<kw name="Wait Until Element Is Visible" owner="SeleniumLibrary">
<arg>xpath=${Registro.Input_CPF}</arg>
<arg>10</arg>
<doc>Waits until the element ``locator`` is visible.</doc>
<status status="PASS" start="2024-12-09T10:54:07.761779" elapsed="0.029935"/>
</kw>
<kw name="Generate Cpf" owner="CPFGenerator">
<msg time="2024-12-09T10:54:07.791714" level="INFO">${CPFFake} = 864.356.961-52</msg>
<var>${CPFFake}</var>
<status status="PASS" start="2024-12-09T10:54:07.791714" elapsed="0.000000"/>
</kw>
<kw name="Input Text" owner="SeleniumLibrary">
<msg time="2024-12-09T10:54:07.793962" level="INFO">Typing text '864.356.961-52' into text field 'xpath=//*[@id="cpfcnpj"]'.</msg>
<arg>xpath=${Registro.Input_CPF}</arg>
<arg>${CPFFake}</arg>
<doc>Types the given ``text`` into the text field identified by ``locator``.</doc>
<status status="PASS" start="2024-12-09T10:54:07.791714" elapsed="0.207824"/>
</kw>
<kw name="Wait Until Element Is Visible" owner="SeleniumLibrary">
<arg>xpath=${Registro.Input_Email}</arg>
<arg>10</arg>
<doc>Waits until the element ``locator`` is visible.</doc>
<status status="PASS" start="2024-12-09T10:54:08.000981" elapsed="0.037089"/>
</kw>
<kw name="Email" owner="FakerLibrary">
<msg time="2024-12-09T10:54:08.039068" level="INFO">${EmailFake} = ceciliapires@example.net</msg>
<var>${EmailFake}</var>
<status status="PASS" start="2024-12-09T10:54:08.038070" elapsed="0.000998"/>
</kw>
<kw name="Input Text" owner="SeleniumLibrary">
<msg time="2024-12-09T10:54:08.039574" level="INFO">Typing text 'ceciliapires@example.net' into text field 'xpath=//*[@id="email"]'.</msg>
<arg>xpath=${Registro.Input_Email}</arg>
<arg>${EmailFake}</arg>
<doc>Types the given ``text`` into the text field identified by ``locator``.</doc>
<status status="PASS" start="2024-12-09T10:54:08.039068" elapsed="0.277551"/>
</kw>
<kw name="Wait Until Element Is Visible" owner="SeleniumLibrary">
<arg>xpath=${Registro.Input_Senha}</arg>
<arg>10</arg>
<doc>Waits until the element ``locator`` is visible.</doc>
<status status="PASS" start="2024-12-09T10:54:08.317620" elapsed="0.048669"/>
</kw>
<kw name="Input Text" owner="SeleniumLibrary">
<msg time="2024-12-09T10:54:08.367287" level="INFO">Typing text 'Senha123!' into text field 'xpath=//*[@id="password"]'.</msg>
<arg>xpath=${Registro.Input_Senha}</arg>
<arg>${SenhaFake}</arg>
<doc>Types the given ``text`` into the text field identified by ``locator``.</doc>
<status status="PASS" start="2024-12-09T10:54:08.366289" elapsed="0.273497"/>
</kw>
<kw name="Wait Until Element Is Visible" owner="SeleniumLibrary">
<arg>xpath=${Registro.Input_RepitaSenha}</arg>
<arg>10</arg>
<doc>Waits until the element ``locator`` is visible.</doc>
<status status="PASS" start="2024-12-09T10:54:08.639786" elapsed="0.031660"/>
</kw>
<kw name="Input Text" owner="SeleniumLibrary">
<msg time="2024-12-09T10:54:08.673449" level="INFO">Typing text 'Senha123!' into text field 'xpath=//*[@id="rePassword"]'.</msg>
<arg>xpath=${Registro.Input_RepitaSenha}</arg>
<arg>${SenhaFake}</arg>
<doc>Types the given ``text`` into the text field identified by ``locator``.</doc>
<status status="PASS" start="2024-12-09T10:54:08.671446" elapsed="0.318165"/>
</kw>
<status status="PASS" start="2024-12-09T10:54:07.538248" elapsed="1.451363"/>
</kw>
<kw name="Quando Clico em continua (Abra sua Conta)" owner="Login_Steps">
<kw name="Wait Until Element Is Visible" owner="SeleniumLibrary">
<arg>xpath=${Registro.Button_Continua}</arg>
<arg>10</arg>
<doc>Waits until the element ``locator`` is visible.</doc>
<status status="PASS" start="2024-12-09T10:54:08.990622" elapsed="0.034814"/>
</kw>
<kw name="Click Element" owner="SeleniumLibrary">
<msg time="2024-12-09T10:54:09.027431" level="INFO">Clicking element 'xpath=//*[@id="step-1"]/div/div[2]/div[2]/div[8]/div/button'.</msg>
<arg>xpath=${Registro.Button_Continua}</arg>
<doc>Click the element identified by ``locator``.</doc>
<status status="PASS" start="2024-12-09T10:54:09.025436" elapsed="0.212418"/>
</kw>
<status status="PASS" start="2024-12-09T10:54:08.989611" elapsed="0.249245"/>
</kw>
<kw name="E verifico se ha notificações pop up" owner="Login_Steps">
<kw name="Run Keyword And Ignore Error" owner="BuiltIn">
<kw name="Handle Alert" owner="SeleniumLibrary">
<msg time="2024-12-09T10:54:09.239855" level="INFO">HANDLE::&lt;class 'NoneType'&gt;::None</msg>
<msg time="2024-12-09T10:54:14.472060" level="INFO" html="true">&lt;/td&gt;&lt;/tr&gt;&lt;tr&gt;&lt;td colspan="3"&gt;&lt;a href="selenium-screenshot-14.png"&gt;&lt;img src="selenium-screenshot-14.png" width="800px"&gt;&lt;/a&gt;</msg>
<msg time="2024-12-09T10:54:14.473061" level="FAIL">Alert not found in 5 seconds.</msg>
<arg>DISMISS</arg>
<doc>Handles the current alert and returns its message.</doc>
<status status="FAIL" start="2024-12-09T10:54:09.239855" elapsed="5.234298">Alert not found in 5 seconds.</status>
</kw>
<arg>Handle Alert</arg>
<arg>DISMISS</arg>
<doc>Runs the given keyword with the given arguments and ignores possible error.</doc>
<status status="PASS" start="2024-12-09T10:54:09.239855" elapsed="5.234298"/>
</kw>
<status status="PASS" start="2024-12-09T10:54:09.238856" elapsed="5.236294"/>
</kw>
<kw name="Quando preencho os dados pessoais de nascimento" owner="Login_Steps">
<kw name="Wait Until Element Is Visible" owner="SeleniumLibrary">
<arg>xpath=${DadosPessoais.Input_DataNasc}</arg>
<arg>10</arg>
<doc>Waits until the element ``locator`` is visible.</doc>
<status status="PASS" start="2024-12-09T10:54:14.475150" elapsed="0.031352"/>
</kw>
<kw name="Input Text" owner="SeleniumLibrary">
<msg time="2024-12-09T10:54:14.507604" level="INFO">Typing text '22/11/2002' into text field 'xpath=//*[@id="birthDate"]'.</msg>
<arg>xpath=${DadosPessoais.Input_DataNasc}</arg>
<arg>${DataNasc}</arg>
<doc>Types the given ``text`` into the text field identified by ``locator``.</doc>
<status status="PASS" start="2024-12-09T10:54:14.506502" elapsed="0.216461"/>
</kw>
<arg>${DataNasc}</arg>
<status status="PASS" start="2024-12-09T10:54:14.475150" elapsed="0.247813"/>
</kw>
<kw name="Quando preencho os dados pessoais restantes" owner="Login_Steps">
<kw name="Wait Until Element Is Visible" owner="SeleniumLibrary">
<arg>xpath=${DadosPessoais.Input_Mae}</arg>
<arg>40</arg>
<doc>Waits until the element ``locator`` is visible.</doc>
<status status="PASS" start="2024-12-09T10:54:14.723962" elapsed="0.030920"/>
</kw>
<kw name="Click Element" owner="SeleniumLibrary">
<msg time="2024-12-09T10:54:14.756880" level="INFO">Clicking element 'xpath=//*[@id="gender"]/div[1]/label'.</msg>
<arg>xpath=${DadosPessoais.Genero}</arg>
<doc>Click the element identified by ``locator``.</doc>
<status status="PASS" start="2024-12-09T10:54:14.755883" elapsed="0.186694"/>
</kw>
<kw name="Wait Until Element Is Visible" owner="SeleniumLibrary">
<arg>xpath=${DadosPessoais.Input_Mae}</arg>
<arg>10</arg>
<doc>Waits until the element ``locator`` is visible.</doc>
<status status="PASS" start="2024-12-09T10:54:14.943925" elapsed="0.021503"/>
</kw>
<kw name="Input Text" owner="SeleniumLibrary">
<msg time="2024-12-09T10:54:14.967429" level="INFO">Typing text 'Nome da Mae Para Teste' into text field 'xpath=//*[@id="motherName"]'.</msg>
<arg>xpath=${DadosPessoais.Input_Mae}</arg>
<arg>${NomeFakeMae}</arg>
<doc>Types the given ``text`` into the text field identified by ``locator``.</doc>
<status status="PASS" start="2024-12-09T10:54:14.966427" elapsed="0.255118"/>
</kw>
<kw name="Wait Until Element Is Visible" owner="SeleniumLibrary">
<arg>xpath=${DadosPessoais.Input_Pai}</arg>
<arg>10</arg>
<doc>Waits until the element ``locator`` is visible.</doc>
<status status="PASS" start="2024-12-09T10:54:15.221545" elapsed="0.031103"/>
</kw>
<kw name="Input Text" owner="SeleniumLibrary">
<msg time="2024-12-09T10:54:15.254640" level="INFO">Typing text 'Nome do Pai Para Teste' into text field 'xpath=//*[@id="fatherName"]'.</msg>
<arg>xpath=${DadosPessoais.Input_Pai}</arg>
<arg>${NomeFakePai}</arg>
<doc>Types the given ``text`` into the text field identified by ``locator``.</doc>
<status status="PASS" start="2024-12-09T10:54:15.253644" elapsed="0.203105"/>
</kw>
<kw name="Click Element" owner="SeleniumLibrary">
<msg time="2024-12-09T10:54:15.457749" level="INFO">Clicking element 'xpath=//*[@id="birthStateID"]'.</msg>
<arg>xpath=${DadosPessoais.Selection_Estado}</arg>
<doc>Click the element identified by ``locator``.</doc>
<status status="PASS" start="2024-12-09T10:54:15.456749" elapsed="0.152452"/>
</kw>
<kw name="Wait Until Element Is Visible" owner="SeleniumLibrary">
<arg>xpath=${DadosPessoais.Opc_SelecionarEstado}</arg>
<arg>10</arg>
<doc>Waits until the element ``locator`` is visible.</doc>
<status status="PASS" start="2024-12-09T10:54:15.609201" elapsed="0.049760"/>
</kw>
<kw name="Click Element" owner="SeleniumLibrary">
<msg time="2024-12-09T10:54:15.659971" level="INFO">Clicking element 'xpath=//*[contains(text(), "Bahia")]'.</msg>
<arg>xpath=${DadosPessoais.Opc_SelecionarEstado}</arg>
<doc>Click the element identified by ``locator``.</doc>
<status status="PASS" start="2024-12-09T10:54:15.658961" elapsed="0.082207"/>
</kw>
<kw name="Input Text" owner="SeleniumLibrary">
<msg time="2024-12-09T10:54:15.743171" level="INFO">Typing text 'Bom Jesus da Lapa' into text field 'xpath=//*[@id="birthCityID"]'.</msg>
<arg>xpath=${DadosPessoais.Input_Cidade}</arg>
<arg>${CidadeFake}</arg>
<doc>Types the given ``text`` into the text field identified by ``locator``.</doc>
<status status="PASS" start="2024-12-09T10:54:15.741168" elapsed="0.226524"/>
</kw>
<kw name="Click Element" owner="SeleniumLibrary">
<msg time="2024-12-09T10:54:15.968702" level="INFO">Clicking element 'xpath=//*[@id="educationDegreeID"]'.</msg>
<arg>xpath=${DadosPessoais.Selection_Formacao}</arg>
<doc>Click the element identified by ``locator``.</doc>
<status status="PASS" start="2024-12-09T10:54:15.967692" elapsed="0.257833"/>
</kw>
<kw name="Wait Until Element Is Visible" owner="SeleniumLibrary">
<arg>xpath=${DadosPessoais.Opc_Formacao}</arg>
<arg>10</arg>
<doc>Waits until the element ``locator`` is visible.</doc>
<status status="PASS" start="2024-12-09T10:54:16.226536" elapsed="0.057202"/>
</kw>
<kw name="Click Element" owner="SeleniumLibrary">
<msg time="2024-12-09T10:54:16.285749" level="INFO">Clicking element 'xpath=//*[contains(text(), "Ensino Superior")]'.</msg>
<arg>xpath=${DadosPessoais.Opc_Formacao}</arg>
<doc>Click the element identified by ``locator``.</doc>
<status status="PASS" start="2024-12-09T10:54:16.283738" elapsed="0.073303"/>
</kw>
<kw name="Click Element" owner="SeleniumLibrary">
<msg time="2024-12-09T10:54:16.359045" level="INFO">Clicking element 'xpath=//*[@id="maritalStatusID"]'.</msg>
<arg>xpath=${DadosPessoais.Selection_EstadoCivil}</arg>
<doc>Click the element identified by ``locator``.</doc>
<status status="PASS" start="2024-12-09T10:54:16.358021" elapsed="0.219179"/>
</kw>
<kw name="Wait Until Element Is Visible" owner="SeleniumLibrary">
<arg>xpath=${DadosPessoais.Opc_EstadoCivil}</arg>
<arg>10</arg>
<doc>Waits until the element ``locator`` is visible.</doc>
<status status="PASS" start="2024-12-09T10:54:16.577200" elapsed="0.044703"/>
</kw>
<kw name="Click Element" owner="SeleniumLibrary">
<msg time="2024-12-09T10:54:16.623911" level="INFO">Clicking element 'xpath=//*[contains(text(), "Solteiro(a)")]'.</msg>
<arg>xpath=${DadosPessoais.Opc_EstadoCivil}</arg>
<doc>Click the element identified by ``locator``.</doc>
<status status="PASS" start="2024-12-09T10:54:16.621903" elapsed="0.073482"/>
</kw>
<kw name="Click Element" owner="SeleniumLibrary">
<msg time="2024-12-09T10:54:16.697388" level="INFO">Clicking element 'xpath=//*[@id="intentInvest"]'.</msg>
<arg>xpath=${Registro.Selection_patrimonio}</arg>
<doc>Click the element identified by ``locator``.</doc>
<status status="PASS" start="2024-12-09T10:54:16.696385" elapsed="0.181705"/>
</kw>
<kw name="Wait Until Element Is Visible" owner="SeleniumLibrary">
<arg>xpath=${Registro.Selection_patrimonio}</arg>
<arg>10</arg>
<doc>Waits until the element ``locator`` is visible.</doc>
<status status="PASS" start="2024-12-09T10:54:16.879091" elapsed="0.046231"/>
</kw>
<kw name="Click Element" owner="SeleniumLibrary">
<msg time="2024-12-09T10:54:16.926319" level="INFO">Clicking element 'xpath=//*[contains(text(), " Até R$ 5 mil ")]'.</msg>
<arg>xpath=${Registro.Opc_SelecionaValor}</arg>
<doc>Click the element identified by ``locator``.</doc>
<status status="PASS" start="2024-12-09T10:54:16.925322" elapsed="0.082315"/>
</kw>
<kw name="Wait Until Element Is Visible" owner="SeleniumLibrary">
<arg>xpath=${Registro.Input_phone}</arg>
<arg>10</arg>
<doc>Waits until the element ``locator`` is visible.</doc>
<status status="PASS" start="2024-12-09T10:54:17.008645" elapsed="0.038622"/>
</kw>
<kw name="Gerador Telefonico" owner="TelefoneGerator">
<msg time="2024-12-09T10:54:17.048263" level="INFO">${TelefoneFake} = 77996147333</msg>
<var>${TelefoneFake}</var>
<status status="PASS" start="2024-12-09T10:54:17.047267" elapsed="0.000996"/>
</kw>
<kw name="Input Text" owner="SeleniumLibrary">
<msg time="2024-12-09T10:54:17.050241" level="INFO">Typing text '77996147333' into text field 'xpath=//*[@id="phoneNumber"]'.</msg>
<arg>xpath=${Registro.Input_phone}</arg>
<arg>${TelefoneFake}</arg>
<doc>Types the given ``text`` into the text field identified by ``locator``.</doc>
<status status="PASS" start="2024-12-09T10:54:17.048263" elapsed="0.278074"/>
</kw>
<kw name="Wait Until Element Is Visible" owner="SeleniumLibrary">
<arg>xpath=${DadosPessoais.Button_ContinuaDP}</arg>
<arg>10</arg>
<doc>Waits until the element ``locator`` is visible.</doc>
<status status="PASS" start="2024-12-09T10:54:17.326337" elapsed="0.029455"/>
</kw>
<kw name="Click Element" owner="SeleniumLibrary">
<msg time="2024-12-09T10:54:17.357797" level="INFO">Clicking element 'xpath=//*[@id="step-2"]/div/div/div[1]/div/div[11]/div/button'.</msg>
<arg>xpath=${DadosPessoais.Button_ContinuaDP}</arg>
<doc>Click the element identified by ``locator``.</doc>
<status status="PASS" start="2024-12-09T10:54:17.355792" elapsed="0.192896"/>
</kw>
<status status="PASS" start="2024-12-09T10:54:14.723962" elapsed="2.825726"/>
</kw>
<kw name=" Quando preencho os dados da CNH" owner="Login_Steps">
<kw name="Wait Until Element Is Visible" owner="SeleniumLibrary">
<arg>xpath=${Documentos.Radio_Doc}</arg>
<arg>10</arg>
<doc>Waits until the element ``locator`` is visible.</doc>
<status status="PASS" start="2024-12-09T10:54:17.550687" elapsed="0.806237"/>
</kw>
<kw name="Click Element" owner="SeleniumLibrary">
<msg time="2024-12-09T10:54:18.358922" level="INFO">Clicking element 'xpath=//*[@id="typeID"]/div[1]/label'.</msg>
<arg>xpath=${Documentos.Opc_CNH}</arg>
<doc>Click the element identified by ``locator``.</doc>
<status status="PASS" start="2024-12-09T10:54:18.356924" elapsed="0.273144"/>
</kw>
<kw name="Wait Until Element Is Visible" owner="SeleniumLibrary">
<arg>xpath=${Documentos.Input_CNH}</arg>
<arg>10</arg>
<doc>Waits until the element ``locator`` is visible.</doc>
<status status="PASS" start="2024-12-09T10:54:18.630068" elapsed="0.032881"/>
</kw>
<kw name="Input Text" owner="SeleniumLibrary">
<msg time="2024-12-09T10:54:18.663974" level="INFO">Typing text '12345678911' into text field 'xpath=(//*[@id="identificationDocumentNumber"])[1]'.</msg>
<arg>xpath=${Documentos.Input_CNH}</arg>
<arg>${NumCNHFake}</arg>
<doc>Types the given ``text`` into the text field identified by ``locator``.</doc>
<status status="PASS" start="2024-12-09T10:54:18.662949" elapsed="0.203007"/>
</kw>
<kw name="Wait Until Element Is Visible" owner="SeleniumLibrary">
<arg>xpath=${Documentos.Input_DataValid}</arg>
<arg>10</arg>
<doc>Waits until the element ``locator`` is visible.</doc>
<status status="PASS" start="2024-12-09T10:54:18.866955" elapsed="0.068408"/>
</kw>
<kw name="Input Text" owner="SeleniumLibrary">
<msg time="2024-12-09T10:54:18.937372" level="INFO">Typing text '22/11/2030' into text field 'xpath=//*[@id="identificationDocumentExpirationDate"]'.</msg>
<arg>xpath=${Documentos.Input_DataValid}</arg>
<arg>${DataEmisFake}</arg>
<doc>Types the given ``text`` into the text field identified by ``locator``.</doc>
<status status="PASS" start="2024-12-09T10:54:18.935363" elapsed="0.487472"/>
</kw>
<kw name="Wait Until Element Is Visible" owner="SeleniumLibrary">
<arg>xpath=${Documentos.Selection_OrgEmissor}</arg>
<arg>10</arg>
<doc>Waits until the element ``locator`` is visible.</doc>
<status status="PASS" start="2024-12-09T10:54:19.423857" elapsed="0.047367"/>
</kw>
<kw name="Click Element" owner="SeleniumLibrary">
<msg time="2024-12-09T10:54:19.474198" level="INFO">Clicking element 'xpath=//*[contains(text(), "Bahia")]'.</msg>
<arg>xpath=${Documentos.Opc_SelecionarEstadoDoc}</arg>
<doc>Click the element identified by ``locator``.</doc>
<status status="PASS" start="2024-12-09T10:54:19.472236" elapsed="0.148268"/>
</kw>
<kw name="Wait Until Element Is Visible" owner="SeleniumLibrary">
<arg>xpath=${Documentos.Input_DataEmiss}</arg>
<arg>10</arg>
<doc>Waits until the element ``locator`` is visible.</doc>
<status status="PASS" start="2024-12-09T10:54:19.621574" elapsed="0.042700"/>
</kw>
<kw name="Input Text" owner="SeleniumLibrary">
<msg time="2024-12-09T10:54:19.666447" level="INFO">Typing text '22/11/2020' into text field 'xpath=(//*[@id="identificationDocumentIssuedDate"])[1]'.</msg>
<arg>xpath=${Documentos.Input_DataEmiss}</arg>
<arg>${DataVencFake}</arg>
<doc>Types the given ``text`` into the text field identified by ``locator``.</doc>
<status status="PASS" start="2024-12-09T10:54:19.665436" elapsed="0.284607"/>
</kw>
<kw name="Wait Until Element Is Visible" owner="SeleniumLibrary">
<arg>xpath=${Documentos.Input_CodigoSeguranca}</arg>
<arg>10</arg>
<doc>Waits until the element ``locator`` is visible.</doc>
<status status="PASS" start="2024-12-09T10:54:19.950043" elapsed="0.037024"/>
</kw>
<kw name="Input Text" owner="SeleniumLibrary">
<msg time="2024-12-09T10:54:19.988067" level="INFO">Typing text '12345678910' into text field 'xpath=//*[@id="identificationDocumentSecurityCode"]'.</msg>
<arg>xpath=${Documentos.Input_CodigoSeguranca}</arg>
<arg>${CodSeguFake}</arg>
<doc>Types the given ``text`` into the text field identified by ``locator``.</doc>
<status status="PASS" start="2024-12-09T10:54:19.987067" elapsed="0.235630"/>
</kw>
<kw name="Click Element" owner="SeleniumLibrary">
<msg time="2024-12-09T10:54:20.223696" level="INFO">Clicking element 'xpath=//*[@id="ofAge"]/div/div/div[2]/div/div[4]/div/button[2]'.</msg>
<arg>xpath=${Documentos.ButtonCotinuaDoc}</arg>
<doc>Click the element identified by ``locator``.</doc>
<status status="PASS" start="2024-12-09T10:54:20.222697" elapsed="0.194729"/>
</kw>
<status status="PASS" start="2024-12-09T10:54:17.549688" elapsed="2.867738"/>
</kw>
<kw name="Quando preencho os dados de endereco" owner="Login_Steps">
<kw name="Wait Until Element Is Visible" owner="SeleniumLibrary">
<arg>xpath=${Endereco.Input_Edereco}</arg>
<arg>10</arg>
<doc>Waits until the element ``locator`` is visible.</doc>
<status status="PASS" start="2024-12-09T10:54:20.419171" elapsed="0.604976"/>
</kw>
<kw name="Wait Until Element Is Visible" owner="SeleniumLibrary">
<arg>xpath=${Endereco.Input_Bairro}</arg>
<arg>10</arg>
<doc>Waits until the element ``locator`` is visible.</doc>
<status status="PASS" start="2024-12-09T10:54:21.024147" elapsed="0.031470"/>
</kw>
<kw name="Wait Until Element Is Visible" owner="SeleniumLibrary">
<arg>xpath=${Endereco.Input_Cep}</arg>
<arg>10</arg>
<doc>Waits until the element ``locator`` is visible.</doc>
<status status="PASS" start="2024-12-09T10:54:21.055617" elapsed="0.028001"/>
</kw>
<kw name="Input Text" owner="SeleniumLibrary">
<msg time="2024-12-09T10:54:21.085624" level="INFO">Typing text '47.600-000' into text field 'xpath=//*[@id="zipCode"]'.</msg>
<arg>xpath=${Endereco.Input_Cep}</arg>
<arg>${CepFake}</arg>
<doc>Types the given ``text`` into the text field identified by ``locator``.</doc>
<status status="PASS" start="2024-12-09T10:54:21.083618" elapsed="0.280167"/>
</kw>
<kw name="Sleep" owner="BuiltIn">
<msg time="2024-12-09T10:54:23.365032" level="INFO">Slept 2 seconds.</msg>
<arg>2</arg>
<doc>Pauses the test executed for the given time.</doc>
<status status="PASS" start="2024-12-09T10:54:21.364786" elapsed="2.000246"/>
</kw>
<kw name="Wait Until Element Is Visible" owner="SeleniumLibrary">
<arg>xpath=${Endereco.Input_Num}</arg>
<arg>10</arg>
<doc>Waits until the element ``locator`` is visible.</doc>
<status status="PASS" start="2024-12-09T10:54:23.365638" elapsed="0.033020"/>
</kw>
<kw name="Input Text" owner="SeleniumLibrary">
<msg time="2024-12-09T10:54:23.399646" level="INFO">Typing text '57' into text field 'xpath=//*[@id="number"]'.</msg>
<arg>xpath=${Endereco.Input_Num}</arg>
<arg>${NunFake}</arg>
<doc>Types the given ``text`` into the text field identified by ``locator``.</doc>
<status status="PASS" start="2024-12-09T10:54:23.398658" elapsed="0.268665"/>
</kw>
<kw name="Wait Until Element Is Visible" owner="SeleniumLibrary">
<arg>xpath=${Endereco.Input_Complemento}</arg>
<arg>10</arg>
<doc>Waits until the element ``locator`` is visible.</doc>
<status status="PASS" start="2024-12-09T10:54:23.667323" elapsed="0.033179"/>
</kw>
<kw name="Input Text" owner="SeleniumLibrary">
<msg time="2024-12-09T10:54:23.702012" level="INFO">Typing text 'Casa' into text field 'xpath=//*[@id="complement"]'.</msg>
<arg>xpath=${Endereco.Input_Complemento}</arg>
<arg>${CompFake}</arg>
<doc>Types the given ``text`` into the text field identified by ``locator``.</doc>
<status status="PASS" start="2024-12-09T10:54:23.700502" elapsed="0.193284"/>
</kw>
<kw name="Input Text" owner="SeleniumLibrary">
<msg time="2024-12-09T10:54:23.894791" level="INFO">Typing text 'Rua para teste' into text field 'xpath=//*[@id="streetName"]'.</msg>
<arg>xpath=${Endereco.Input_Edereco}</arg>
<arg>${EndFake}</arg>
<doc>Types the given ``text`` into the text field identified by ``locator``.</doc>
<status status="PASS" start="2024-12-09T10:54:23.893786" elapsed="0.229469"/>
</kw>
<kw name="Input Text" owner="SeleniumLibrary">
<msg time="2024-12-09T10:54:24.125257" level="INFO">Typing text 'Centro' into text field 'xpath=//*[@id="district"]'.</msg>
<arg>xpath=${Endereco.Input_Bairro}</arg>
<arg>${BairroFake}</arg>
<doc>Types the given ``text`` into the text field identified by ``locator``.</doc>
<status status="PASS" start="2024-12-09T10:54:24.124256" elapsed="0.150627"/>
</kw>
<kw name="Sleep" owner="BuiltIn">
<msg time="2024-12-09T10:54:26.274990" level="INFO">Slept 2 seconds.</msg>
<arg>2</arg>
<doc>Pauses the test executed for the given time.</doc>
<status status="PASS" start="2024-12-09T10:54:24.274883" elapsed="2.000107"/>
</kw>
<kw name="Get Value" owner="SeleniumLibrary">
<msg time="2024-12-09T10:54:26.305462" level="INFO">${endereco_value} = </msg>
<var>${endereco_value}</var>
<arg>xpath=${Endereco.Input_Edereco}</arg>
<doc>Returns the value attribute of the element identified by ``locator``.</doc>
<status status="PASS" start="2024-12-09T10:54:26.275525" elapsed="0.029937"/>
</kw>
<kw name="Run Keyword If" owner="BuiltIn">
<kw name="Input Text" owner="SeleniumLibrary">
<msg time="2024-12-09T10:54:26.307799" level="INFO">Typing text 'Rua para teste' into text field 'xpath=//*[@id="streetName"]'.</msg>
<arg>xpath=${Endereco.Input_Edereco}</arg>
<arg>${EndFake}</arg>
<doc>Types the given ``text`` into the text field identified by ``locator``.</doc>
<status status="PASS" start="2024-12-09T10:54:26.306728" elapsed="0.240566"/>
</kw>
<arg>'${endereco_value}' == ''</arg>
<arg>Input Text</arg>
<arg>xpath=${Endereco.Input_Edereco}</arg>
<arg>${EndFake}</arg>
<doc>Runs the given keyword with the given arguments, if ``condition`` is true.</doc>
<status status="PASS" start="2024-12-09T10:54:26.306728" elapsed="0.240566"/>
</kw>
<kw name="Get Value" owner="SeleniumLibrary">
<msg time="2024-12-09T10:54:26.581844" level="INFO">${bairro_value} = </msg>
<var>${bairro_value}</var>
<arg>xpath=${Endereco.Input_Bairro}</arg>
<doc>Returns the value attribute of the element identified by ``locator``.</doc>
<status status="PASS" start="2024-12-09T10:54:26.548319" elapsed="0.033525"/>
</kw>
<kw name="Run Keyword If" owner="BuiltIn">
<kw name="Input Text" owner="SeleniumLibrary">
<msg time="2024-12-09T10:54:26.583853" level="INFO">Typing text 'Centro' into text field 'xpath=//*[@id="district"]'.</msg>
<arg>xpath=${Endereco.Input_Bairro}</arg>
<arg>${BairroFake}</arg>
<doc>Types the given ``text`` into the text field identified by ``locator``.</doc>
<status status="PASS" start="2024-12-09T10:54:26.582849" elapsed="0.197165"/>
</kw>
<arg>'${bairro_value}' == ''</arg>
<arg>Input Text</arg>
<arg>xpath=${Endereco.Input_Bairro}</arg>
<arg>${BairroFake}</arg>
<doc>Runs the given keyword with the given arguments, if ``condition`` is true.</doc>
<status status="PASS" start="2024-12-09T10:54:26.581844" elapsed="0.198170"/>
</kw>
<kw name="Sleep" owner="BuiltIn">
<msg time="2024-12-09T10:54:28.780708" level="INFO">Slept 2 seconds.</msg>
<arg>2</arg>
<doc>Pauses the test executed for the given time.</doc>
<status status="PASS" start="2024-12-09T10:54:26.780014" elapsed="2.000694"/>
</kw>
<kw name="Wait Until Element Is Visible" owner="SeleniumLibrary">
<arg>xpath=${Endereco.Button_ContinuaEnd}</arg>
<arg>10</arg>
<doc>Waits until the element ``locator`` is visible.</doc>
<status status="PASS" start="2024-12-09T10:54:28.780708" elapsed="0.030373"/>
</kw>
<kw name="Click Element" owner="SeleniumLibrary">
<msg time="2024-12-09T10:54:28.813076" level="INFO">Clicking element 'xpath=//*[@id="step-3"]/div/div/div[2]/div/div[9]/div/button[2]'.</msg>
<arg>xpath=${Endereco.Button_ContinuaEnd}</arg>
<doc>Click the element identified by ``locator``.</doc>
<status status="PASS" start="2024-12-09T10:54:28.812076" elapsed="0.163563"/>
</kw>
<status status="PASS" start="2024-12-09T10:54:20.417934" elapsed="8.559108"/>
</kw>
<kw name="Quando preencho os dados patrimoniais" owner="Login_Steps">
<kw name="Wait Until Element Is Visible" owner="SeleniumLibrary">
<arg>xpath=${DadosPatrimonio.Selection_Profissao}</arg>
<arg>10</arg>
<doc>Waits until the element ``locator`` is visible.</doc>
<status status="PASS" start="2024-12-09T10:54:28.977042" elapsed="0.925000"/>
</kw>
<kw name="Click Element" owner="SeleniumLibrary">
<msg time="2024-12-09T10:54:29.903047" level="INFO">Clicking element 'xpath=//*[@id="jobTypeID"]'.</msg>
<arg>xpath=${DadosPatrimonio.Selection_Profissao}</arg>
<doc>Click the element identified by ``locator``.</doc>
<status status="PASS" start="2024-12-09T10:54:29.902042" elapsed="0.305886"/>
</kw>
<kw name="Click Element" owner="SeleniumLibrary">
<msg time="2024-12-09T10:54:30.210230" level="INFO">Clicking element 'xpath=//*[contains(text(), " Administrador ")]'.</msg>
<arg>xpath=${DadosPatrimonio.Opc_Profissao}</arg>
<doc>Click the element identified by ``locator``.</doc>
<status status="PASS" start="2024-12-09T10:54:30.207928" elapsed="0.113523"/>
</kw>
<kw name="Wait Until Element Is Visible" owner="SeleniumLibrary">
<arg>xpath=${DadosPatrimonio.Radio_Prof}</arg>
<arg>40</arg>
<doc>Waits until the element ``locator`` is visible.</doc>
<status status="PASS" start="2024-12-09T10:54:30.321451" elapsed="0.043065"/>
</kw>
<kw name="Click Element" owner="SeleniumLibrary">
<msg time="2024-12-09T10:54:30.366514" level="INFO">Clicking element 'xpath=//*[@id="isEmployed_1"]'.</msg>
<arg>xpath=${DadosPatrimonio.Opc_Prof}</arg>
<doc>Click the element identified by ``locator``.</doc>
<status status="PASS" start="2024-12-09T10:54:30.364516" elapsed="0.380677"/>
</kw>
<kw name="Wait Until Element Is Visible" owner="SeleniumLibrary">
<arg>xpath=${DadosPatrimonio.Selection_Renda}</arg>
<arg>10</arg>
<doc>Waits until the element ``locator`` is visible.</doc>
<status status="PASS" start="2024-12-09T10:54:30.745193" elapsed="0.033873"/>
</kw>
<kw name="Click Element" owner="SeleniumLibrary">
<msg time="2024-12-09T10:54:30.781071" level="INFO">Clicking element 'xpath=(//*[@id="extraIncome"])[2]'.</msg>
<arg>xpath=${DadosPatrimonio.Selection_Renda}</arg>
<doc>Click the element identified by ``locator``.</doc>
<status status="PASS" start="2024-12-09T10:54:30.779066" elapsed="0.201558"/>
</kw>
<kw name="Click Element" owner="SeleniumLibrary">
<msg time="2024-12-09T10:54:30.982883" level="INFO">Clicking element 'xpath=//*[contains(text(), " Até R$1,5 mil")]'.</msg>
<arg>xpath=${DadosPatrimonio.Opc_Renda}</arg>
<doc>Click the element identified by ``locator``.</doc>
<status status="PASS" start="2024-12-09T10:54:30.980624" elapsed="0.111751"/>
</kw>
<kw name="Wait Until Element Is Visible" owner="SeleniumLibrary">
<arg>xpath=${DadosPatrimonio.Input_Moveis}</arg>
<arg>10</arg>
<doc>Waits until the element ``locator`` is visible.</doc>
<status status="PASS" start="2024-12-09T10:54:31.092375" elapsed="0.068517"/>
</kw>
<kw name="Input Text" owner="SeleniumLibrary">
<msg time="2024-12-09T10:54:31.161905" level="INFO">Typing text '3000' into text field 'xpath=//*[@id="movablePropertiesValue"]'.</msg>
<arg>xpath=${DadosPatrimonio.Input_Moveis}</arg>
<arg>${ValorMoveisFake}</arg>
<doc>Types the given ``text`` into the text field identified by ``locator``.</doc>
<status status="PASS" start="2024-12-09T10:54:31.160892" elapsed="0.295173"/>
</kw>
<kw name="Wait Until Element Is Visible" owner="SeleniumLibrary">
<arg>xpath=${DadosPatrimonio.Check_Diretrizes}</arg>
<arg>10</arg>
<doc>Waits until the element ``locator`` is visible.</doc>
<status status="PASS" start="2024-12-09T10:54:31.456065" elapsed="0.032336"/>
</kw>
<kw name="Click Element" owner="SeleniumLibrary">
<msg time="2024-12-09T10:54:31.489425" level="INFO">Clicking element 'xpath=//*[@id="mat-checkbox-1"]/label/div'.</msg>
<arg>xpath=${DadosPatrimonio.Check_Diretrizes}</arg>
<doc>Click the element identified by ``locator``.</doc>
<status status="PASS" start="2024-12-09T10:54:31.488401" elapsed="0.147893"/>
</kw>
<kw name="Wait Until Element Is Visible" owner="SeleniumLibrary">
<arg>xpath=${DadosPatrimonio.Check_Docs}</arg>
<arg>10</arg>
<doc>Waits until the element ``locator`` is visible.</doc>
<status status="PASS" start="2024-12-09T10:54:31.637267" elapsed="0.037132"/>
</kw>
<kw name="Click Element" owner="SeleniumLibrary">
<msg time="2024-12-09T10:54:31.676399" level="INFO">Clicking element 'xpath=//*[@id="mat-checkbox-2"]/label/div'.</msg>
<arg>xpath=${DadosPatrimonio.Check_Docs}</arg>
<doc>Click the element identified by ``locator``.</doc>
<status status="PASS" start="2024-12-09T10:54:31.675399" elapsed="0.151994"/>
</kw>
<kw name="Wait Until Element Is Visible" owner="SeleniumLibrary">
<arg>xpath=${DadosPatrimonio.Check_Privac}</arg>
<arg>10</arg>
<doc>Waits until the element ``locator`` is visible.</doc>
<status status="PASS" start="2024-12-09T10:54:31.827393" elapsed="0.044948"/>
</kw>
<kw name="Click Element" owner="SeleniumLibrary">
<msg time="2024-12-09T10:54:31.873339" level="INFO">Clicking element 'xpath=//*[@id="mat-checkbox-3"]/label/div'.</msg>
<arg>xpath=${DadosPatrimonio.Check_Privac}</arg>
<doc>Click the element identified by ``locator``.</doc>
<status status="PASS" start="2024-12-09T10:54:31.872341" elapsed="0.177299"/>
</kw>
<kw name="Execute Javascript" owner="SeleniumLibrary">
<msg time="2024-12-09T10:54:32.051640" level="INFO">Executing JavaScript:
var div = document.evaluate('//*[@id="step-4"]/div/div/div[2]/div[5]/div/div/div[1]/div', document, null, XPathResult.FIRST_ORDERED_NODE_TYPE, null).singleNodeValue; div.scrollTop = div.scrollHeight;
Without any arguments.</msg>
<arg>var div = document.evaluate('${DadosPatrimonio.Div_Contrato}', document, null, XPathResult.FIRST_ORDERED_NODE_TYPE, null).singleNodeValue; div.scrollTop = div.scrollHeight;</arg>
<doc>Executes the given JavaScript code with possible arguments.</doc>
<status status="PASS" start="2024-12-09T10:54:32.049640" elapsed="0.014998"/>
</kw>
<kw name="Wait Until Element Is Visible" owner="SeleniumLibrary">
<arg>xpath=${DadosPatrimonio.Check_Contrato}</arg>
<arg>10</arg>
<doc>Waits until the element ``locator`` is visible.</doc>
<status status="PASS" start="2024-12-09T10:54:32.064638" elapsed="0.032267"/>
</kw>
<kw name="Click Element" owner="SeleniumLibrary">
<msg time="2024-12-09T10:54:32.097898" level="INFO">Clicking element 'xpath=//*[@id="mat-checkbox-4"]/label/div'.</msg>
<arg>xpath=${DadosPatrimonio.Check_Contrato}</arg>
<doc>Click the element identified by ``locator``.</doc>
<status status="PASS" start="2024-12-09T10:54:32.096905" elapsed="0.207544"/>
</kw>
<kw name="Double Click Element" owner="SeleniumLibrary">
<msg time="2024-12-09T10:54:32.305460" level="INFO">Double clicking element 'xpath=//*[@id="step-4"]/div/div/div[2]/div[6]/div/div/button[2]'.</msg>
<arg>xpath=${DadosPatrimonio.Button_ContinuaPatri}</arg>
<doc>Double clicks the element identified by ``locator``.</doc>
<status status="PASS" start="2024-12-09T10:54:32.304449" elapsed="0.473546"/>
</kw>
<status status="PASS" start="2024-12-09T10:54:28.977042" elapsed="3.800953"/>
</kw>
<kw name="Então fecho o navegador" owner="Login_Steps">
<kw name="Close Browser" owner="SeleniumLibrary">
<doc>Closes the current browser.</doc>
<status status="PASS" start="2024-12-09T10:54:32.779317" elapsed="2.603929"/>
</kw>
<status status="PASS" start="2024-12-09T10:54:32.777995" elapsed="2.605251"/>
</kw>
<var name="${Browser}">edge</var>
<status status="PASS" start="2024-12-09T10:53:56.290802" elapsed="39.092444"/>
</iter>
<var>${Browser}</var>
<value>@{Browsers}</value>
<status status="PASS" start="2024-12-09T10:53:15.030012" elapsed="80.353234"/>
</for>
<status status="PASS" start="2024-12-09T10:53:15.029005" elapsed="80.355241"/>
</test>
<test id="s1-t2" name="TC02.6 - Teste de Cadastro com credenciais válidas (Faca Login)" line="26">
<for flavor="IN">
<iter>
<kw name="Log To Console" owner="BuiltIn">
<arg>\nExecutando teste no navegador: ${Browser}</arg>
<doc>Logs the given message to the console.</doc>
<status status="PASS" start="2024-12-09T10:54:35.387357" elapsed="0.001004"/>
</kw>
<kw name="Dado que acesse o Site no navegador:" owner="Login_Steps">
<kw name="Open Browser" owner="SeleniumLibrary">
<msg time="2024-12-09T10:54:35.389252" level="INFO">Opening browser 'chrome' to base url 'https://www.toroinvestimentos.com.br/'.</msg>
<arg>${URL}</arg>
<arg>${Browser}</arg>
<doc>Opens a new browser instance to the optional ``url``.</doc>
<status status="PASS" start="2024-12-09T10:54:35.388361" elapsed="5.171396"/>
</kw>
<kw name="Wait Until Element Is Visible" owner="SeleniumLibrary">
<arg>xpath=${Home.ButtonAbraSuaConta}</arg>
<arg>10</arg>
<doc>Waits until the element ``locator`` is visible.</doc>
<status status="PASS" start="2024-12-09T10:54:40.559757" elapsed="0.032178"/>
</kw>
<arg>${Browser}</arg>
<status status="PASS" start="2024-12-09T10:54:35.388361" elapsed="5.203574"/>
</kw>
<kw name="E verifico se ha notificações pop up" owner="Login_Steps">
<kw name="Run Keyword And Ignore Error" owner="BuiltIn">
<kw name="Handle Alert" owner="SeleniumLibrary">
<msg time="2024-12-09T10:54:40.592935" level="INFO">HANDLE::&lt;class 'NoneType'&gt;::None</msg>
<msg time="2024-12-09T10:54:45.788811" level="INFO" html="true">&lt;/td&gt;&lt;/tr&gt;&lt;tr&gt;&lt;td colspan="3"&gt;&lt;a href="selenium-screenshot-15.png"&gt;&lt;img src="selenium-screenshot-15.png" width="800px"&gt;&lt;/a&gt;</msg>
<msg time="2024-12-09T10:54:45.789811" level="FAIL">Alert not found in 5 seconds.</msg>
<arg>DISMISS</arg>
<doc>Handles the current alert and returns its message.</doc>
<status status="FAIL" start="2024-12-09T10:54:40.592935" elapsed="5.196876">Alert not found in 5 seconds.</status>
</kw>
<arg>Handle Alert</arg>
<arg>DISMISS</arg>
<doc>Runs the given keyword with the given arguments and ignores possible error.</doc>
<status status="PASS" start="2024-12-09T10:54:40.592935" elapsed="5.197976"/>
</kw>
<status status="PASS" start="2024-12-09T10:54:40.591935" elapsed="5.198976"/>
</kw>
<kw name="Quando entro no login" owner="Login_Steps">
<kw name="Wait Until Element Is Visible" owner="SeleniumLibrary">
[...]
</kw>
<kw name="Input Text" owner="SeleniumLibrary">
<msg time="2024-12-09T10:55:26.045188" level="INFO">Typing text 'Nome Para Teste' into text field 'xpath=//*[@id="name"]'.</msg>
<arg>xpath=${Registro.Input_name}</arg>
<arg>${NomeFake}</arg>
<doc>Types the given ``text`` into the text field identified by ``locator``.</doc>
<status status="PASS" start="2024-12-09T10:55:26.044188" elapsed="0.306589"/>
</kw>
<kw name="Wait Until Element Is Visible" owner="SeleniumLibrary">
<arg>xpath=${Registro.Input_CPF}</arg>
<arg>10</arg>
<doc>Waits until the element ``locator`` is visible.</doc>
<status status="PASS" start="2024-12-09T10:55:26.350777" elapsed="0.036544"/>
</kw>
<kw name="Generate Cpf" owner="CPFGenerator">
<msg time="2024-12-09T10:55:26.388323" level="INFO">${CPFFake} = 250.173.263-40</msg>
<var>${CPFFake}</var>
<status status="PASS" start="2024-12-09T10:55:26.387321" elapsed="0.001002"/>
</kw>
<kw name="Input Text" owner="SeleniumLibrary">
<msg time="2024-12-09T10:55:26.389318" level="INFO">Typing text '250.173.263-40' into text field 'xpath=//*[@id="cpfcnpj"]'.</msg>
<arg>xpath=${Registro.Input_CPF}</arg>
<arg>${CPFFake}</arg>
<doc>Types the given ``text`` into the text field identified by ``locator``.</doc>
<status status="PASS" start="2024-12-09T10:55:26.388323" elapsed="0.385492"/>
</kw>
<kw name="Wait Until Element Is Visible" owner="SeleniumLibrary">
<arg>xpath=${Registro.Input_Email}</arg>
<arg>10</arg>
<doc>Waits until the element ``locator`` is visible.</doc>
<status status="PASS" start="2024-12-09T10:55:26.773815" elapsed="0.036332"/>
</kw>
<kw name="Email" owner="FakerLibrary">
<msg time="2024-12-09T10:55:26.811126" level="INFO">${EmailFake} = joao-felipenogueira@example.net</msg>
<var>${EmailFake}</var>
<status status="PASS" start="2024-12-09T10:55:26.810147" elapsed="0.000979"/>
</kw>
<kw name="Input Text" owner="SeleniumLibrary">
<msg time="2024-12-09T10:55:26.813125" level="INFO">Typing text 'joao-felipenogueira@example.net' into text field 'xpath=//*[@id="email"]'.</msg>
<arg>xpath=${Registro.Input_Email}</arg>
<arg>${EmailFake}</arg>
<doc>Types the given ``text`` into the text field identified by ``locator``.</doc>
<status status="PASS" start="2024-12-09T10:55:26.811126" elapsed="0.345022"/>
</kw>
<kw name="Wait Until Element Is Visible" owner="SeleniumLibrary">
<arg>xpath=${Registro.Input_Senha}</arg>
<arg>10</arg>
<doc>Waits until the element ``locator`` is visible.</doc>
<status status="PASS" start="2024-12-09T10:55:27.157151" elapsed="0.029983"/>
</kw>
<kw name="Input Text" owner="SeleniumLibrary">
<msg time="2024-12-09T10:55:27.189134" level="INFO">Typing text 'Senha123!' into text field 'xpath=//*[@id="password"]'.</msg>
<arg>xpath=${Registro.Input_Senha}</arg>
<arg>${SenhaFake}</arg>
<doc>Types the given ``text`` into the text field identified by ``locator``.</doc>
<status status="PASS" start="2024-12-09T10:55:27.187134" elapsed="0.214073"/>
</kw>
<kw name="Wait Until Element Is Visible" owner="SeleniumLibrary">
<arg>xpath=${Registro.Input_RepitaSenha}</arg>
<arg>10</arg>
<doc>Waits until the element ``locator`` is visible.</doc>
<status status="PASS" start="2024-12-09T10:55:27.402211" elapsed="0.032440"/>
</kw>
<kw name="Input Text" owner="SeleniumLibrary">
<msg time="2024-12-09T10:55:27.436663" level="INFO">Typing text 'Senha123!' into text field 'xpath=//*[@id="rePassword"]'.</msg>
<arg>xpath=${Registro.Input_RepitaSenha}</arg>
<arg>${SenhaFake}</arg>
<doc>Types the given ``text`` into the text field identified by ``locator``.</doc>
<status status="PASS" start="2024-12-09T10:55:27.434651" elapsed="0.238733"/>
</kw>
<status status="PASS" start="2024-12-09T10:55:26.008437" elapsed="1.665948"/>
</kw>
<kw name="Quando Clico em continua (Abra sua Conta)" owner="Login_Steps">
<kw name="Wait Until Element Is Visible" owner="SeleniumLibrary">
<arg>xpath=${Registro.Button_Continua}</arg>
<arg>10</arg>
<doc>Waits until the element ``locator`` is visible.</doc>
<status status="PASS" start="2024-12-09T10:55:27.674385" elapsed="0.035283"/>
</kw>
<kw name="Click Element" owner="SeleniumLibrary">
<msg time="2024-12-09T10:55:27.709668" level="INFO">Clicking element 'xpath=//*[@id="step-1"]/div/div[2]/div[2]/div[8]/div/button'.</msg>
<arg>xpath=${Registro.Button_Continua}</arg>
<doc>Click the element identified by ``locator``.</doc>
<status status="PASS" start="2024-12-09T10:55:27.709668" elapsed="0.234315"/>
</kw>
<status status="PASS" start="2024-12-09T10:55:27.674385" elapsed="0.270593"/>
</kw>
<kw name="E verifico se ha notificações pop up" owner="Login_Steps">
<kw name="Run Keyword And Ignore Error" owner="BuiltIn">
<kw name="Handle Alert" owner="SeleniumLibrary">
<msg time="2024-12-09T10:55:27.946978" level="INFO">HANDLE::&lt;class 'NoneType'&gt;::None</msg>
<msg time="2024-12-09T10:55:33.361907" level="INFO" html="true">&lt;/td&gt;&lt;/tr&gt;&lt;tr&gt;&lt;td colspan="3"&gt;&lt;a href="selenium-screenshot-17.png"&gt;&lt;img src="selenium-screenshot-17.png" width="800px"&gt;&lt;/a&gt;</msg>
<msg time="2024-12-09T10:55:33.362912" level="FAIL">Alert not found in 5 seconds.</msg>
<arg>DISMISS</arg>
<doc>Handles the current alert and returns its message.</doc>
<status status="FAIL" start="2024-12-09T10:55:27.945979" elapsed="5.417925">Alert not found in 5 seconds.</status>
</kw>
<arg>Handle Alert</arg>
<arg>DISMISS</arg>
<doc>Runs the given keyword with the given arguments and ignores possible error.</doc>
<status status="PASS" start="2024-12-09T10:55:27.945979" elapsed="5.418928"/>
</kw>
<status status="PASS" start="2024-12-09T10:55:27.944978" elapsed="5.419929"/>
</kw>
<kw name="Quando preencho os dados pessoais de nascimento" owner="Login_Steps">
<kw name="Wait Until Element Is Visible" owner="SeleniumLibrary">
<arg>xpath=${DadosPessoais.Input_DataNasc}</arg>
<arg>10</arg>
<doc>Waits until the element ``locator`` is visible.</doc>
<status status="PASS" start="2024-12-09T10:55:33.365905" elapsed="0.050419"/>
</kw>
<kw name="Input Text" owner="SeleniumLibrary">
<msg time="2024-12-09T10:55:33.419328" level="INFO">Typing text '01/01/2007' into text field 'xpath=//*[@id="birthDate"]'.</msg>
<arg>xpath=${DadosPessoais.Input_DataNasc}</arg>
<arg>${DataNasc}</arg>
<doc>Types the given ``text`` into the text field identified by ``locator``.</doc>
<status status="PASS" start="2024-12-09T10:55:33.417332" elapsed="0.400340"/>
</kw>
<arg>${MenordeIdade}</arg>
<status status="PASS" start="2024-12-09T10:55:33.364907" elapsed="0.452765"/>
</kw>
<kw name="E aparece o Modal de erro" owner="Login_Steps">
<kw name="Wait Until Element Is Visible" owner="SeleniumLibrary">
<arg>xpath=${DadosPessoais.Modal_data}</arg>
<arg>10</arg>
<doc>Waits until the element ``locator`` is visible.</doc>
<status status="PASS" start="2024-12-09T10:55:33.819101" elapsed="0.039011"/>
</kw>
<status status="PASS" start="2024-12-09T10:55:33.817672" elapsed="0.041440"/>
</kw>
<kw name="Então fecho o navegador" owner="Login_Steps">
<kw name="Close Browser" owner="SeleniumLibrary">
<doc>Closes the current browser.</doc>
<status status="PASS" start="2024-12-09T10:55:33.860113" elapsed="2.408417"/>
</kw>
<status status="PASS" start="2024-12-09T10:55:33.859112" elapsed="2.409418"/>
</kw>
<var name="${Browser}">chrome</var>
<status status="PASS" start="2024-12-09T10:55:16.826876" elapsed="19.441654"/>
</iter>
<iter>
<kw name="Log To Console" owner="BuiltIn">
<arg>\nExecutando teste no navegador: ${Browser}</arg>
<doc>Logs the given message to the console.</doc>
<status status="PASS" start="2024-12-09T10:55:36.269515" elapsed="0.000000"/>
</kw>
<kw name="Dado que acesse o Site no navegador:" owner="Login_Steps">
<kw name="Open Browser" owner="SeleniumLibrary">
<msg time="2024-12-09T10:55:36.270518" level="INFO">Opening browser 'edge' to base url 'https://www.toroinvestimentos.com.br/'.</msg>
<arg>${URL}</arg>
<arg>${Browser}</arg>
<doc>Opens a new browser instance to the optional ``url``.</doc>
<status status="PASS" start="2024-12-09T10:55:36.270518" elapsed="6.455745"/>
</kw>
<kw name="Wait Until Element Is Visible" owner="SeleniumLibrary">
<arg>xpath=${Home.ButtonAbraSuaConta}</arg>
<arg>10</arg>
<doc>Waits until the element ``locator`` is visible.</doc>
<status status="PASS" start="2024-12-09T10:55:42.726263" elapsed="0.030815"/>
</kw>
<arg>${Browser}</arg>
<status status="PASS" start="2024-12-09T10:55:36.270518" elapsed="6.486560"/>
</kw>
<kw name="Quando entro no Cadastro" owner="Login_Steps">
<kw name="Wait Until Element Is Visible" owner="SeleniumLibrary">
<arg>xpath=${Home.ButtonAbraSuaConta}</arg>
<arg>10</arg>
<doc>Waits until the element ``locator`` is visible.</doc>
<status status="PASS" start="2024-12-09T10:55:42.757078" elapsed="0.022000"/>
</kw>
<kw name="Click Element" owner="SeleniumLibrary">
<msg time="2024-12-09T10:55:42.780076" level="INFO">Clicking element 'xpath=//*[@id="__next"]/div[2]/div/div[2]/a[2]'.</msg>
<arg>xpath=${Home.ButtonAbraSuaConta}</arg>
<doc>Click the element identified by ``locator``.</doc>
<status status="PASS" start="2024-12-09T10:55:42.779078" elapsed="0.261322"/>
</kw>
<kw name="Switch Window" owner="SeleniumLibrary">
<arg>title=${TituloCadastro}</arg>
<doc>Switches to browser window matching ``locator``.</doc>
<status status="PASS" start="2024-12-09T10:55:43.040400" elapsed="4.495336"/>
</kw>
<kw name="Wait Until Element Is Visible" owner="SeleniumLibrary">
<arg>xpath=${Registro.Input_name}</arg>
<arg>10</arg>
<doc>Waits until the element ``locator`` is visible.</doc>
<status status="PASS" start="2024-12-09T10:55:47.535736" elapsed="0.026690"/>
</kw>
<status status="PASS" start="2024-12-09T10:55:42.757078" elapsed="4.805348"/>
</kw>
<kw name="Quando preencho o patrimonio" owner="Login_Steps">
<kw name="Click Element" owner="SeleniumLibrary">
<msg time="2024-12-09T10:55:47.564437" level="INFO">Clicking element 'xpath=//*[@id="intentInvest"]'.</msg>
<arg>xpath=${Registro.Selection_patrimonio}</arg>
<doc>Click the element identified by ``locator``.</doc>
<status status="PASS" start="2024-12-09T10:55:47.563435" elapsed="0.147748"/>
</kw>
<kw name="Wait Until Element Is Visible" owner="SeleniumLibrary">
<arg>xpath=${Registro.Selection_patrimonio}</arg>
<arg>10</arg>
<doc>Waits until the element ``locator`` is visible.</doc>
<status status="PASS" start="2024-12-09T10:55:47.711183" elapsed="0.066331"/>
</kw>
<kw name="Click Element" owner="SeleniumLibrary">
<msg time="2024-12-09T10:55:47.779518" level="INFO">Clicking element 'xpath=//*[contains(text(), " Até R$ 5 mil ")]'.</msg>
<arg>xpath=${Registro.Opc_SelecionaValor}</arg>
<doc>Click the element identified by ``locator``.</doc>
<status status="PASS" start="2024-12-09T10:55:47.777514" elapsed="0.130278"/>
</kw>
<status status="PASS" start="2024-12-09T10:55:47.562426" elapsed="0.345366"/>
</kw>
<kw name="Quando preencho o telefone" owner="Login_Steps">
<kw name="Wait Until Element Is Visible" owner="SeleniumLibrary">
<arg>xpath=${Registro.Input_phone}</arg>
<arg>10</arg>
<doc>Waits until the element ``locator`` is visible.</doc>
<status status="PASS" start="2024-12-09T10:55:47.908866" elapsed="0.047746"/>
</kw>
<kw name="Gerador Telefonico" owner="TelefoneGerator">
<msg time="2024-12-09T10:55:47.957619" level="INFO">${TelefoneFake} = 77991619338</msg>
<var>${TelefoneFake}</var>
<status status="PASS" start="2024-12-09T10:55:47.957619" elapsed="0.000000"/>
</kw>
<kw name="Input Text" owner="SeleniumLibrary">
<msg time="2024-12-09T10:55:47.959632" level="INFO">Typing text '77991619338' into text field 'xpath=//*[@id="phoneNumber"]'.</msg>
<arg>xpath=${Registro.Input_phone}</arg>
<arg>${TelefoneFake}</arg>
<doc>Types the given ``text`` into the text field identified by ``locator``.</doc>
<status status="PASS" start="2024-12-09T10:55:47.957619" elapsed="0.304510"/>
</kw>
<status status="PASS" start="2024-12-09T10:55:47.908866" elapsed="0.353263"/>
</kw>
<kw name="Quando preencho o cadastro" owner="Login_Steps">
<kw name="Wait Until Element Is Visible" owner="SeleniumLibrary">
<arg>xpath=${Registro.Input_name}</arg>
<arg>10</arg>
<doc>Waits until the element ``locator`` is visible.</doc>
<status status="PASS" start="2024-12-09T10:55:48.265171" elapsed="0.027733"/>
</kw>
<kw name="Input Text" owner="SeleniumLibrary">
<msg time="2024-12-09T10:55:48.293880" level="INFO">Typing text 'Nome Para Teste' into text field 'xpath=//*[@id="name"]'.</msg>
<arg>xpath=${Registro.Input_name}</arg>
<arg>${NomeFake}</arg>
<doc>Types the given ``text`` into the text field identified by ``locator``.</doc>
<status status="PASS" start="2024-12-09T10:55:48.292904" elapsed="0.284972"/>
</kw>
<kw name="Wait Until Element Is Visible" owner="SeleniumLibrary">
<arg>xpath=${Registro.Input_CPF}</arg>
<arg>10</arg>
<doc>Waits until the element ``locator`` is visible.</doc>
<status status="PASS" start="2024-12-09T10:55:48.579889" elapsed="0.044630"/>
</kw>
<kw name="Generate Cpf" owner="CPFGenerator">
<msg time="2024-12-09T10:55:48.625543" level="INFO">${CPFFake} = 074.399.284-90</msg>
<var>${CPFFake}</var>
<status status="PASS" start="2024-12-09T10:55:48.625543" elapsed="0.000000"/>
</kw>
<kw name="Input Text" owner="SeleniumLibrary">
<msg time="2024-12-09T10:55:48.626542" level="INFO">Typing text '074.399.284-90' into text field 'xpath=//*[@id="cpfcnpj"]'.</msg>
<arg>xpath=${Registro.Input_CPF}</arg>
<arg>${CPFFake}</arg>
<doc>Types the given ``text`` into the text field identified by ``locator``.</doc>
<status status="PASS" start="2024-12-09T10:55:48.625543" elapsed="0.260999"/>
</kw>
<kw name="Wait Until Element Is Visible" owner="SeleniumLibrary">
<arg>xpath=${Registro.Input_Email}</arg>
<arg>10</arg>
<doc>Waits until the element ``locator`` is visible.</doc>
<status status="PASS" start="2024-12-09T10:55:48.886542" elapsed="0.041591"/>
</kw>
<kw name="Email" owner="FakerLibrary">
<msg time="2024-12-09T10:55:48.929136" level="INFO">${EmailFake} = ian74@example.org</msg>
<var>${EmailFake}</var>
<status status="PASS" start="2024-12-09T10:55:48.928133" elapsed="0.001003"/>
</kw>
<kw name="Input Text" owner="SeleniumLibrary">
<msg time="2024-12-09T10:55:48.931435" level="INFO">Typing text 'ian74@example.org' into text field 'xpath=//*[@id="email"]'.</msg>
<arg>xpath=${Registro.Input_Email}</arg>
<arg>${EmailFake}</arg>
<doc>Types the given ``text`` into the text field identified by ``locator``.</doc>
<status status="PASS" start="2024-12-09T10:55:48.930416" elapsed="0.330956"/>
</kw>
<kw name="Wait Until Element Is Visible" owner="SeleniumLibrary">
<arg>xpath=${Registro.Input_Senha}</arg>
<arg>10</arg>
<doc>Waits until the element ``locator`` is visible.</doc>
<status status="PASS" start="2024-12-09T10:55:49.262385" elapsed="0.038265"/>
</kw>
<kw name="Input Text" owner="SeleniumLibrary">
<msg time="2024-12-09T10:55:49.301756" level="INFO">Typing text 'Senha123!' into text field 'xpath=//*[@id="password"]'.</msg>
<arg>xpath=${Registro.Input_Senha}</arg>
<arg>${SenhaFake}</arg>
<doc>Types the given ``text`` into the text field identified by ``locator``.</doc>
<status status="PASS" start="2024-12-09T10:55:49.300650" elapsed="0.317494"/>
</kw>
<kw name="Wait Until Element Is Visible" owner="SeleniumLibrary">
<arg>xpath=${Registro.Input_RepitaSenha}</arg>
<arg>10</arg>
<doc>Waits until the element ``locator`` is visible.</doc>
<status status="PASS" start="2024-12-09T10:55:49.619147" elapsed="0.129537"/>
</kw>
<kw name="Input Text" owner="SeleniumLibrary">
<msg time="2024-12-09T10:55:49.750705" level="INFO">Typing text 'Senha123!' into text field 'xpath=//*[@id="rePassword"]'.</msg>
<arg>xpath=${Registro.Input_RepitaSenha}</arg>
<arg>${SenhaFake}</arg>
<doc>Types the given ``text`` into the text field identified by ``locator``.</doc>
<status status="PASS" start="2024-12-09T10:55:49.749709" elapsed="0.240793"/>
</kw>
<status status="PASS" start="2024-12-09T10:55:48.263131" elapsed="1.727371"/>
</kw>
<kw name="Quando Clico em continua (Abra sua Conta)" owner="Login_Steps">
<kw name="Wait Until Element Is Visible" owner="SeleniumLibrary">
<arg>xpath=${Registro.Button_Continua}</arg>
<arg>10</arg>
<doc>Waits until the element ``locator`` is visible.</doc>
<status status="PASS" start="2024-12-09T10:55:49.991499" elapsed="0.033239"/>
</kw>
<kw name="Click Element" owner="SeleniumLibrary">
<msg time="2024-12-09T10:55:50.026744" level="INFO">Clicking element 'xpath=//*[@id="step-1"]/div/div[2]/div[2]/div[8]/div/button'.</msg>
<arg>xpath=${Registro.Button_Continua}</arg>
<doc>Click the element identified by ``locator``.</doc>
<status status="PASS" start="2024-12-09T10:55:50.024738" elapsed="0.234871"/>
</kw>
<status status="PASS" start="2024-12-09T10:55:49.991499" elapsed="0.268110"/>
</kw>
<kw name="E verifico se ha notificações pop up" owner="Login_Steps">
<kw name="Run Keyword And Ignore Error" owner="BuiltIn">
<kw name="Handle Alert" owner="SeleniumLibrary">
<msg time="2024-12-09T10:55:50.260626" level="INFO">HANDLE::&lt;class 'NoneType'&gt;::None</msg>
<msg time="2024-12-09T10:55:55.659293" level="INFO" html="true">&lt;/td&gt;&lt;/tr&gt;&lt;tr&gt;&lt;td colspan="3"&gt;&lt;a href="selenium-screenshot-18.png"&gt;&lt;img src="selenium-screenshot-18.png" width="800px"&gt;&lt;/a&gt;</msg>
<msg time="2024-12-09T10:55:55.660294" level="FAIL">Alert not found in 5 seconds.</msg>
<arg>DISMISS</arg>
<doc>Handles the current alert and returns its message.</doc>
<status status="FAIL" start="2024-12-09T10:55:50.259609" elapsed="5.400685">Alert not found in 5 seconds.</status>
</kw>
<arg>Handle Alert</arg>
<arg>DISMISS</arg>
<doc>Runs the given keyword with the given arguments and ignores possible error.</doc>
<status status="PASS" start="2024-12-09T10:55:50.259609" elapsed="5.400685"/>
</kw>
<status status="PASS" start="2024-12-09T10:55:50.259609" elapsed="5.401684"/>
</kw>
<kw name="Quando preencho os dados pessoais de nascimento" owner="Login_Steps">
<kw name="Wait Until Element Is Visible" owner="SeleniumLibrary">
<arg>xpath=${DadosPessoais.Input_DataNasc}</arg>
<arg>10</arg>
<doc>Waits until the element ``locator`` is visible.</doc>
<status status="PASS" start="2024-12-09T10:55:55.661293" elapsed="0.024535"/>
</kw>
<kw name="Input Text" owner="SeleniumLibrary">
<msg time="2024-12-09T10:55:55.686828" level="INFO">Typing text '01/01/2007' into text field 'xpath=//*[@id="birthDate"]'.</msg>
<arg>xpath=${DadosPessoais.Input_DataNasc}</arg>
<arg>${DataNasc}</arg>
<doc>Types the given ``text`` into the text field identified by ``locator``.</doc>
<status status="PASS" start="2024-12-09T10:55:55.686828" elapsed="0.228440"/>
</kw>
<arg>${MenordeIdade}</arg>
<status status="PASS" start="2024-12-09T10:55:55.661293" elapsed="0.253975"/>
</kw>
<kw name="E aparece o Modal de erro" owner="Login_Steps">
<kw name="Wait Until Element Is Visible" owner="SeleniumLibrary">
<arg>xpath=${DadosPessoais.Modal_data}</arg>
<arg>10</arg>
<doc>Waits until the element ``locator`` is visible.</doc>
<status status="PASS" start="2024-12-09T10:55:55.916263" elapsed="0.034416"/>
</kw>
<status status="PASS" start="2024-12-09T10:55:55.915268" elapsed="0.035411"/>
</kw>
<kw name="Então fecho o navegador" owner="Login_Steps">
<kw name="Close Browser" owner="SeleniumLibrary">
<doc>Closes the current browser.</doc>
<status status="PASS" start="2024-12-09T10:55:55.951728" elapsed="2.304290"/>
</kw>
<status status="PASS" start="2024-12-09T10:55:55.950679" elapsed="2.305339"/>
</kw>
<var name="${Browser}">edge</var>
<status status="PASS" start="2024-12-09T10:55:36.269515" elapsed="21.986503"/>
</iter>
<var>${Browser}</var>
<value>@{Browsers}</value>
<status status="PASS" start="2024-12-09T10:55:16.825789" elapsed="41.430229"/>
</for>
<status status="PASS" start="2024-12-09T10:55:16.825789" elapsed="41.431230"/>
</test>
<status status="PASS" start="2024-12-09T10:53:13.829421" elapsed="164.428594"/>
</suite>
<statistics>
<total>
<stat pass="3" fail="0" skip="0">All Tests</stat>
</total>
<tag>
</tag>
<suite>
<stat pass="3" fail="0" skip="0" id="s1" name="TC01">TC01</stat>
</suite>
</statistics>
<errors>
</errors>
</robot>
